#
# There is insufficient memory for the Java Runtime Environment to continue.
# Native memory allocation (malloc) failed to allocate 912496 bytes for Chunk::new
# Possible reasons:
#   The system is out of physical RAM or swap space
#   The process is running with CompressedOops enabled, and the Java Heap may be blocking the growth of the native heap
# Possible solutions:
#   Reduce memory load on the system
#   Increase physical memory or swap space
#   Check if swap backing store is full
#   Decrease Java heap size (-Xmx/-Xms)
#   Decrease number of Java threads
#   Decrease Java thread stack sizes (-Xss)
#   Set larger code cache with -XX:ReservedCodeCacheSize=
#   JVM is running with Zero Based Compressed Oops mode in which the Java heap is
#     placed in the first 32GB address space. The Java Heap base address is the
#     maximum limit for the native heap growth. Please use -XX:HeapBaseMinAddress
#     to set the Java Heap base and to place the Java Heap above 32GB virtual address.
# This output file may be truncated or incomplete.
#
#  Out of Memory Error (./src/hotspot/share/memory/arena.cpp:197), pid=18000, tid=18544
#
# JRE version: OpenJDK Runtime Environment Temurin-11.0.16.1+1 (11.0.16.1+1) (build 11.0.16.1+1)
# Java VM: OpenJDK 64-Bit Server VM Temurin-11.0.16.1+1 (11.0.16.1+1, mixed mode, tiered, compressed oops, g1 gc, windows-amd64)
# No core dump will be written. Minidumps are not enabled by default on client versions of Windows
#

---------------  S U M M A R Y ------------

Command Line: -Dfile.encoding=utf8 c:\Users\jumpe\.vscode\extensions\vscjava.vscode-gradle-3.12.5\lib\gradle-language-server.jar

Host: Intel(R) Core(TM) i5-8365U CPU @ 1.60GHz, 8 cores, 23G,  Windows 10 , 64 bit Build 19041 (10.0.19041.1889)
Time: Thu Oct 27 13:40:05 2022 Malay Peninsula Standard Time elapsed time: 5.679749 seconds (0d 0h 0m 5s)

---------------  T H R E A D  ---------------

Current thread (0x0000026f7f07d800):  JavaThread "C2 CompilerThread0" daemon [_thread_in_native, id=18544, stack(0x0000007d60b00000,0x0000007d60c00000)]


Current CompileTask:
C2:   5679 1456       4       groovyjarjarantlr.CharScanner::match (33 bytes)

Stack: [0x0000007d60b00000,0x0000007d60c00000]
Native frames: (J=compiled Java code, j=interpreted, Vv=VM code, C=native code)
V  [jvm.dll+0x61f18a]
V  [jvm.dll+0x7abb09]
V  [jvm.dll+0x7ad1f8]
V  [jvm.dll+0x7ad8d3]
V  [jvm.dll+0x24fc38]
V  [jvm.dll+0xc262c]
V  [jvm.dll+0xc2bec]
V  [jvm.dll+0x2c1ab4]
V  [jvm.dll+0x52e12c]
V  [jvm.dll+0x21118b]
V  [jvm.dll+0x20add4]
V  [jvm.dll+0x207f6b]
V  [jvm.dll+0x18a3a1]
V  [jvm.dll+0x2178e4]
V  [jvm.dll+0x215b2b]
V  [jvm.dll+0x76e610]
V  [jvm.dll+0x767544]
V  [jvm.dll+0x61dff5]
C  [ucrtbase.dll+0x21bb2]
C  [KERNEL32.DLL+0x17034]
C  [ntdll.dll+0x526a1]


---------------  P R O C E S S  ---------------

Threads class SMR info:
_java_thread_list=0x0000026f1b190d70, length=13, elements={
0x0000026f7f017000, 0x0000026f7f018000, 0x0000026f7f074000, 0x0000026f7f075800,
0x0000026f7f078800, 0x0000026f7f07d800, 0x0000026f7f0d8800, 0x0000026f7f0e6000,
0x0000026f7f1fc000, 0x0000026f7f75d000, 0x0000026f6ebab000, 0x0000026f7f2d7000,
0x0000026f1b232000
}

Java Threads: ( => current thread )
  0x0000026f7f017000 JavaThread "Reference Handler" daemon [_thread_blocked, id=21248, stack(0x0000007d60600000,0x0000007d60700000)]
  0x0000026f7f018000 JavaThread "Finalizer" daemon [_thread_blocked, id=15984, stack(0x0000007d60700000,0x0000007d60800000)]
  0x0000026f7f074000 JavaThread "Signal Dispatcher" daemon [_thread_blocked, id=14948, stack(0x0000007d60800000,0x0000007d60900000)]
  0x0000026f7f075800 JavaThread "Attach Listener" daemon [_thread_blocked, id=19572, stack(0x0000007d60900000,0x0000007d60a00000)]
  0x0000026f7f078800 JavaThread "Service Thread" daemon [_thread_blocked, id=13916, stack(0x0000007d60a00000,0x0000007d60b00000)]
=>0x0000026f7f07d800 JavaThread "C2 CompilerThread0" daemon [_thread_in_native, id=18544, stack(0x0000007d60b00000,0x0000007d60c00000)]
  0x0000026f7f0d8800 JavaThread "C1 CompilerThread0" daemon [_thread_blocked, id=14204, stack(0x0000007d60c00000,0x0000007d60d00000)]
  0x0000026f7f0e6000 JavaThread "Sweeper thread" daemon [_thread_blocked, id=21564, stack(0x0000007d60d00000,0x0000007d60e00000)]
  0x0000026f7f1fc000 JavaThread "Common-Cleaner" daemon [_thread_blocked, id=1816, stack(0x0000007d60f00000,0x0000007d61000000)]
  0x0000026f7f75d000 JavaThread "pool-1-thread-1" [_thread_in_Java, id=7948, stack(0x0000007d61000000,0x0000007d61100000)]
  0x0000026f6ebab000 JavaThread "DestroyJavaVM" [_thread_blocked, id=1236, stack(0x0000007d5ff00000,0x0000007d60000000)]
  0x0000026f7f2d7000 JavaThread "C2 CompilerThread1" daemon [_thread_blocked, id=3048, stack(0x0000007d61800000,0x0000007d61900000)]
  0x0000026f1b232000 JavaThread "C2 CompilerThread2" daemon [_thread_blocked, id=2868, stack(0x0000007d61900000,0x0000007d61a00000)]

Other Threads:
  0x0000026f7f015000 VMThread "VM Thread" [stack: 0x0000007d60500000,0x0000007d60600000] [id=15752]
  0x0000026f7f1f7800 WatcherThread [stack: 0x0000007d60e00000,0x0000007d60f00000] [id=13648]
  0x0000026f6ed92000 GCTaskThread "GC Thread#0" [stack: 0x0000007d60000000,0x0000007d60100000] [id=16448]
  0x0000026f1b1dd800 GCTaskThread "GC Thread#1" [stack: 0x0000007d61100000,0x0000007d61200000] [id=20280]
  0x0000026f1b19e800 GCTaskThread "GC Thread#2" [stack: 0x0000007d61200000,0x0000007d61300000] [id=21808]
  0x0000026f1b1e1800 GCTaskThread "GC Thread#3" [stack: 0x0000007d61300000,0x0000007d61400000] [id=21448]
  0x0000026f1ae95800 GCTaskThread "GC Thread#4" [stack: 0x0000007d61400000,0x0000007d61500000] [id=13720]
  0x0000026f1b1d4000 GCTaskThread "GC Thread#5" [stack: 0x0000007d61500000,0x0000007d61600000] [id=20936]
  0x0000026f1b1d5000 GCTaskThread "GC Thread#6" [stack: 0x0000007d61600000,0x0000007d61700000] [id=12468]
  0x0000026f1b21c000 GCTaskThread "GC Thread#7" [stack: 0x0000007d61700000,0x0000007d61800000] [id=18752]
  0x0000026f6ee1a000 ConcurrentGCThread "G1 Main Marker" [stack: 0x0000007d60100000,0x0000007d60200000] [id=14076]
  0x0000026f6ee1d800 ConcurrentGCThread "G1 Conc#0" [stack: 0x0000007d60200000,0x0000007d60300000] [id=10764]
  0x0000026f7e655800 ConcurrentGCThread "G1 Refine#0" [stack: 0x0000007d60300000,0x0000007d60400000] [id=452]
  0x0000026f7e656800 ConcurrentGCThread "G1 Young RemSet Sampling" [stack: 0x0000007d60400000,0x0000007d60500000] [id=1432]

Threads with active compile tasks:
C2 CompilerThread0     5704 1456       4       groovyjarjarantlr.CharScanner::match (33 bytes)

VM state:not at safepoint (normal execution)

VM Mutex/Monitor currently owned by a thread: None

Heap address: 0x0000000684600000, size: 6074 MB, Compressed Oops mode: Zero based, Oop shift amount: 3
Narrow klass base: 0x0000000800000000, Narrow klass shift: 0
Compressed class space size: 1073741824 Address: 0x0000000800000000

Heap:
 garbage-first heap   total 389120K, used 11257K [0x0000000684600000, 0x0000000800000000)
  region size 1024K, 10 young (10240K), 3 survivors (3072K)
 Metaspace       used 17540K, capacity 17786K, committed 17920K, reserved 1064960K
  class space    used 1660K, capacity 1744K, committed 1792K, reserved 1048576K
Heap Regions: E=young(eden), S=young(survivor), O=old, HS=humongous(starts), HC=humongous(continues), CS=collection set, F=free, A=archive, TAMS=top-at-mark-start (previous, next)
|   0|0x0000000684600000, 0x0000000684700000, 0x0000000684700000|100%|HS|  |TAMS 0x0000000684600000, 0x0000000684600000| Complete 
|   1|0x0000000684700000, 0x00000006847fe600, 0x0000000684800000| 99%| O|  |TAMS 0x0000000684700000, 0x0000000684700000| Untracked 
|   2|0x0000000684800000, 0x0000000684800000, 0x0000000684900000|  0%| F|  |TAMS 0x0000000684800000, 0x0000000684800000| Untracked 
|   3|0x0000000684900000, 0x0000000684900000, 0x0000000684a00000|  0%| F|  |TAMS 0x0000000684900000, 0x0000000684900000| Untracked 
|   4|0x0000000684a00000, 0x0000000684a00000, 0x0000000684b00000|  0%| F|  |TAMS 0x0000000684a00000, 0x0000000684a00000| Untracked 
|   5|0x0000000684b00000, 0x0000000684b00000, 0x0000000684c00000|  0%| F|  |TAMS 0x0000000684b00000, 0x0000000684b00000| Untracked 
|   6|0x0000000684c00000, 0x0000000684c00000, 0x0000000684d00000|  0%| F|  |TAMS 0x0000000684c00000, 0x0000000684c00000| Untracked 
|   7|0x0000000684d00000, 0x0000000684d00000, 0x0000000684e00000|  0%| F|  |TAMS 0x0000000684d00000, 0x0000000684d00000| Untracked 
|   8|0x0000000684e00000, 0x0000000684e00000, 0x0000000684f00000|  0%| F|  |TAMS 0x0000000684e00000, 0x0000000684e00000| Untracked 
|   9|0x0000000684f00000, 0x0000000684f00000, 0x0000000685000000|  0%| F|  |TAMS 0x0000000684f00000, 0x0000000684f00000| Untracked 
|  10|0x0000000685000000, 0x0000000685000000, 0x0000000685100000|  0%| F|  |TAMS 0x0000000685000000, 0x0000000685000000| Untracked 
|  11|0x0000000685100000, 0x0000000685100000, 0x0000000685200000|  0%| F|  |TAMS 0x0000000685100000, 0x0000000685100000| Untracked 
|  12|0x0000000685200000, 0x0000000685200000, 0x0000000685300000|  0%| F|  |TAMS 0x0000000685200000, 0x0000000685200000| Untracked 
|  13|0x0000000685300000, 0x0000000685300000, 0x0000000685400000|  0%| F|  |TAMS 0x0000000685300000, 0x0000000685300000| Untracked 
|  14|0x0000000685400000, 0x0000000685400000, 0x0000000685500000|  0%| F|  |TAMS 0x0000000685400000, 0x0000000685400000| Untracked 
|  15|0x0000000685500000, 0x0000000685500000, 0x0000000685600000|  0%| F|  |TAMS 0x0000000685500000, 0x0000000685500000| Untracked 
|  16|0x0000000685600000, 0x0000000685600000, 0x0000000685700000|  0%| F|  |TAMS 0x0000000685600000, 0x0000000685600000| Untracked 
|  17|0x0000000685700000, 0x0000000685700000, 0x0000000685800000|  0%| F|  |TAMS 0x0000000685700000, 0x0000000685700000| Untracked 
|  18|0x0000000685800000, 0x0000000685800000, 0x0000000685900000|  0%| F|  |TAMS 0x0000000685800000, 0x0000000685800000| Untracked 
|  19|0x0000000685900000, 0x0000000685900000, 0x0000000685a00000|  0%| F|  |TAMS 0x0000000685900000, 0x0000000685900000| Untracked 
|  20|0x0000000685a00000, 0x0000000685a00000, 0x0000000685b00000|  0%| F|  |TAMS 0x0000000685a00000, 0x0000000685a00000| Untracked 
|  21|0x0000000685b00000, 0x0000000685b00000, 0x0000000685c00000|  0%| F|  |TAMS 0x0000000685b00000, 0x0000000685b00000| Untracked 
|  22|0x0000000685c00000, 0x0000000685c00000, 0x0000000685d00000|  0%| F|  |TAMS 0x0000000685c00000, 0x0000000685c00000| Untracked 
|  23|0x0000000685d00000, 0x0000000685d00000, 0x0000000685e00000|  0%| F|  |TAMS 0x0000000685d00000, 0x0000000685d00000| Untracked 
|  24|0x0000000685e00000, 0x0000000685e00000, 0x0000000685f00000|  0%| F|  |TAMS 0x0000000685e00000, 0x0000000685e00000| Untracked 
|  25|0x0000000685f00000, 0x0000000685f00000, 0x0000000686000000|  0%| F|  |TAMS 0x0000000685f00000, 0x0000000685f00000| Untracked 
|  26|0x0000000686000000, 0x0000000686000000, 0x0000000686100000|  0%| F|  |TAMS 0x0000000686000000, 0x0000000686000000| Untracked 
|  27|0x0000000686100000, 0x0000000686100000, 0x0000000686200000|  0%| F|  |TAMS 0x0000000686100000, 0x0000000686100000| Untracked 
|  28|0x0000000686200000, 0x0000000686200000, 0x0000000686300000|  0%| F|  |TAMS 0x0000000686200000, 0x0000000686200000| Untracked 
|  29|0x0000000686300000, 0x0000000686300000, 0x0000000686400000|  0%| F|  |TAMS 0x0000000686300000, 0x0000000686300000| Untracked 
|  30|0x0000000686400000, 0x0000000686400000, 0x0000000686500000|  0%| F|  |TAMS 0x0000000686400000, 0x0000000686400000| Untracked 
|  31|0x0000000686500000, 0x0000000686500000, 0x0000000686600000|  0%| F|  |TAMS 0x0000000686500000, 0x0000000686500000| Untracked 
|  32|0x0000000686600000, 0x0000000686600000, 0x0000000686700000|  0%| F|  |TAMS 0x0000000686600000, 0x0000000686600000| Untracked 
|  33|0x0000000686700000, 0x0000000686700000, 0x0000000686800000|  0%| F|  |TAMS 0x0000000686700000, 0x0000000686700000| Untracked 
|  34|0x0000000686800000, 0x0000000686800000, 0x0000000686900000|  0%| F|  |TAMS 0x0000000686800000, 0x0000000686800000| Untracked 
|  35|0x0000000686900000, 0x0000000686900000, 0x0000000686a00000|  0%| F|  |TAMS 0x0000000686900000, 0x0000000686900000| Untracked 
|  36|0x0000000686a00000, 0x0000000686a00000, 0x0000000686b00000|  0%| F|  |TAMS 0x0000000686a00000, 0x0000000686a00000| Untracked 
|  37|0x0000000686b00000, 0x0000000686b00000, 0x0000000686c00000|  0%| F|  |TAMS 0x0000000686b00000, 0x0000000686b00000| Untracked 
|  38|0x0000000686c00000, 0x0000000686c00000, 0x0000000686d00000|  0%| F|  |TAMS 0x0000000686c00000, 0x0000000686c00000| Untracked 
|  39|0x0000000686d00000, 0x0000000686d00000, 0x0000000686e00000|  0%| F|  |TAMS 0x0000000686d00000, 0x0000000686d00000| Untracked 
|  40|0x0000000686e00000, 0x0000000686e00000, 0x0000000686f00000|  0%| F|  |TAMS 0x0000000686e00000, 0x0000000686e00000| Untracked 
|  41|0x0000000686f00000, 0x0000000686f00000, 0x0000000687000000|  0%| F|  |TAMS 0x0000000686f00000, 0x0000000686f00000| Untracked 
|  42|0x0000000687000000, 0x0000000687000000, 0x0000000687100000|  0%| F|  |TAMS 0x0000000687000000, 0x0000000687000000| Untracked 
|  43|0x0000000687100000, 0x0000000687100000, 0x0000000687200000|  0%| F|  |TAMS 0x0000000687100000, 0x0000000687100000| Untracked 
|  44|0x0000000687200000, 0x0000000687200000, 0x0000000687300000|  0%| F|  |TAMS 0x0000000687200000, 0x0000000687200000| Untracked 
|  45|0x0000000687300000, 0x0000000687300000, 0x0000000687400000|  0%| F|  |TAMS 0x0000000687300000, 0x0000000687300000| Untracked 
|  46|0x0000000687400000, 0x0000000687400000, 0x0000000687500000|  0%| F|  |TAMS 0x0000000687400000, 0x0000000687400000| Untracked 
|  47|0x0000000687500000, 0x0000000687500000, 0x0000000687600000|  0%| F|  |TAMS 0x0000000687500000, 0x0000000687500000| Untracked 
|  48|0x0000000687600000, 0x0000000687600000, 0x0000000687700000|  0%| F|  |TAMS 0x0000000687600000, 0x0000000687600000| Untracked 
|  49|0x0000000687700000, 0x0000000687700000, 0x0000000687800000|  0%| F|  |TAMS 0x0000000687700000, 0x0000000687700000| Untracked 
|  50|0x0000000687800000, 0x0000000687800000, 0x0000000687900000|  0%| F|  |TAMS 0x0000000687800000, 0x0000000687800000| Untracked 
|  51|0x0000000687900000, 0x0000000687900000, 0x0000000687a00000|  0%| F|  |TAMS 0x0000000687900000, 0x0000000687900000| Untracked 
|  52|0x0000000687a00000, 0x0000000687a00000, 0x0000000687b00000|  0%| F|  |TAMS 0x0000000687a00000, 0x0000000687a00000| Untracked 
|  53|0x0000000687b00000, 0x0000000687b00000, 0x0000000687c00000|  0%| F|  |TAMS 0x0000000687b00000, 0x0000000687b00000| Untracked 
|  54|0x0000000687c00000, 0x0000000687c00000, 0x0000000687d00000|  0%| F|  |TAMS 0x0000000687c00000, 0x0000000687c00000| Untracked 
|  55|0x0000000687d00000, 0x0000000687d00000, 0x0000000687e00000|  0%| F|  |TAMS 0x0000000687d00000, 0x0000000687d00000| Untracked 
|  56|0x0000000687e00000, 0x0000000687e00000, 0x0000000687f00000|  0%| F|  |TAMS 0x0000000687e00000, 0x0000000687e00000| Untracked 
|  57|0x0000000687f00000, 0x0000000687f00000, 0x0000000688000000|  0%| F|  |TAMS 0x0000000687f00000, 0x0000000687f00000| Untracked 
|  58|0x0000000688000000, 0x0000000688000000, 0x0000000688100000|  0%| F|  |TAMS 0x0000000688000000, 0x0000000688000000| Untracked 
|  59|0x0000000688100000, 0x0000000688100000, 0x0000000688200000|  0%| F|  |TAMS 0x0000000688100000, 0x0000000688100000| Untracked 
|  60|0x0000000688200000, 0x0000000688200000, 0x0000000688300000|  0%| F|  |TAMS 0x0000000688200000, 0x0000000688200000| Untracked 
|  61|0x0000000688300000, 0x0000000688300000, 0x0000000688400000|  0%| F|  |TAMS 0x0000000688300000, 0x0000000688300000| Untracked 
|  62|0x0000000688400000, 0x0000000688400000, 0x0000000688500000|  0%| F|  |TAMS 0x0000000688400000, 0x0000000688400000| Untracked 
|  63|0x0000000688500000, 0x0000000688500000, 0x0000000688600000|  0%| F|  |TAMS 0x0000000688500000, 0x0000000688500000| Untracked 
|  64|0x0000000688600000, 0x0000000688600000, 0x0000000688700000|  0%| F|  |TAMS 0x0000000688600000, 0x0000000688600000| Untracked 
|  65|0x0000000688700000, 0x0000000688700000, 0x0000000688800000|  0%| F|  |TAMS 0x0000000688700000, 0x0000000688700000| Untracked 
|  66|0x0000000688800000, 0x0000000688800000, 0x0000000688900000|  0%| F|  |TAMS 0x0000000688800000, 0x0000000688800000| Untracked 
|  67|0x0000000688900000, 0x0000000688900000, 0x0000000688a00000|  0%| F|  |TAMS 0x0000000688900000, 0x0000000688900000| Untracked 
|  68|0x0000000688a00000, 0x0000000688a00000, 0x0000000688b00000|  0%| F|  |TAMS 0x0000000688a00000, 0x0000000688a00000| Untracked 
|  69|0x0000000688b00000, 0x0000000688b00000, 0x0000000688c00000|  0%| F|  |TAMS 0x0000000688b00000, 0x0000000688b00000| Untracked 
|  70|0x0000000688c00000, 0x0000000688c00000, 0x0000000688d00000|  0%| F|  |TAMS 0x0000000688c00000, 0x0000000688c00000| Untracked 
|  71|0x0000000688d00000, 0x0000000688d00000, 0x0000000688e00000|  0%| F|  |TAMS 0x0000000688d00000, 0x0000000688d00000| Untracked 
|  72|0x0000000688e00000, 0x0000000688e00000, 0x0000000688f00000|  0%| F|  |TAMS 0x0000000688e00000, 0x0000000688e00000| Untracked 
|  73|0x0000000688f00000, 0x0000000688f00000, 0x0000000689000000|  0%| F|  |TAMS 0x0000000688f00000, 0x0000000688f00000| Untracked 
|  74|0x0000000689000000, 0x0000000689000000, 0x0000000689100000|  0%| F|  |TAMS 0x0000000689000000, 0x0000000689000000| Untracked 
|  75|0x0000000689100000, 0x0000000689100000, 0x0000000689200000|  0%| F|  |TAMS 0x0000000689100000, 0x0000000689100000| Untracked 
|  76|0x0000000689200000, 0x0000000689200000, 0x0000000689300000|  0%| F|  |TAMS 0x0000000689200000, 0x0000000689200000| Untracked 
|  77|0x0000000689300000, 0x0000000689300000, 0x0000000689400000|  0%| F|  |TAMS 0x0000000689300000, 0x0000000689300000| Untracked 
|  78|0x0000000689400000, 0x0000000689400000, 0x0000000689500000|  0%| F|  |TAMS 0x0000000689400000, 0x0000000689400000| Untracked 
|  79|0x0000000689500000, 0x0000000689500000, 0x0000000689600000|  0%| F|  |TAMS 0x0000000689500000, 0x0000000689500000| Untracked 
|  80|0x0000000689600000, 0x0000000689600000, 0x0000000689700000|  0%| F|  |TAMS 0x0000000689600000, 0x0000000689600000| Untracked 
|  81|0x0000000689700000, 0x0000000689700000, 0x0000000689800000|  0%| F|  |TAMS 0x0000000689700000, 0x0000000689700000| Untracked 
|  82|0x0000000689800000, 0x0000000689800000, 0x0000000689900000|  0%| F|  |TAMS 0x0000000689800000, 0x0000000689800000| Untracked 
|  83|0x0000000689900000, 0x0000000689900000, 0x0000000689a00000|  0%| F|  |TAMS 0x0000000689900000, 0x0000000689900000| Untracked 
|  84|0x0000000689a00000, 0x0000000689a00000, 0x0000000689b00000|  0%| F|  |TAMS 0x0000000689a00000, 0x0000000689a00000| Untracked 
|  85|0x0000000689b00000, 0x0000000689b00000, 0x0000000689c00000|  0%| F|  |TAMS 0x0000000689b00000, 0x0000000689b00000| Untracked 
|  86|0x0000000689c00000, 0x0000000689c00000, 0x0000000689d00000|  0%| F|  |TAMS 0x0000000689c00000, 0x0000000689c00000| Untracked 
|  87|0x0000000689d00000, 0x0000000689d00000, 0x0000000689e00000|  0%| F|  |TAMS 0x0000000689d00000, 0x0000000689d00000| Untracked 
|  88|0x0000000689e00000, 0x0000000689e00000, 0x0000000689f00000|  0%| F|  |TAMS 0x0000000689e00000, 0x0000000689e00000| Untracked 
|  89|0x0000000689f00000, 0x0000000689f00000, 0x000000068a000000|  0%| F|  |TAMS 0x0000000689f00000, 0x0000000689f00000| Untracked 
|  90|0x000000068a000000, 0x000000068a000000, 0x000000068a100000|  0%| F|  |TAMS 0x000000068a000000, 0x000000068a000000| Untracked 
|  91|0x000000068a100000, 0x000000068a100000, 0x000000068a200000|  0%| F|  |TAMS 0x000000068a100000, 0x000000068a100000| Untracked 
|  92|0x000000068a200000, 0x000000068a200000, 0x000000068a300000|  0%| F|  |TAMS 0x000000068a200000, 0x000000068a200000| Untracked 
|  93|0x000000068a300000, 0x000000068a300000, 0x000000068a400000|  0%| F|  |TAMS 0x000000068a300000, 0x000000068a300000| Untracked 
|  94|0x000000068a400000, 0x000000068a400000, 0x000000068a500000|  0%| F|  |TAMS 0x000000068a400000, 0x000000068a400000| Untracked 
|  95|0x000000068a500000, 0x000000068a500000, 0x000000068a600000|  0%| F|  |TAMS 0x000000068a500000, 0x000000068a500000| Untracked 
|  96|0x000000068a600000, 0x000000068a600000, 0x000000068a700000|  0%| F|  |TAMS 0x000000068a600000, 0x000000068a600000| Untracked 
|  97|0x000000068a700000, 0x000000068a700000, 0x000000068a800000|  0%| F|  |TAMS 0x000000068a700000, 0x000000068a700000| Untracked 
|  98|0x000000068a800000, 0x000000068a800000, 0x000000068a900000|  0%| F|  |TAMS 0x000000068a800000, 0x000000068a800000| Untracked 
|  99|0x000000068a900000, 0x000000068a900000, 0x000000068aa00000|  0%| F|  |TAMS 0x000000068a900000, 0x000000068a900000| Untracked 
| 100|0x000000068aa00000, 0x000000068aa00000, 0x000000068ab00000|  0%| F|  |TAMS 0x000000068aa00000, 0x000000068aa00000| Untracked 
| 101|0x000000068ab00000, 0x000000068ab00000, 0x000000068ac00000|  0%| F|  |TAMS 0x000000068ab00000, 0x000000068ab00000| Untracked 
| 102|0x000000068ac00000, 0x000000068ac00000, 0x000000068ad00000|  0%| F|  |TAMS 0x000000068ac00000, 0x000000068ac00000| Untracked 
| 103|0x000000068ad00000, 0x000000068ad00000, 0x000000068ae00000|  0%| F|  |TAMS 0x000000068ad00000, 0x000000068ad00000| Untracked 
| 104|0x000000068ae00000, 0x000000068ae00000, 0x000000068af00000|  0%| F|  |TAMS 0x000000068ae00000, 0x000000068ae00000| Untracked 
| 105|0x000000068af00000, 0x000000068af00000, 0x000000068b000000|  0%| F|  |TAMS 0x000000068af00000, 0x000000068af00000| Untracked 
| 106|0x000000068b000000, 0x000000068b000000, 0x000000068b100000|  0%| F|  |TAMS 0x000000068b000000, 0x000000068b000000| Untracked 
| 107|0x000000068b100000, 0x000000068b100000, 0x000000068b200000|  0%| F|  |TAMS 0x000000068b100000, 0x000000068b100000| Untracked 
| 108|0x000000068b200000, 0x000000068b200000, 0x000000068b300000|  0%| F|  |TAMS 0x000000068b200000, 0x000000068b200000| Untracked 
| 109|0x000000068b300000, 0x000000068b300000, 0x000000068b400000|  0%| F|  |TAMS 0x000000068b300000, 0x000000068b300000| Untracked 
| 110|0x000000068b400000, 0x000000068b400000, 0x000000068b500000|  0%| F|  |TAMS 0x000000068b400000, 0x000000068b400000| Untracked 
| 111|0x000000068b500000, 0x000000068b500000, 0x000000068b600000|  0%| F|  |TAMS 0x000000068b500000, 0x000000068b500000| Untracked 
| 112|0x000000068b600000, 0x000000068b600000, 0x000000068b700000|  0%| F|  |TAMS 0x000000068b600000, 0x000000068b600000| Untracked 
| 113|0x000000068b700000, 0x000000068b700000, 0x000000068b800000|  0%| F|  |TAMS 0x000000068b700000, 0x000000068b700000| Untracked 
| 114|0x000000068b800000, 0x000000068b800000, 0x000000068b900000|  0%| F|  |TAMS 0x000000068b800000, 0x000000068b800000| Untracked 
| 115|0x000000068b900000, 0x000000068b900000, 0x000000068ba00000|  0%| F|  |TAMS 0x000000068b900000, 0x000000068b900000| Untracked 
| 116|0x000000068ba00000, 0x000000068ba00000, 0x000000068bb00000|  0%| F|  |TAMS 0x000000068ba00000, 0x000000068ba00000| Untracked 
| 117|0x000000068bb00000, 0x000000068bb00000, 0x000000068bc00000|  0%| F|  |TAMS 0x000000068bb00000, 0x000000068bb00000| Untracked 
| 118|0x000000068bc00000, 0x000000068bc00000, 0x000000068bd00000|  0%| F|  |TAMS 0x000000068bc00000, 0x000000068bc00000| Untracked 
| 119|0x000000068bd00000, 0x000000068bd00000, 0x000000068be00000|  0%| F|  |TAMS 0x000000068bd00000, 0x000000068bd00000| Untracked 
| 120|0x000000068be00000, 0x000000068be00000, 0x000000068bf00000|  0%| F|  |TAMS 0x000000068be00000, 0x000000068be00000| Untracked 
| 121|0x000000068bf00000, 0x000000068bf00000, 0x000000068c000000|  0%| F|  |TAMS 0x000000068bf00000, 0x000000068bf00000| Untracked 
| 122|0x000000068c000000, 0x000000068c000000, 0x000000068c100000|  0%| F|  |TAMS 0x000000068c000000, 0x000000068c000000| Untracked 
| 123|0x000000068c100000, 0x000000068c100000, 0x000000068c200000|  0%| F|  |TAMS 0x000000068c100000, 0x000000068c100000| Untracked 
| 124|0x000000068c200000, 0x000000068c200000, 0x000000068c300000|  0%| F|  |TAMS 0x000000068c200000, 0x000000068c200000| Untracked 
| 125|0x000000068c300000, 0x000000068c300000, 0x000000068c400000|  0%| F|  |TAMS 0x000000068c300000, 0x000000068c300000| Untracked 
| 126|0x000000068c400000, 0x000000068c400000, 0x000000068c500000|  0%| F|  |TAMS 0x000000068c400000, 0x000000068c400000| Untracked 
| 127|0x000000068c500000, 0x000000068c500000, 0x000000068c600000|  0%| F|  |TAMS 0x000000068c500000, 0x000000068c500000| Untracked 
| 128|0x000000068c600000, 0x000000068c600000, 0x000000068c700000|  0%| F|  |TAMS 0x000000068c600000, 0x000000068c600000| Untracked 
| 129|0x000000068c700000, 0x000000068c700000, 0x000000068c800000|  0%| F|  |TAMS 0x000000068c700000, 0x000000068c700000| Untracked 
| 130|0x000000068c800000, 0x000000068c800000, 0x000000068c900000|  0%| F|  |TAMS 0x000000068c800000, 0x000000068c800000| Untracked 
| 131|0x000000068c900000, 0x000000068c900000, 0x000000068ca00000|  0%| F|  |TAMS 0x000000068c900000, 0x000000068c900000| Untracked 
| 132|0x000000068ca00000, 0x000000068ca00000, 0x000000068cb00000|  0%| F|  |TAMS 0x000000068ca00000, 0x000000068ca00000| Untracked 
| 133|0x000000068cb00000, 0x000000068cb00000, 0x000000068cc00000|  0%| F|  |TAMS 0x000000068cb00000, 0x000000068cb00000| Untracked 
| 134|0x000000068cc00000, 0x000000068cc00000, 0x000000068cd00000|  0%| F|  |TAMS 0x000000068cc00000, 0x000000068cc00000| Untracked 
| 135|0x000000068cd00000, 0x000000068cd00000, 0x000000068ce00000|  0%| F|  |TAMS 0x000000068cd00000, 0x000000068cd00000| Untracked 
| 136|0x000000068ce00000, 0x000000068ce00000, 0x000000068cf00000|  0%| F|  |TAMS 0x000000068ce00000, 0x000000068ce00000| Untracked 
| 137|0x000000068cf00000, 0x000000068cf00000, 0x000000068d000000|  0%| F|  |TAMS 0x000000068cf00000, 0x000000068cf00000| Untracked 
| 138|0x000000068d000000, 0x000000068d000000, 0x000000068d100000|  0%| F|  |TAMS 0x000000068d000000, 0x000000068d000000| Untracked 
| 139|0x000000068d100000, 0x000000068d100000, 0x000000068d200000|  0%| F|  |TAMS 0x000000068d100000, 0x000000068d100000| Untracked 
| 140|0x000000068d200000, 0x000000068d200000, 0x000000068d300000|  0%| F|  |TAMS 0x000000068d200000, 0x000000068d200000| Untracked 
| 141|0x000000068d300000, 0x000000068d300000, 0x000000068d400000|  0%| F|  |TAMS 0x000000068d300000, 0x000000068d300000| Untracked 
| 142|0x000000068d400000, 0x000000068d400000, 0x000000068d500000|  0%| F|  |TAMS 0x000000068d400000, 0x000000068d400000| Untracked 
| 143|0x000000068d500000, 0x000000068d500000, 0x000000068d600000|  0%| F|  |TAMS 0x000000068d500000, 0x000000068d500000| Untracked 
| 144|0x000000068d600000, 0x000000068d600000, 0x000000068d700000|  0%| F|  |TAMS 0x000000068d600000, 0x000000068d600000| Untracked 
| 145|0x000000068d700000, 0x000000068d700000, 0x000000068d800000|  0%| F|  |TAMS 0x000000068d700000, 0x000000068d700000| Untracked 
| 146|0x000000068d800000, 0x000000068d800000, 0x000000068d900000|  0%| F|  |TAMS 0x000000068d800000, 0x000000068d800000| Untracked 
| 147|0x000000068d900000, 0x000000068d900000, 0x000000068da00000|  0%| F|  |TAMS 0x000000068d900000, 0x000000068d900000| Untracked 
| 148|0x000000068da00000, 0x000000068da00000, 0x000000068db00000|  0%| F|  |TAMS 0x000000068da00000, 0x000000068da00000| Untracked 
| 149|0x000000068db00000, 0x000000068db00000, 0x000000068dc00000|  0%| F|  |TAMS 0x000000068db00000, 0x000000068db00000| Untracked 
| 150|0x000000068dc00000, 0x000000068dc00000, 0x000000068dd00000|  0%| F|  |TAMS 0x000000068dc00000, 0x000000068dc00000| Untracked 
| 151|0x000000068dd00000, 0x000000068dd00000, 0x000000068de00000|  0%| F|  |TAMS 0x000000068dd00000, 0x000000068dd00000| Untracked 
| 152|0x000000068de00000, 0x000000068de00000, 0x000000068df00000|  0%| F|  |TAMS 0x000000068de00000, 0x000000068de00000| Untracked 
| 153|0x000000068df00000, 0x000000068df00000, 0x000000068e000000|  0%| F|  |TAMS 0x000000068df00000, 0x000000068df00000| Untracked 
| 154|0x000000068e000000, 0x000000068e000000, 0x000000068e100000|  0%| F|  |TAMS 0x000000068e000000, 0x000000068e000000| Untracked 
| 155|0x000000068e100000, 0x000000068e100000, 0x000000068e200000|  0%| F|  |TAMS 0x000000068e100000, 0x000000068e100000| Untracked 
| 156|0x000000068e200000, 0x000000068e200000, 0x000000068e300000|  0%| F|  |TAMS 0x000000068e200000, 0x000000068e200000| Untracked 
| 157|0x000000068e300000, 0x000000068e300000, 0x000000068e400000|  0%| F|  |TAMS 0x000000068e300000, 0x000000068e300000| Untracked 
| 158|0x000000068e400000, 0x000000068e400000, 0x000000068e500000|  0%| F|  |TAMS 0x000000068e400000, 0x000000068e400000| Untracked 
| 159|0x000000068e500000, 0x000000068e500000, 0x000000068e600000|  0%| F|  |TAMS 0x000000068e500000, 0x000000068e500000| Untracked 
| 160|0x000000068e600000, 0x000000068e600000, 0x000000068e700000|  0%| F|  |TAMS 0x000000068e600000, 0x000000068e600000| Untracked 
| 161|0x000000068e700000, 0x000000068e700000, 0x000000068e800000|  0%| F|  |TAMS 0x000000068e700000, 0x000000068e700000| Untracked 
| 162|0x000000068e800000, 0x000000068e800000, 0x000000068e900000|  0%| F|  |TAMS 0x000000068e800000, 0x000000068e800000| Untracked 
| 163|0x000000068e900000, 0x000000068e900000, 0x000000068ea00000|  0%| F|  |TAMS 0x000000068e900000, 0x000000068e900000| Untracked 
| 164|0x000000068ea00000, 0x000000068ea00000, 0x000000068eb00000|  0%| F|  |TAMS 0x000000068ea00000, 0x000000068ea00000| Untracked 
| 165|0x000000068eb00000, 0x000000068eb00000, 0x000000068ec00000|  0%| F|  |TAMS 0x000000068eb00000, 0x000000068eb00000| Untracked 
| 166|0x000000068ec00000, 0x000000068ec00000, 0x000000068ed00000|  0%| F|  |TAMS 0x000000068ec00000, 0x000000068ec00000| Untracked 
| 167|0x000000068ed00000, 0x000000068ed00000, 0x000000068ee00000|  0%| F|  |TAMS 0x000000068ed00000, 0x000000068ed00000| Untracked 
| 168|0x000000068ee00000, 0x000000068ee00000, 0x000000068ef00000|  0%| F|  |TAMS 0x000000068ee00000, 0x000000068ee00000| Untracked 
| 169|0x000000068ef00000, 0x000000068ef00000, 0x000000068f000000|  0%| F|  |TAMS 0x000000068ef00000, 0x000000068ef00000| Untracked 
| 170|0x000000068f000000, 0x000000068f000000, 0x000000068f100000|  0%| F|  |TAMS 0x000000068f000000, 0x000000068f000000| Untracked 
| 171|0x000000068f100000, 0x000000068f100000, 0x000000068f200000|  0%| F|  |TAMS 0x000000068f100000, 0x000000068f100000| Untracked 
| 172|0x000000068f200000, 0x000000068f200000, 0x000000068f300000|  0%| F|  |TAMS 0x000000068f200000, 0x000000068f200000| Untracked 
| 173|0x000000068f300000, 0x000000068f300000, 0x000000068f400000|  0%| F|  |TAMS 0x000000068f300000, 0x000000068f300000| Untracked 
| 174|0x000000068f400000, 0x000000068f400000, 0x000000068f500000|  0%| F|  |TAMS 0x000000068f400000, 0x000000068f400000| Untracked 
| 175|0x000000068f500000, 0x000000068f500000, 0x000000068f600000|  0%| F|  |TAMS 0x000000068f500000, 0x000000068f500000| Untracked 
| 176|0x000000068f600000, 0x000000068f600000, 0x000000068f700000|  0%| F|  |TAMS 0x000000068f600000, 0x000000068f600000| Untracked 
| 177|0x000000068f700000, 0x000000068f700000, 0x000000068f800000|  0%| F|  |TAMS 0x000000068f700000, 0x000000068f700000| Untracked 
| 178|0x000000068f800000, 0x000000068f800000, 0x000000068f900000|  0%| F|  |TAMS 0x000000068f800000, 0x000000068f800000| Untracked 
| 179|0x000000068f900000, 0x000000068f900000, 0x000000068fa00000|  0%| F|  |TAMS 0x000000068f900000, 0x000000068f900000| Untracked 
| 180|0x000000068fa00000, 0x000000068fa00000, 0x000000068fb00000|  0%| F|  |TAMS 0x000000068fa00000, 0x000000068fa00000| Untracked 
| 181|0x000000068fb00000, 0x000000068fb00000, 0x000000068fc00000|  0%| F|  |TAMS 0x000000068fb00000, 0x000000068fb00000| Untracked 
| 182|0x000000068fc00000, 0x000000068fc00000, 0x000000068fd00000|  0%| F|  |TAMS 0x000000068fc00000, 0x000000068fc00000| Untracked 
| 183|0x000000068fd00000, 0x000000068fd00000, 0x000000068fe00000|  0%| F|  |TAMS 0x000000068fd00000, 0x000000068fd00000| Untracked 
| 184|0x000000068fe00000, 0x000000068fe00000, 0x000000068ff00000|  0%| F|  |TAMS 0x000000068fe00000, 0x000000068fe00000| Untracked 
| 185|0x000000068ff00000, 0x000000068ff00000, 0x0000000690000000|  0%| F|  |TAMS 0x000000068ff00000, 0x000000068ff00000| Untracked 
| 186|0x0000000690000000, 0x0000000690000000, 0x0000000690100000|  0%| F|  |TAMS 0x0000000690000000, 0x0000000690000000| Untracked 
| 187|0x0000000690100000, 0x0000000690100000, 0x0000000690200000|  0%| F|  |TAMS 0x0000000690100000, 0x0000000690100000| Untracked 
| 188|0x0000000690200000, 0x0000000690200000, 0x0000000690300000|  0%| F|  |TAMS 0x0000000690200000, 0x0000000690200000| Untracked 
| 189|0x0000000690300000, 0x0000000690300000, 0x0000000690400000|  0%| F|  |TAMS 0x0000000690300000, 0x0000000690300000| Untracked 
| 190|0x0000000690400000, 0x0000000690400000, 0x0000000690500000|  0%| F|  |TAMS 0x0000000690400000, 0x0000000690400000| Untracked 
| 191|0x0000000690500000, 0x0000000690500000, 0x0000000690600000|  0%| F|  |TAMS 0x0000000690500000, 0x0000000690500000| Untracked 
| 192|0x0000000690600000, 0x0000000690600000, 0x0000000690700000|  0%| F|  |TAMS 0x0000000690600000, 0x0000000690600000| Untracked 
| 193|0x0000000690700000, 0x0000000690700000, 0x0000000690800000|  0%| F|  |TAMS 0x0000000690700000, 0x0000000690700000| Untracked 
| 194|0x0000000690800000, 0x0000000690800000, 0x0000000690900000|  0%| F|  |TAMS 0x0000000690800000, 0x0000000690800000| Untracked 
| 195|0x0000000690900000, 0x0000000690900000, 0x0000000690a00000|  0%| F|  |TAMS 0x0000000690900000, 0x0000000690900000| Untracked 
| 196|0x0000000690a00000, 0x0000000690a00000, 0x0000000690b00000|  0%| F|  |TAMS 0x0000000690a00000, 0x0000000690a00000| Untracked 
| 197|0x0000000690b00000, 0x0000000690b00000, 0x0000000690c00000|  0%| F|  |TAMS 0x0000000690b00000, 0x0000000690b00000| Untracked 
| 198|0x0000000690c00000, 0x0000000690c00000, 0x0000000690d00000|  0%| F|  |TAMS 0x0000000690c00000, 0x0000000690c00000| Untracked 
| 199|0x0000000690d00000, 0x0000000690d00000, 0x0000000690e00000|  0%| F|  |TAMS 0x0000000690d00000, 0x0000000690d00000| Untracked 
| 200|0x0000000690e00000, 0x0000000690e00000, 0x0000000690f00000|  0%| F|  |TAMS 0x0000000690e00000, 0x0000000690e00000| Untracked 
| 201|0x0000000690f00000, 0x0000000690f00000, 0x0000000691000000|  0%| F|  |TAMS 0x0000000690f00000, 0x0000000690f00000| Untracked 
| 202|0x0000000691000000, 0x0000000691000000, 0x0000000691100000|  0%| F|  |TAMS 0x0000000691000000, 0x0000000691000000| Untracked 
| 203|0x0000000691100000, 0x0000000691100000, 0x0000000691200000|  0%| F|  |TAMS 0x0000000691100000, 0x0000000691100000| Untracked 
| 204|0x0000000691200000, 0x0000000691200000, 0x0000000691300000|  0%| F|  |TAMS 0x0000000691200000, 0x0000000691200000| Untracked 
| 205|0x0000000691300000, 0x0000000691300000, 0x0000000691400000|  0%| F|  |TAMS 0x0000000691300000, 0x0000000691300000| Untracked 
| 206|0x0000000691400000, 0x0000000691400000, 0x0000000691500000|  0%| F|  |TAMS 0x0000000691400000, 0x0000000691400000| Untracked 
| 207|0x0000000691500000, 0x0000000691500000, 0x0000000691600000|  0%| F|  |TAMS 0x0000000691500000, 0x0000000691500000| Untracked 
| 208|0x0000000691600000, 0x0000000691600000, 0x0000000691700000|  0%| F|  |TAMS 0x0000000691600000, 0x0000000691600000| Untracked 
| 209|0x0000000691700000, 0x0000000691700000, 0x0000000691800000|  0%| F|  |TAMS 0x0000000691700000, 0x0000000691700000| Untracked 
| 210|0x0000000691800000, 0x0000000691800000, 0x0000000691900000|  0%| F|  |TAMS 0x0000000691800000, 0x0000000691800000| Untracked 
| 211|0x0000000691900000, 0x0000000691900000, 0x0000000691a00000|  0%| F|  |TAMS 0x0000000691900000, 0x0000000691900000| Untracked 
| 212|0x0000000691a00000, 0x0000000691a00000, 0x0000000691b00000|  0%| F|  |TAMS 0x0000000691a00000, 0x0000000691a00000| Untracked 
| 213|0x0000000691b00000, 0x0000000691b00000, 0x0000000691c00000|  0%| F|  |TAMS 0x0000000691b00000, 0x0000000691b00000| Untracked 
| 214|0x0000000691c00000, 0x0000000691c00000, 0x0000000691d00000|  0%| F|  |TAMS 0x0000000691c00000, 0x0000000691c00000| Untracked 
| 215|0x0000000691d00000, 0x0000000691d00000, 0x0000000691e00000|  0%| F|  |TAMS 0x0000000691d00000, 0x0000000691d00000| Untracked 
| 216|0x0000000691e00000, 0x0000000691e00000, 0x0000000691f00000|  0%| F|  |TAMS 0x0000000691e00000, 0x0000000691e00000| Untracked 
| 217|0x0000000691f00000, 0x0000000691f00000, 0x0000000692000000|  0%| F|  |TAMS 0x0000000691f00000, 0x0000000691f00000| Untracked 
| 218|0x0000000692000000, 0x0000000692000000, 0x0000000692100000|  0%| F|  |TAMS 0x0000000692000000, 0x0000000692000000| Untracked 
| 219|0x0000000692100000, 0x0000000692100000, 0x0000000692200000|  0%| F|  |TAMS 0x0000000692100000, 0x0000000692100000| Untracked 
| 220|0x0000000692200000, 0x0000000692200000, 0x0000000692300000|  0%| F|  |TAMS 0x0000000692200000, 0x0000000692200000| Untracked 
| 221|0x0000000692300000, 0x0000000692300000, 0x0000000692400000|  0%| F|  |TAMS 0x0000000692300000, 0x0000000692300000| Untracked 
| 222|0x0000000692400000, 0x0000000692400000, 0x0000000692500000|  0%| F|  |TAMS 0x0000000692400000, 0x0000000692400000| Untracked 
| 223|0x0000000692500000, 0x0000000692500000, 0x0000000692600000|  0%| F|  |TAMS 0x0000000692500000, 0x0000000692500000| Untracked 
| 224|0x0000000692600000, 0x0000000692600000, 0x0000000692700000|  0%| F|  |TAMS 0x0000000692600000, 0x0000000692600000| Untracked 
| 225|0x0000000692700000, 0x0000000692700000, 0x0000000692800000|  0%| F|  |TAMS 0x0000000692700000, 0x0000000692700000| Untracked 
| 226|0x0000000692800000, 0x0000000692800000, 0x0000000692900000|  0%| F|  |TAMS 0x0000000692800000, 0x0000000692800000| Untracked 
| 227|0x0000000692900000, 0x0000000692900000, 0x0000000692a00000|  0%| F|  |TAMS 0x0000000692900000, 0x0000000692900000| Untracked 
| 228|0x0000000692a00000, 0x0000000692a00000, 0x0000000692b00000|  0%| F|  |TAMS 0x0000000692a00000, 0x0000000692a00000| Untracked 
| 229|0x0000000692b00000, 0x0000000692b00000, 0x0000000692c00000|  0%| F|  |TAMS 0x0000000692b00000, 0x0000000692b00000| Untracked 
| 230|0x0000000692c00000, 0x0000000692c00000, 0x0000000692d00000|  0%| F|  |TAMS 0x0000000692c00000, 0x0000000692c00000| Untracked 
| 231|0x0000000692d00000, 0x0000000692d00000, 0x0000000692e00000|  0%| F|  |TAMS 0x0000000692d00000, 0x0000000692d00000| Untracked 
| 232|0x0000000692e00000, 0x0000000692e00000, 0x0000000692f00000|  0%| F|  |TAMS 0x0000000692e00000, 0x0000000692e00000| Untracked 
| 233|0x0000000692f00000, 0x0000000692f00000, 0x0000000693000000|  0%| F|  |TAMS 0x0000000692f00000, 0x0000000692f00000| Untracked 
| 234|0x0000000693000000, 0x0000000693000000, 0x0000000693100000|  0%| F|  |TAMS 0x0000000693000000, 0x0000000693000000| Untracked 
| 235|0x0000000693100000, 0x0000000693100000, 0x0000000693200000|  0%| F|  |TAMS 0x0000000693100000, 0x0000000693100000| Untracked 
| 236|0x0000000693200000, 0x0000000693200000, 0x0000000693300000|  0%| F|  |TAMS 0x0000000693200000, 0x0000000693200000| Untracked 
| 237|0x0000000693300000, 0x0000000693300000, 0x0000000693400000|  0%| F|  |TAMS 0x0000000693300000, 0x0000000693300000| Untracked 
| 238|0x0000000693400000, 0x0000000693400000, 0x0000000693500000|  0%| F|  |TAMS 0x0000000693400000, 0x0000000693400000| Untracked 
| 239|0x0000000693500000, 0x0000000693500000, 0x0000000693600000|  0%| F|  |TAMS 0x0000000693500000, 0x0000000693500000| Untracked 
| 240|0x0000000693600000, 0x0000000693600000, 0x0000000693700000|  0%| F|  |TAMS 0x0000000693600000, 0x0000000693600000| Untracked 
| 241|0x0000000693700000, 0x0000000693700000, 0x0000000693800000|  0%| F|  |TAMS 0x0000000693700000, 0x0000000693700000| Untracked 
| 242|0x0000000693800000, 0x0000000693800000, 0x0000000693900000|  0%| F|  |TAMS 0x0000000693800000, 0x0000000693800000| Untracked 
| 243|0x0000000693900000, 0x0000000693900000, 0x0000000693a00000|  0%| F|  |TAMS 0x0000000693900000, 0x0000000693900000| Untracked 
| 244|0x0000000693a00000, 0x0000000693a00000, 0x0000000693b00000|  0%| F|  |TAMS 0x0000000693a00000, 0x0000000693a00000| Untracked 
| 245|0x0000000693b00000, 0x0000000693b00000, 0x0000000693c00000|  0%| F|  |TAMS 0x0000000693b00000, 0x0000000693b00000| Untracked 
| 246|0x0000000693c00000, 0x0000000693c00000, 0x0000000693d00000|  0%| F|  |TAMS 0x0000000693c00000, 0x0000000693c00000| Untracked 
| 247|0x0000000693d00000, 0x0000000693d00000, 0x0000000693e00000|  0%| F|  |TAMS 0x0000000693d00000, 0x0000000693d00000| Untracked 
| 248|0x0000000693e00000, 0x0000000693e00000, 0x0000000693f00000|  0%| F|  |TAMS 0x0000000693e00000, 0x0000000693e00000| Untracked 
| 249|0x0000000693f00000, 0x0000000693f00000, 0x0000000694000000|  0%| F|  |TAMS 0x0000000693f00000, 0x0000000693f00000| Untracked 
| 250|0x0000000694000000, 0x0000000694000000, 0x0000000694100000|  0%| F|  |TAMS 0x0000000694000000, 0x0000000694000000| Untracked 
| 251|0x0000000694100000, 0x0000000694100000, 0x0000000694200000|  0%| F|  |TAMS 0x0000000694100000, 0x0000000694100000| Untracked 
| 252|0x0000000694200000, 0x0000000694200000, 0x0000000694300000|  0%| F|  |TAMS 0x0000000694200000, 0x0000000694200000| Untracked 
| 253|0x0000000694300000, 0x0000000694300000, 0x0000000694400000|  0%| F|  |TAMS 0x0000000694300000, 0x0000000694300000| Untracked 
| 254|0x0000000694400000, 0x0000000694400000, 0x0000000694500000|  0%| F|  |TAMS 0x0000000694400000, 0x0000000694400000| Untracked 
| 255|0x0000000694500000, 0x0000000694500000, 0x0000000694600000|  0%| F|  |TAMS 0x0000000694500000, 0x0000000694500000| Untracked 
| 256|0x0000000694600000, 0x0000000694600000, 0x0000000694700000|  0%| F|  |TAMS 0x0000000694600000, 0x0000000694600000| Untracked 
| 257|0x0000000694700000, 0x0000000694700000, 0x0000000694800000|  0%| F|  |TAMS 0x0000000694700000, 0x0000000694700000| Untracked 
| 258|0x0000000694800000, 0x0000000694800000, 0x0000000694900000|  0%| F|  |TAMS 0x0000000694800000, 0x0000000694800000| Untracked 
| 259|0x0000000694900000, 0x0000000694900000, 0x0000000694a00000|  0%| F|  |TAMS 0x0000000694900000, 0x0000000694900000| Untracked 
| 260|0x0000000694a00000, 0x0000000694a00000, 0x0000000694b00000|  0%| F|  |TAMS 0x0000000694a00000, 0x0000000694a00000| Untracked 
| 261|0x0000000694b00000, 0x0000000694b00000, 0x0000000694c00000|  0%| F|  |TAMS 0x0000000694b00000, 0x0000000694b00000| Untracked 
| 262|0x0000000694c00000, 0x0000000694c00000, 0x0000000694d00000|  0%| F|  |TAMS 0x0000000694c00000, 0x0000000694c00000| Untracked 
| 263|0x0000000694d00000, 0x0000000694d00000, 0x0000000694e00000|  0%| F|  |TAMS 0x0000000694d00000, 0x0000000694d00000| Untracked 
| 264|0x0000000694e00000, 0x0000000694e00000, 0x0000000694f00000|  0%| F|  |TAMS 0x0000000694e00000, 0x0000000694e00000| Untracked 
| 265|0x0000000694f00000, 0x0000000694f00000, 0x0000000695000000|  0%| F|  |TAMS 0x0000000694f00000, 0x0000000694f00000| Untracked 
| 266|0x0000000695000000, 0x0000000695000000, 0x0000000695100000|  0%| F|  |TAMS 0x0000000695000000, 0x0000000695000000| Untracked 
| 267|0x0000000695100000, 0x0000000695100000, 0x0000000695200000|  0%| F|  |TAMS 0x0000000695100000, 0x0000000695100000| Untracked 
| 268|0x0000000695200000, 0x0000000695200000, 0x0000000695300000|  0%| F|  |TAMS 0x0000000695200000, 0x0000000695200000| Untracked 
| 269|0x0000000695300000, 0x0000000695300000, 0x0000000695400000|  0%| F|  |TAMS 0x0000000695300000, 0x0000000695300000| Untracked 
| 270|0x0000000695400000, 0x0000000695400000, 0x0000000695500000|  0%| F|  |TAMS 0x0000000695400000, 0x0000000695400000| Untracked 
| 271|0x0000000695500000, 0x0000000695500000, 0x0000000695600000|  0%| F|  |TAMS 0x0000000695500000, 0x0000000695500000| Untracked 
| 272|0x0000000695600000, 0x0000000695600000, 0x0000000695700000|  0%| F|  |TAMS 0x0000000695600000, 0x0000000695600000| Untracked 
| 273|0x0000000695700000, 0x0000000695700000, 0x0000000695800000|  0%| F|  |TAMS 0x0000000695700000, 0x0000000695700000| Untracked 
| 274|0x0000000695800000, 0x0000000695800000, 0x0000000695900000|  0%| F|  |TAMS 0x0000000695800000, 0x0000000695800000| Untracked 
| 275|0x0000000695900000, 0x0000000695900000, 0x0000000695a00000|  0%| F|  |TAMS 0x0000000695900000, 0x0000000695900000| Untracked 
| 276|0x0000000695a00000, 0x0000000695a00000, 0x0000000695b00000|  0%| F|  |TAMS 0x0000000695a00000, 0x0000000695a00000| Untracked 
| 277|0x0000000695b00000, 0x0000000695b00000, 0x0000000695c00000|  0%| F|  |TAMS 0x0000000695b00000, 0x0000000695b00000| Untracked 
| 278|0x0000000695c00000, 0x0000000695c00000, 0x0000000695d00000|  0%| F|  |TAMS 0x0000000695c00000, 0x0000000695c00000| Untracked 
| 279|0x0000000695d00000, 0x0000000695d00000, 0x0000000695e00000|  0%| F|  |TAMS 0x0000000695d00000, 0x0000000695d00000| Untracked 
| 280|0x0000000695e00000, 0x0000000695e00000, 0x0000000695f00000|  0%| F|  |TAMS 0x0000000695e00000, 0x0000000695e00000| Untracked 
| 281|0x0000000695f00000, 0x0000000695f00000, 0x0000000696000000|  0%| F|  |TAMS 0x0000000695f00000, 0x0000000695f00000| Untracked 
| 282|0x0000000696000000, 0x0000000696000000, 0x0000000696100000|  0%| F|  |TAMS 0x0000000696000000, 0x0000000696000000| Untracked 
| 283|0x0000000696100000, 0x0000000696100000, 0x0000000696200000|  0%| F|  |TAMS 0x0000000696100000, 0x0000000696100000| Untracked 
| 284|0x0000000696200000, 0x0000000696200000, 0x0000000696300000|  0%| F|  |TAMS 0x0000000696200000, 0x0000000696200000| Untracked 
| 285|0x0000000696300000, 0x0000000696300000, 0x0000000696400000|  0%| F|  |TAMS 0x0000000696300000, 0x0000000696300000| Untracked 
| 286|0x0000000696400000, 0x0000000696400000, 0x0000000696500000|  0%| F|  |TAMS 0x0000000696400000, 0x0000000696400000| Untracked 
| 287|0x0000000696500000, 0x0000000696500000, 0x0000000696600000|  0%| F|  |TAMS 0x0000000696500000, 0x0000000696500000| Untracked 
| 288|0x0000000696600000, 0x0000000696600000, 0x0000000696700000|  0%| F|  |TAMS 0x0000000696600000, 0x0000000696600000| Untracked 
| 289|0x0000000696700000, 0x0000000696700000, 0x0000000696800000|  0%| F|  |TAMS 0x0000000696700000, 0x0000000696700000| Untracked 
| 290|0x0000000696800000, 0x0000000696800000, 0x0000000696900000|  0%| F|  |TAMS 0x0000000696800000, 0x0000000696800000| Untracked 
| 291|0x0000000696900000, 0x0000000696900000, 0x0000000696a00000|  0%| F|  |TAMS 0x0000000696900000, 0x0000000696900000| Untracked 
| 292|0x0000000696a00000, 0x0000000696a00000, 0x0000000696b00000|  0%| F|  |TAMS 0x0000000696a00000, 0x0000000696a00000| Untracked 
| 293|0x0000000696b00000, 0x0000000696b00000, 0x0000000696c00000|  0%| F|  |TAMS 0x0000000696b00000, 0x0000000696b00000| Untracked 
| 294|0x0000000696c00000, 0x0000000696c00000, 0x0000000696d00000|  0%| F|  |TAMS 0x0000000696c00000, 0x0000000696c00000| Untracked 
| 295|0x0000000696d00000, 0x0000000696d00000, 0x0000000696e00000|  0%| F|  |TAMS 0x0000000696d00000, 0x0000000696d00000| Untracked 
| 296|0x0000000696e00000, 0x0000000696e00000, 0x0000000696f00000|  0%| F|  |TAMS 0x0000000696e00000, 0x0000000696e00000| Untracked 
| 297|0x0000000696f00000, 0x0000000696f00000, 0x0000000697000000|  0%| F|  |TAMS 0x0000000696f00000, 0x0000000696f00000| Untracked 
| 298|0x0000000697000000, 0x0000000697000000, 0x0000000697100000|  0%| F|  |TAMS 0x0000000697000000, 0x0000000697000000| Untracked 
| 299|0x0000000697100000, 0x0000000697100000, 0x0000000697200000|  0%| F|  |TAMS 0x0000000697100000, 0x0000000697100000| Untracked 
| 300|0x0000000697200000, 0x0000000697200000, 0x0000000697300000|  0%| F|  |TAMS 0x0000000697200000, 0x0000000697200000| Untracked 
| 301|0x0000000697300000, 0x0000000697300000, 0x0000000697400000|  0%| F|  |TAMS 0x0000000697300000, 0x0000000697300000| Untracked 
| 302|0x0000000697400000, 0x0000000697400000, 0x0000000697500000|  0%| F|  |TAMS 0x0000000697400000, 0x0000000697400000| Untracked 
| 303|0x0000000697500000, 0x0000000697500000, 0x0000000697600000|  0%| F|  |TAMS 0x0000000697500000, 0x0000000697500000| Untracked 
| 304|0x0000000697600000, 0x0000000697600000, 0x0000000697700000|  0%| F|  |TAMS 0x0000000697600000, 0x0000000697600000| Untracked 
| 305|0x0000000697700000, 0x0000000697700000, 0x0000000697800000|  0%| F|  |TAMS 0x0000000697700000, 0x0000000697700000| Untracked 
| 306|0x0000000697800000, 0x0000000697800000, 0x0000000697900000|  0%| F|  |TAMS 0x0000000697800000, 0x0000000697800000| Untracked 
| 307|0x0000000697900000, 0x0000000697900000, 0x0000000697a00000|  0%| F|  |TAMS 0x0000000697900000, 0x0000000697900000| Untracked 
| 308|0x0000000697a00000, 0x0000000697a00000, 0x0000000697b00000|  0%| F|  |TAMS 0x0000000697a00000, 0x0000000697a00000| Untracked 
| 309|0x0000000697b00000, 0x0000000697b00000, 0x0000000697c00000|  0%| F|  |TAMS 0x0000000697b00000, 0x0000000697b00000| Untracked 
| 310|0x0000000697c00000, 0x0000000697c00000, 0x0000000697d00000|  0%| F|  |TAMS 0x0000000697c00000, 0x0000000697c00000| Untracked 
| 311|0x0000000697d00000, 0x0000000697d00000, 0x0000000697e00000|  0%| F|  |TAMS 0x0000000697d00000, 0x0000000697d00000| Untracked 
| 312|0x0000000697e00000, 0x0000000697e00000, 0x0000000697f00000|  0%| F|  |TAMS 0x0000000697e00000, 0x0000000697e00000| Untracked 
| 313|0x0000000697f00000, 0x0000000697f00000, 0x0000000698000000|  0%| F|  |TAMS 0x0000000697f00000, 0x0000000697f00000| Untracked 
| 314|0x0000000698000000, 0x0000000698000000, 0x0000000698100000|  0%| F|  |TAMS 0x0000000698000000, 0x0000000698000000| Untracked 
| 315|0x0000000698100000, 0x0000000698100000, 0x0000000698200000|  0%| F|  |TAMS 0x0000000698100000, 0x0000000698100000| Untracked 
| 316|0x0000000698200000, 0x0000000698200000, 0x0000000698300000|  0%| F|  |TAMS 0x0000000698200000, 0x0000000698200000| Untracked 
| 317|0x0000000698300000, 0x0000000698300000, 0x0000000698400000|  0%| F|  |TAMS 0x0000000698300000, 0x0000000698300000| Untracked 
| 318|0x0000000698400000, 0x0000000698400000, 0x0000000698500000|  0%| F|  |TAMS 0x0000000698400000, 0x0000000698400000| Untracked 
| 319|0x0000000698500000, 0x0000000698500000, 0x0000000698600000|  0%| F|  |TAMS 0x0000000698500000, 0x0000000698500000| Untracked 
| 320|0x0000000698600000, 0x0000000698600000, 0x0000000698700000|  0%| F|  |TAMS 0x0000000698600000, 0x0000000698600000| Untracked 
| 321|0x0000000698700000, 0x0000000698700000, 0x0000000698800000|  0%| F|  |TAMS 0x0000000698700000, 0x0000000698700000| Untracked 
| 322|0x0000000698800000, 0x0000000698800000, 0x0000000698900000|  0%| F|  |TAMS 0x0000000698800000, 0x0000000698800000| Untracked 
| 323|0x0000000698900000, 0x0000000698900000, 0x0000000698a00000|  0%| F|  |TAMS 0x0000000698900000, 0x0000000698900000| Untracked 
| 324|0x0000000698a00000, 0x0000000698a00000, 0x0000000698b00000|  0%| F|  |TAMS 0x0000000698a00000, 0x0000000698a00000| Untracked 
| 325|0x0000000698b00000, 0x0000000698b00000, 0x0000000698c00000|  0%| F|  |TAMS 0x0000000698b00000, 0x0000000698b00000| Untracked 
| 326|0x0000000698c00000, 0x0000000698c00000, 0x0000000698d00000|  0%| F|  |TAMS 0x0000000698c00000, 0x0000000698c00000| Untracked 
| 327|0x0000000698d00000, 0x0000000698d00000, 0x0000000698e00000|  0%| F|  |TAMS 0x0000000698d00000, 0x0000000698d00000| Untracked 
| 328|0x0000000698e00000, 0x0000000698e00000, 0x0000000698f00000|  0%| F|  |TAMS 0x0000000698e00000, 0x0000000698e00000| Untracked 
| 329|0x0000000698f00000, 0x0000000698f00000, 0x0000000699000000|  0%| F|  |TAMS 0x0000000698f00000, 0x0000000698f00000| Untracked 
| 330|0x0000000699000000, 0x0000000699000000, 0x0000000699100000|  0%| F|  |TAMS 0x0000000699000000, 0x0000000699000000| Untracked 
| 331|0x0000000699100000, 0x0000000699100000, 0x0000000699200000|  0%| F|  |TAMS 0x0000000699100000, 0x0000000699100000| Untracked 
| 332|0x0000000699200000, 0x0000000699200000, 0x0000000699300000|  0%| F|  |TAMS 0x0000000699200000, 0x0000000699200000| Untracked 
| 333|0x0000000699300000, 0x0000000699300000, 0x0000000699400000|  0%| F|  |TAMS 0x0000000699300000, 0x0000000699300000| Untracked 
| 334|0x0000000699400000, 0x0000000699400000, 0x0000000699500000|  0%| F|  |TAMS 0x0000000699400000, 0x0000000699400000| Untracked 
| 335|0x0000000699500000, 0x0000000699500000, 0x0000000699600000|  0%| F|  |TAMS 0x0000000699500000, 0x0000000699500000| Untracked 
| 336|0x0000000699600000, 0x0000000699600000, 0x0000000699700000|  0%| F|  |TAMS 0x0000000699600000, 0x0000000699600000| Untracked 
| 337|0x0000000699700000, 0x0000000699700000, 0x0000000699800000|  0%| F|  |TAMS 0x0000000699700000, 0x0000000699700000| Untracked 
| 338|0x0000000699800000, 0x0000000699800000, 0x0000000699900000|  0%| F|  |TAMS 0x0000000699800000, 0x0000000699800000| Untracked 
| 339|0x0000000699900000, 0x0000000699900000, 0x0000000699a00000|  0%| F|  |TAMS 0x0000000699900000, 0x0000000699900000| Untracked 
| 340|0x0000000699a00000, 0x0000000699a00000, 0x0000000699b00000|  0%| F|  |TAMS 0x0000000699a00000, 0x0000000699a00000| Untracked 
| 341|0x0000000699b00000, 0x0000000699b00000, 0x0000000699c00000|  0%| F|  |TAMS 0x0000000699b00000, 0x0000000699b00000| Untracked 
| 342|0x0000000699c00000, 0x0000000699c00000, 0x0000000699d00000|  0%| F|  |TAMS 0x0000000699c00000, 0x0000000699c00000| Untracked 
| 343|0x0000000699d00000, 0x0000000699d00000, 0x0000000699e00000|  0%| F|  |TAMS 0x0000000699d00000, 0x0000000699d00000| Untracked 
| 344|0x0000000699e00000, 0x0000000699e00000, 0x0000000699f00000|  0%| F|  |TAMS 0x0000000699e00000, 0x0000000699e00000| Untracked 
| 345|0x0000000699f00000, 0x0000000699f00000, 0x000000069a000000|  0%| F|  |TAMS 0x0000000699f00000, 0x0000000699f00000| Untracked 
| 346|0x000000069a000000, 0x000000069a000000, 0x000000069a100000|  0%| F|  |TAMS 0x000000069a000000, 0x000000069a000000| Untracked 
| 347|0x000000069a100000, 0x000000069a100000, 0x000000069a200000|  0%| F|  |TAMS 0x000000069a100000, 0x000000069a100000| Untracked 
| 348|0x000000069a200000, 0x000000069a200000, 0x000000069a300000|  0%| F|  |TAMS 0x000000069a200000, 0x000000069a200000| Untracked 
| 349|0x000000069a300000, 0x000000069a300000, 0x000000069a400000|  0%| F|  |TAMS 0x000000069a300000, 0x000000069a300000| Untracked 
| 350|0x000000069a400000, 0x000000069a400000, 0x000000069a500000|  0%| F|  |TAMS 0x000000069a400000, 0x000000069a400000| Untracked 
| 351|0x000000069a500000, 0x000000069a500000, 0x000000069a600000|  0%| F|  |TAMS 0x000000069a500000, 0x000000069a500000| Untracked 
| 352|0x000000069a600000, 0x000000069a600000, 0x000000069a700000|  0%| F|  |TAMS 0x000000069a600000, 0x000000069a600000| Untracked 
| 353|0x000000069a700000, 0x000000069a800000, 0x000000069a800000|100%| S|CS|TAMS 0x000000069a700000, 0x000000069a700000| Complete 
| 354|0x000000069a800000, 0x000000069a900000, 0x000000069a900000|100%| S|CS|TAMS 0x000000069a800000, 0x000000069a800000| Complete 
| 355|0x000000069a900000, 0x000000069aa00000, 0x000000069aa00000|100%| S|CS|TAMS 0x000000069a900000, 0x000000069a900000| Complete 
| 356|0x000000069aa00000, 0x000000069aa00000, 0x000000069ab00000|  0%| F|  |TAMS 0x000000069aa00000, 0x000000069aa00000| Untracked 
| 357|0x000000069ab00000, 0x000000069ab00000, 0x000000069ac00000|  0%| F|  |TAMS 0x000000069ab00000, 0x000000069ab00000| Untracked 
| 358|0x000000069ac00000, 0x000000069ac00000, 0x000000069ad00000|  0%| F|  |TAMS 0x000000069ac00000, 0x000000069ac00000| Untracked 
| 359|0x000000069ad00000, 0x000000069ad00000, 0x000000069ae00000|  0%| F|  |TAMS 0x000000069ad00000, 0x000000069ad00000| Untracked 
| 360|0x000000069ae00000, 0x000000069ae00000, 0x000000069af00000|  0%| F|  |TAMS 0x000000069ae00000, 0x000000069ae00000| Untracked 
| 361|0x000000069af00000, 0x000000069af00000, 0x000000069b000000|  0%| F|  |TAMS 0x000000069af00000, 0x000000069af00000| Untracked 
| 362|0x000000069b000000, 0x000000069b000000, 0x000000069b100000|  0%| F|  |TAMS 0x000000069b000000, 0x000000069b000000| Untracked 
| 363|0x000000069b100000, 0x000000069b100000, 0x000000069b200000|  0%| F|  |TAMS 0x000000069b100000, 0x000000069b100000| Untracked 
| 364|0x000000069b200000, 0x000000069b200000, 0x000000069b300000|  0%| F|  |TAMS 0x000000069b200000, 0x000000069b200000| Untracked 
| 365|0x000000069b300000, 0x000000069b300000, 0x000000069b400000|  0%| F|  |TAMS 0x000000069b300000, 0x000000069b300000| Untracked 
| 366|0x000000069b400000, 0x000000069b400000, 0x000000069b500000|  0%| F|  |TAMS 0x000000069b400000, 0x000000069b400000| Untracked 
| 367|0x000000069b500000, 0x000000069b500000, 0x000000069b600000|  0%| F|  |TAMS 0x000000069b500000, 0x000000069b500000| Untracked 
| 368|0x000000069b600000, 0x000000069b600000, 0x000000069b700000|  0%| F|  |TAMS 0x000000069b600000, 0x000000069b600000| Untracked 
| 369|0x000000069b700000, 0x000000069b700000, 0x000000069b800000|  0%| F|  |TAMS 0x000000069b700000, 0x000000069b700000| Untracked 
| 370|0x000000069b800000, 0x000000069b800000, 0x000000069b900000|  0%| F|  |TAMS 0x000000069b800000, 0x000000069b800000| Untracked 
| 371|0x000000069b900000, 0x000000069b900000, 0x000000069ba00000|  0%| F|  |TAMS 0x000000069b900000, 0x000000069b900000| Untracked 
| 372|0x000000069ba00000, 0x000000069ba00000, 0x000000069bb00000|  0%| F|  |TAMS 0x000000069ba00000, 0x000000069ba00000| Untracked 
| 373|0x000000069bb00000, 0x000000069bc00000, 0x000000069bc00000|100%| E|  |TAMS 0x000000069bb00000, 0x000000069bb00000| Complete 
| 374|0x000000069bc00000, 0x000000069bd00000, 0x000000069bd00000|100%| E|CS|TAMS 0x000000069bc00000, 0x000000069bc00000| Complete 
| 375|0x000000069bd00000, 0x000000069be00000, 0x000000069be00000|100%| E|CS|TAMS 0x000000069bd00000, 0x000000069bd00000| Complete 
| 376|0x000000069be00000, 0x000000069bf00000, 0x000000069bf00000|100%| E|CS|TAMS 0x000000069be00000, 0x000000069be00000| Complete 
| 377|0x000000069bf00000, 0x000000069c000000, 0x000000069c000000|100%| E|CS|TAMS 0x000000069bf00000, 0x000000069bf00000| Complete 
| 378|0x000000069c000000, 0x000000069c100000, 0x000000069c100000|100%| E|CS|TAMS 0x000000069c000000, 0x000000069c000000| Complete 
| 379|0x000000069c100000, 0x000000069c200000, 0x000000069c200000|100%| E|CS|TAMS 0x000000069c100000, 0x000000069c100000| Complete 

Card table byte_map: [0x0000026f7a300000,0x0000026f7aee0000] _byte_map_base: 0x0000026f76edd000

Marking Bits (Prev, Next): (CMBitMap*) 0x0000026f6ee00718, (CMBitMap*) 0x0000026f6ee00750
 Prev Bits: [0x0000026f0f000000, 0x0000026f14ee8000)
 Next Bits: [0x0000026f14ef0000, 0x0000026f1add8000)

Polling page: 0x0000026f6ee60000

Metaspace:

Usage:
  Non-class:     15.79 MB capacity,    15.54 MB ( 98%) used,   230.46 KB (  1%) free+waste,    26.56 KB ( <1%) overhead. 
      Class:      1.70 MB capacity,     1.62 MB ( 95%) used,    70.52 KB (  4%) free+waste,    10.88 KB ( <1%) overhead. 
       Both:     17.50 MB capacity,    17.17 MB ( 98%) used,   300.98 KB (  2%) free+waste,    37.44 KB ( <1%) overhead. 

Virtual space:
  Non-class space:       20.00 MB reserved,      16.00 MB ( 80%) committed 
      Class space:        1.00 GB reserved,       1.75 MB ( <1%) committed 
             Both:        1.02 GB reserved,      17.75 MB (  2%) committed 

Chunk freelists:
   Non-Class:  20.00 KB
       Class:  15.00 KB
        Both:  35.00 KB

MaxMetaspaceSize: 17179869184.00 GB
CompressedClassSpaceSize: 1.00 GB
Initial GC threshold: 20.80 MB
Current GC threshold: 20.80 MB
CDS: off

CodeHeap 'non-profiled nmethods': size=120000Kb used=531Kb max_used=531Kb free=119468Kb
 bounds [0x0000026f07ad0000, 0x0000026f07d40000, 0x0000026f0f000000]
CodeHeap 'profiled nmethods': size=120000Kb used=3225Kb max_used=3225Kb free=116775Kb
 bounds [0x0000026f005a0000, 0x0000026f008d0000, 0x0000026f07ad0000]
CodeHeap 'non-nmethods': size=5760Kb used=1492Kb max_used=1517Kb free=4267Kb
 bounds [0x0000026f00000000, 0x0000026f00270000, 0x0000026f005a0000]
 total_blobs=2010 nmethods=1508 adapters=414
 compilation: enabled
              stopped_count=0, restarted_count=0
 full_count=0

Compilation events (20 events):
Event: 5.624 Thread 0x0000026f7f0d8800 1493       3       org.codehaus.groovy.ast.ClassHelper::make (6 bytes)
Event: 5.625 Thread 0x0000026f7f0d8800 nmethod 1493 0x0000026f008bc810 code [0x0000026f008bc9c0, 0x0000026f008bcac8]
Event: 5.625 Thread 0x0000026f7f0d8800 1494       1       java.lang.reflect.Method::getAnnotationBytes (5 bytes)
Event: 5.625 Thread 0x0000026f7f0d8800 nmethod 1494 0x0000026f07b52a10 code [0x0000026f07b52bc0, 0x0000026f07b52c78]
Event: 5.626 Thread 0x0000026f7f0d8800 1495   !   3       java.lang.invoke.MemberName$Factory::resolve (157 bytes)
Event: 5.627 Thread 0x0000026f7f0d8800 nmethod 1495 0x0000026f008bcb90 code [0x0000026f008bcdc0, 0x0000026f008bd488]
Event: 5.627 Thread 0x0000026f7f0d8800 1497       1       java.lang.invoke.InfoFromMemberName::getReferenceKind (5 bytes)
Event: 5.627 Thread 0x0000026f7f0d8800 nmethod 1497 0x0000026f07b53010 code [0x0000026f07b531c0, 0x0000026f07b53278]
Event: 5.628 Thread 0x0000026f7f0d8800 1498       3       java.lang.invoke.MethodHandleNatives::findMethodHandleType (7 bytes)
Event: 5.629 Thread 0x0000026f7f0d8800 nmethod 1498 0x0000026f008bd790 code [0x0000026f008bd940, 0x0000026f008bda48]
Event: 5.631 Thread 0x0000026f7f0d8800 1499       3       sun.invoke.util.BytecodeDescriptor::unparse (37 bytes)
Event: 5.632 Thread 0x0000026f7f0d8800 nmethod 1499 0x0000026f008bdb10 code [0x0000026f008bdd40, 0x0000026f008be458]
Event: 5.635 Thread 0x0000026f7f0d8800 1500       1       org.codehaus.groovy.ast.ASTNode::getMetaDataMap (5 bytes)
Event: 5.635 Thread 0x0000026f7f0d8800 nmethod 1500 0x0000026f07b53310 code [0x0000026f07b534c0, 0x0000026f07b53578]
Event: 5.635 Thread 0x0000026f7f0d8800 1501       3       java.util.LinkedList$ListItr::hasNext (20 bytes)
Event: 5.635 Thread 0x0000026f7f0d8800 nmethod 1501 0x0000026f008be690 code [0x0000026f008be840, 0x0000026f008be9b8]
Event: 5.638 Thread 0x0000026f7f0d8800 1502       1       org.codehaus.groovy.ast.AnnotatedNode::getAnnotations (5 bytes)
Event: 5.638 Thread 0x0000026f7f0d8800 nmethod 1502 0x0000026f07b53610 code [0x0000026f07b537c0, 0x0000026f07b53878]
Event: 5.638 Thread 0x0000026f7f0d8800 1503       3       java.util.LinkedList$Node::<init> (20 bytes)
Event: 5.638 Thread 0x0000026f7f0d8800 nmethod 1503 0x0000026f008bea90 code [0x0000026f008bec40, 0x0000026f008beed8]

GC Heap History (2 events):
Event: 4.570 GC heap before
{Heap before GC invocations=0 (full 0):
 garbage-first heap   total 389120K, used 24576K [0x0000000684600000, 0x0000000800000000)
  region size 1024K, 24 young (24576K), 0 survivors (0K)
 Metaspace       used 15741K, capacity 16051K, committed 16256K, reserved 1064960K
  class space    used 1556K, capacity 1635K, committed 1664K, reserved 1048576K
}
Event: 5.037 GC heap after
{Heap after GC invocations=1 (full 0):
 garbage-first heap   total 389120K, used 5113K [0x0000000684600000, 0x0000000800000000)
  region size 1024K, 3 young (3072K), 3 survivors (3072K)
 Metaspace       used 15741K, capacity 16051K, committed 16256K, reserved 1064960K
  class space    used 1556K, capacity 1635K, committed 1664K, reserved 1048576K
}

Deoptimization events (20 events):
Event: 3.009 Thread 0x0000026f7f75d000 DEOPT PACKING pc=0x0000026f0076d325 sp=0x0000007d610fd480
Event: 3.009 Thread 0x0000026f7f75d000 DEOPT UNPACKING pc=0x0000026f0004a95e sp=0x0000007d610fc978 mode 0
Event: 3.024 Thread 0x0000026f7f75d000 DEOPT PACKING pc=0x0000026f0076d325 sp=0x0000007d610fd490
Event: 3.024 Thread 0x0000026f7f75d000 DEOPT UNPACKING pc=0x0000026f0004a95e sp=0x0000007d610fc988 mode 0
Event: 4.304 Thread 0x0000026f7f75d000 Uncommon trap: trap_request=0xffffff7e fr.pc=0x0000026f07b3a744 relative=0x0000000000000344
Event: 4.304 Thread 0x0000026f7f75d000 Uncommon trap: reason=predicate action=maybe_recompile pc=0x0000026f07b3a744 method=java.util.stream.ReferencePipeline.forEachWithCancel(Ljava/util/Spliterator;Ljava/util/stream/Sink;)Z @ 8 c2
Event: 4.304 Thread 0x0000026f7f75d000 DEOPT PACKING pc=0x0000026f07b3a744 sp=0x0000007d610fc440
Event: 4.304 Thread 0x0000026f7f75d000 DEOPT UNPACKING pc=0x0000026f0004a1af sp=0x0000007d610fc3e0 mode 2
Event: 5.037 Thread 0x0000026f7f75d000 Uncommon trap: trap_request=0xffffff4d fr.pc=0x0000026f07b25400 relative=0x00000000000000e0
Event: 5.037 Thread 0x0000026f7f75d000 Uncommon trap: reason=unstable_if action=reinterpret pc=0x0000026f07b25400 method=java.lang.ref.SoftReference.get()Ljava/lang/Object; @ 17 c2
Event: 5.037 Thread 0x0000026f7f75d000 DEOPT PACKING pc=0x0000026f07b25400 sp=0x0000007d610fb110
Event: 5.037 Thread 0x0000026f7f75d000 DEOPT UNPACKING pc=0x0000026f0004a1af sp=0x0000007d610fb0c0 mode 2
Event: 5.372 Thread 0x0000026f7f75d000 Uncommon trap: trap_request=0xffffff4d fr.pc=0x0000026f07b45978 relative=0x00000000000002b8
Event: 5.373 Thread 0x0000026f7f75d000 Uncommon trap: reason=unstable_if action=reinterpret pc=0x0000026f07b45978 method=java.io.StringReader.read()I @ 19 c2
Event: 5.373 Thread 0x0000026f7f75d000 DEOPT PACKING pc=0x0000026f07b45978 sp=0x0000007d610fd920
Event: 5.373 Thread 0x0000026f7f75d000 DEOPT UNPACKING pc=0x0000026f0004a1af sp=0x0000007d610fd8d0 mode 2
Event: 5.373 Thread 0x0000026f7f75d000 Uncommon trap: trap_request=0xffffff4d fr.pc=0x0000026f07b464fc relative=0x00000000000000dc
Event: 5.373 Thread 0x0000026f7f75d000 Uncommon trap: reason=unstable_if action=reinterpret pc=0x0000026f07b464fc method=java.lang.CharacterData.of(I)Ljava/lang/CharacterData; @ 4 c2
Event: 5.373 Thread 0x0000026f7f75d000 DEOPT PACKING pc=0x0000026f07b464fc sp=0x0000007d610fd960
Event: 5.373 Thread 0x0000026f7f75d000 DEOPT UNPACKING pc=0x0000026f0004a1af sp=0x0000007d610fd830 mode 2

Classes redefined (0 events):
No events

Internal exceptions (13 events):
Event: 2.333 Thread 0x0000026f6ebab000 Exception <a 'java/lang/NoSuchMethodError'{0x000000069b4f2d60}: 'void java.lang.invoke.DirectMethodHandle$Holder.invokeSpecial(java.lang.Object, java.lang.Object, java.lang.Object, java.lang.Object)'> (0x000000069b4f2d60) thrown at [./src/hotspot/share/interpreter/linkResolver.cpp, line 773]
Event: 3.934 Thread 0x0000026f7f75d000 Exception <a 'java/lang/NoSuchMethodError'{0x000000069adbff78}: 'java.lang.Object java.lang.invoke.DirectMethodHandle$Holder.invokeStaticInit(java.lang.Object, java.lang.Object, java.lang.Object)'> (0x000000069adbff78) thrown at [./src/hotspot/share/interpreter/linkResolver.cpp, line 773]
Event: 4.004 Thread 0x0000026f7f75d000 Exception <a 'java/lang/NoSuchMethodError'{0x000000069ac7fad0}: 'void java.lang.invoke.DirectMethodHandle$Holder.invokeStaticInit(java.lang.Object, java.lang.Object, java.lang.Object)'> (0x000000069ac7fad0) thrown at [./src/hotspot/share/interpreter/linkResolver.cpp, line 773]
Event: 4.007 Thread 0x0000026f7f75d000 Exception <a 'java/lang/NoSuchMethodError'{0x000000069ac85d00}: 'void java.lang.invoke.DirectMethodHandle$Holder.invokeStaticInit(java.lang.Object, java.lang.Object, java.lang.Object, java.lang.Object)'> (0x000000069ac85d00) thrown at [./src/hotspot/share/interpreter/linkResolver.cpp, line 773]
Event: 4.017 Thread 0x0000026f7f75d000 Exception <a 'java/lang/NoSuchMethodError'{0x000000069aca8710}: 'void java.lang.invoke.DirectMethodHandle$Holder.invokeStatic(java.lang.Object, java.lang.Object, java.lang.Object, java.lang.Object, java.lang.Object)'> (0x000000069aca8710) thrown at [./src/hotspot/share/interpreter/linkResolver.cpp, line 773]
Event: 4.017 Thread 0x0000026f7f75d000 Exception <a 'java/lang/NoSuchMethodError'{0x000000069acabe38}: 'void java.lang.invoke.DirectMethodHandle$Holder.invokeStaticInit(java.lang.Object, java.lang.Object, java.lang.Object, java.lang.Object, java.lang.Object)'> (0x000000069acabe38) thrown at [./src/hotspot/share/interpreter/linkResolver.cpp, line 773]
Event: 4.019 Thread 0x0000026f7f75d000 Exception <a 'java/lang/NoSuchMethodError'{0x000000069acb28f8}: 'int java.lang.invoke.DirectMethodHandle$Holder.invokeStaticInit(java.lang.Object, java.lang.Object, java.lang.Object)'> (0x000000069acb28f8) thrown at [./src/hotspot/share/interpreter/linkResolver.cpp, line 773]
Event: 4.297 Thread 0x0000026f7f75d000 Exception <a 'java/lang/NoSuchMethodError'{0x000000069ab15be0}: 'int java.lang.invoke.DirectMethodHandle$Holder.invokeVirtual(java.lang.Object, java.lang.Object)'> (0x000000069ab15be0) thrown at [./src/hotspot/share/interpreter/linkResolver.cpp, line 773]
Event: 4.390 Thread 0x0000026f7f75d000 Exception <a 'java/lang/NoSuchMethodError'{0x000000069abe0288}: 'void java.lang.invoke.DirectMethodHandle$Holder.invokeVirtual(java.lang.Object, java.lang.Object)'> (0x000000069abe0288) thrown at [./src/hotspot/share/interpreter/linkResolver.cpp, line 773]
Event: 4.393 Thread 0x0000026f7f75d000 Exception <a 'java/lang/NoSuchMethodError'{0x000000069abec3e0}: 'void java.lang.invoke.DirectMethodHandle$Holder.invokeSpecial(java.lang.Object, java.lang.Object, java.lang.Object, java.lang.Object, java.lang.Object)'> (0x000000069abec3e0) thrown at [./src/hotspot/share/interpreter/linkResolver.cpp, line 773]
Event: 4.438 Thread 0x0000026f7f75d000 Exception <a 'java/lang/NoSuchMethodError'{0x000000069aa1cff0}: 'void java.lang.invoke.DirectMethodHandle$Holder.invokeStatic(java.lang.Object, java.lang.Object, java.lang.Object, java.lang.Object, java.lang.Object, java.lang.Object)'> (0x000000069aa1cff0) thrown at [./src/hotspot/share/interpreter/linkResolver.cpp, line 773]
Event: 5.626 Thread 0x0000026f7f75d000 Exception <a 'java/lang/NoSuchMethodError'{0x000000069bb825e0}: 'int java.lang.invoke.DirectMethodHandle$Holder.invokeStatic(java.lang.Object, int, java.lang.Object, java.lang.Object)'> (0x000000069bb825e0) thrown at [./src/hotspot/share/interpreter/linkResolver.cpp, line 773]
Event: 5.639 Thread 0x0000026f7f75d000 Exception <a 'java/lang/NoSuchMethodError'{0x000000069bbbbb10}: 'void java.lang.invoke.DirectMethodHandle$Holder.invokeSpecialIFC(java.lang.Object, java.lang.Object, java.lang.Object)'> (0x000000069bbbbb10) thrown at [./src/hotspot/share/interpreter/linkResolver.cpp, line 773]

Events (20 events):
Event: 5.631 loading class org/codehaus/groovy/ast/ModuleNode
Event: 5.631 loading class org/codehaus/groovy/ast/ModuleNode done
Event: 5.632 loading class java/util/LinkedList$LLSpliterator
Event: 5.632 loading class java/util/LinkedList$LLSpliterator done
Event: 5.632 loading class org/codehaus/groovy/classgen/EnumVisitor
Event: 5.632 loading class org/codehaus/groovy/classgen/EnumVisitor done
Event: 5.634 loading class org/codehaus/groovy/control/customizers/ImportCustomizer$1
Event: 5.634 loading class org/codehaus/groovy/control/customizers/ImportCustomizer$1 done
Event: 5.635 loading class org/codehaus/groovy/classgen/VariableScopeVisitor
Event: 5.635 loading class org/codehaus/groovy/classgen/VariableScopeVisitor done
Event: 5.637 loading class org/codehaus/groovy/classgen/VariableScopeVisitor$StateStackElement
Event: 5.637 loading class org/codehaus/groovy/classgen/VariableScopeVisitor$StateStackElement done
Event: 5.638 loading class org/codehaus/groovy/ast/expr/Expression
Event: 5.638 loading class org/codehaus/groovy/ast/expr/Expression done
Event: 5.639 loading class org/codehaus/groovy/ast/expr/Expression
Event: 5.639 loading class org/codehaus/groovy/ast/expr/Expression done
Event: 5.639 loading class org/codehaus/groovy/ast/GroovyCodeVisitor
Event: 5.639 loading class org/codehaus/groovy/ast/GroovyCodeVisitor done
Event: 5.640 loading class org/codehaus/groovy/ast/DynamicVariable
Event: 5.640 loading class org/codehaus/groovy/ast/DynamicVariable done


Dynamic libraries:
0x00007ff750b90000 - 0x00007ff750b9d000 	C:\Program Files\Java\jdk-11.0.16.101-hotspot\bin\java.exe
0x00007ff8ddc90000 - 0x00007ff8dde88000 	C:\Windows\SYSTEM32\ntdll.dll
0x00007ff8dc630000 - 0x00007ff8dc6ed000 	C:\Windows\System32\KERNEL32.DLL
0x00007ff8db3a0000 - 0x00007ff8db672000 	C:\Windows\System32\KERNELBASE.dll
0x00007ff8db910000 - 0x00007ff8dba10000 	C:\Windows\System32\ucrtbase.dll
0x00007ff8d5a90000 - 0x00007ff8d5aa5000 	C:\Program Files\Java\jdk-11.0.16.101-hotspot\bin\VCRUNTIME140.dll
0x00007ff8d7850000 - 0x00007ff8d7867000 	C:\Program Files\Java\jdk-11.0.16.101-hotspot\bin\jli.dll
0x00007ff8ddab0000 - 0x00007ff8ddc4d000 	C:\Windows\System32\USER32.dll
0x00007ff8dba60000 - 0x00007ff8dba82000 	C:\Windows\System32\win32u.dll
0x00007ff8dda80000 - 0x00007ff8ddaab000 	C:\Windows\System32\GDI32.dll
0x00007ff8dbb40000 - 0x00007ff8dbc4f000 	C:\Windows\System32\gdi32full.dll
0x00007ff8dbc50000 - 0x00007ff8dbced000 	C:\Windows\System32\msvcp_win.dll
0x00007ff8c28e0000 - 0x00007ff8c2b7a000 	C:\Windows\WinSxS\amd64_microsoft.windows.common-controls_6595b64144ccf1df_6.0.19041.1110_none_60b5254171f9507e\COMCTL32.dll
0x00007ff8dc820000 - 0x00007ff8dc8be000 	C:\Windows\System32\msvcrt.dll
0x00007ff8dcef0000 - 0x00007ff8dcf20000 	C:\Windows\System32\IMM32.DLL
0x00007ff8c9c10000 - 0x00007ff8c9cab000 	C:\Program Files\Java\jdk-11.0.16.101-hotspot\bin\msvcp140.dll
0x00007ff855160000 - 0x00007ff855ce2000 	C:\Program Files\Java\jdk-11.0.16.101-hotspot\bin\server\jvm.dll
0x00007ff8dcde0000 - 0x00007ff8dce8e000 	C:\Windows\System32\ADVAPI32.dll
0x00007ff8dcf80000 - 0x00007ff8dd01c000 	C:\Windows\System32\sechost.dll
0x00007ff8dccb0000 - 0x00007ff8dcdd5000 	C:\Windows\System32\RPCRT4.dll
0x00007ff8dbda0000 - 0x00007ff8dbda8000 	C:\Windows\System32\PSAPI.DLL
0x00007ff8bc2e0000 - 0x00007ff8bc2e9000 	C:\Windows\SYSTEM32\WSOCK32.dll
0x00007ff8dcc40000 - 0x00007ff8dccab000 	C:\Windows\System32\WS2_32.dll
0x00007ff8c92d0000 - 0x00007ff8c92f7000 	C:\Windows\SYSTEM32\WINMM.dll
0x00007ff8d2910000 - 0x00007ff8d291a000 	C:\Windows\SYSTEM32\VERSION.dll
0x00007ff8d9180000 - 0x00007ff8d9192000 	C:\Windows\SYSTEM32\kernel.appcore.dll
0x00007ff8d7840000 - 0x00007ff8d7850000 	C:\Program Files\Java\jdk-11.0.16.101-hotspot\bin\verify.dll
0x00007ff8cbc10000 - 0x00007ff8cbdf4000 	C:\Windows\SYSTEM32\DBGHELP.DLL
0x00007ff8b1680000 - 0x00007ff8b16ac000 	C:\Windows\SYSTEM32\dbgcore.DLL
0x00007ff8db880000 - 0x00007ff8db902000 	C:\Windows\System32\bcryptPrimitives.dll
0x00007ff8d3a00000 - 0x00007ff8d3a28000 	C:\Program Files\Java\jdk-11.0.16.101-hotspot\bin\java.dll
0x00007ff8d5a80000 - 0x00007ff8d5a8a000 	C:\Program Files\Java\jdk-11.0.16.101-hotspot\bin\jimage.dll
0x00007ff8cc2c0000 - 0x00007ff8cc2d8000 	C:\Program Files\Java\jdk-11.0.16.101-hotspot\bin\zip.dll
0x00007ff8dbdb0000 - 0x00007ff8dc4f3000 	C:\Windows\System32\SHELL32.dll
0x00007ff8d9460000 - 0x00007ff8d9bf1000 	C:\Windows\SYSTEM32\windows.storage.dll
0x00007ff8dd570000 - 0x00007ff8dd8c4000 	C:\Windows\System32\combase.dll
0x00007ff8dae00000 - 0x00007ff8dae30000 	C:\Windows\SYSTEM32\Wldp.dll
0x00007ff8dbcf0000 - 0x00007ff8dbd9d000 	C:\Windows\System32\SHCORE.dll
0x00007ff8dc6f0000 - 0x00007ff8dc745000 	C:\Windows\System32\shlwapi.dll
0x00007ff8db2e0000 - 0x00007ff8db2ff000 	C:\Windows\SYSTEM32\profapi.dll
0x00007ff8cc2a0000 - 0x00007ff8cc2b9000 	C:\Program Files\Java\jdk-11.0.16.101-hotspot\bin\net.dll
0x00007ff8c95e0000 - 0x00007ff8c96ed000 	C:\Windows\SYSTEM32\WINHTTP.dll
0x00007ff8dab60000 - 0x00007ff8dabca000 	C:\Windows\system32\mswsock.dll
0x00007ff8c9bf0000 - 0x00007ff8c9c03000 	C:\Program Files\Java\jdk-11.0.16.101-hotspot\bin\nio.dll

dbghelp: loaded successfully - version: 4.0.5 - missing functions: none
symbol engine: initialized successfully - sym options: 0x614 - pdb path: .;C:\Program Files\Java\jdk-11.0.16.101-hotspot\bin;C:\Windows\SYSTEM32;C:\Windows\WinSxS\amd64_microsoft.windows.common-controls_6595b64144ccf1df_6.0.19041.1110_none_60b5254171f9507e;C:\Program Files\Java\jdk-11.0.16.101-hotspot\bin\server

VM Arguments:
jvm_args: -Dfile.encoding=utf8 
java_command: c:\Users\jumpe\.vscode\extensions\vscjava.vscode-gradle-3.12.5\lib\gradle-language-server.jar
java_class_path (initial): c:\Users\jumpe\.vscode\extensions\vscjava.vscode-gradle-3.12.5\lib\gradle-language-server.jar
Launcher Type: SUN_STANDARD

[Global flags]
     intx CICompilerCount                          = 4                                         {product} {ergonomic}
     uint ConcGCThreads                            = 2                                         {product} {ergonomic}
     uint G1ConcRefinementThreads                  = 8                                         {product} {ergonomic}
   size_t G1HeapRegionSize                         = 1048576                                   {product} {ergonomic}
    uintx GCDrainStackTargetSize                   = 64                                        {product} {ergonomic}
   size_t InitialHeapSize                          = 398458880                                 {product} {ergonomic}
   size_t MarkStackSize                            = 4194304                                   {product} {ergonomic}
   size_t MaxHeapSize                              = 6369050624                                {product} {ergonomic}
   size_t MaxNewSize                               = 3821010944                                {product} {ergonomic}
   size_t MinHeapDeltaBytes                        = 1048576                                   {product} {ergonomic}
    uintx NonNMethodCodeHeapSize                   = 5836300                                {pd product} {ergonomic}
    uintx NonProfiledCodeHeapSize                  = 122910970                              {pd product} {ergonomic}
    uintx ProfiledCodeHeapSize                     = 122910970                              {pd product} {ergonomic}
    uintx ReservedCodeCacheSize                    = 251658240                              {pd product} {ergonomic}
     bool SegmentedCodeCache                       = true                                      {product} {ergonomic}
     bool UseCompressedClassPointers               = true                                 {lp64_product} {ergonomic}
     bool UseCompressedOops                        = true                                 {lp64_product} {ergonomic}
     bool UseG1GC                                  = true                                      {product} {ergonomic}
     bool UseLargePagesIndividualAllocation        = false                                  {pd product} {ergonomic}

Logging:
Log output configuration:
 #0: stdout all=warning uptime,level,tags
 #1: stderr all=off uptime,level,tags

Environment Variables:
JAVA_HOME=C:\Program Files\Java\jdk-11.0.16.101-hotspot
CLASSPATH=.;
PATH=C:\Program Files\Java\jdk-11.0.16.101-hotspot\bin;C:\Python39\Scripts\;C:\Python39\;C:\Windows\system32;C:\Windows;C:\Windows\System32\Wbem;C:\Windows\System32\WindowsPowerShell\v1.0\;C:\Windows\System32\OpenSSH\;C:\Program Files\Git\cmd;C:\ProgramData\chocolatey\bin;C:\Program Files\Java\jdk1.8.0_211\bin;C:\Program Files (x86)\Yarn\bin\;C:\Program Files\Microsoft SQL Server\150\Tools\Binn\;C:\Program Files\Microsoft SQL Server\Client SDK\ODBC\170\Tools\Binn\;C:\Program Files (x86)\Microsoft SQL Server\150\Tools\Binn\;C:\Program Files\Microsoft SQL Server\150\DTS\Binn\;C:\Program Files (x86)\IVI Foundation\VISA\WinNT\Bin\;C:\Program Files\IVI Foundation\VISA\Win64\Bin\;C:\Program Files (x86)\National Instruments\Shared\LabVIEW CLI;C:\Program Files (x86)\IVI Foundation\VISA\WinNT\Bin;%NVM_HOME%;%NVM_SYMLINK%;C:\Users\jumpe\AppData\Local\Programs\Python\Python310\Scripts\;C:\Users\jumpe\AppData\Local\Programs\Python\Python310\;C:\Users\jumpe\AppData\Local\Microsoft\WindowsApps;C:\Users\jumpe\AppData\Local\Programs\Microsoft VS Code\bin;C:\Users\jumpe\AppData\Local\Android\Sdk\platform-tools;C:\Users\jumpe\AppData\Local\Yarn\bin;C:\Users\jumpe\AppData\Roaming\npm;C:\Program Files\Azure Data Studio\bin;C:\Program Files\heroku\bin;C:\Program Files\PostgreSQL\13\bin;C:\Users\jumpe\AppData\Roaming\nvm;C:\Program Files\nodejs
USERNAME=jumpe
OS=Windows_NT
PROCESSOR_IDENTIFIER=Intel64 Family 6 Model 142 Stepping 12, GenuineIntel
TMP=C:\Users\jumpe\AppData\Local\Temp
TEMP=C:\Users\jumpe\AppData\Local\Temp



---------------  S Y S T E M  ---------------

OS: Windows 10 , 64 bit Build 19041 (10.0.19041.1889)
OS uptime: 0 days 18:57 hours

CPU:total 8 (initial active 8) (4 cores per cpu, 2 threads per core) family 6 model 142 stepping 12 microcode 0xea, cmov, cx8, fxsr, mmx, sse, sse2, sse3, ssse3, sse4.1, sse4.2, popcnt, avx, avx2, aes, clmul, erms, 3dnowpref, lzcnt, ht, tsc, tscinvbit, bmi1, bmi2, adx, fma

Memory: 4k page, system-wide physical 24291M (6763M free)
TotalPageFile size 24291M (AvailPageFile size 5M)
current process WorkingSet (physical memory assigned to process): 123M, peak: 124M
current process commit charge ("private bytes"): 517M, peak: 519M

vm_info: OpenJDK 64-Bit Server VM (11.0.16.1+1) for windows-amd64 JRE (11.0.16.1+1), built on Aug 16 2022 02:58:04 by "" with MS VC++ 15.9 (VS2017)

END.
