#
# There is insufficient memory for the Java Runtime Environment to continue.
# Native memory allocation (mmap) failed to map 398458880 bytes for Failed to commit area from 0x0000000684600000 to 0x000000069c200000 of length 398458880.
# Possible reasons:
#   The system is out of physical RAM or swap space
#   The process is running with CompressedOops enabled, and the Java Heap may be blocking the growth of the native heap
# Possible solutions:
#   Reduce memory load on the system
#   Increase physical memory or swap space
#   Check if swap backing store is full
#   Decrease Java heap size (-Xmx/-Xms)
#   Decrease number of Java threads
#   Decrease Java thread stack sizes (-Xss)
#   Set larger code cache with -XX:ReservedCodeCacheSize=
# This output file may be truncated or incomplete.
#
#  Out of Memory Error (./src/hotspot/os/windows/os_windows.cpp:3386), pid=5064, tid=17736
#
# JRE version:  (11.0.16.1+1) (build )
# Java VM: OpenJDK 64-Bit Server VM (11.0.16.1+1, mixed mode, sharing, tiered, compressed oops, g1 gc, windows-amd64)
# No core dump will be written. Minidumps are not enabled by default on client versions of Windows
#

---------------  S U M M A R Y ------------

Command Line: -Dfile.encoding=utf8 c:\Users\jumpe\.vscode\extensions\vscjava.vscode-gradle-3.12.5\lib\gradle-language-server.jar

Host: Intel(R) Core(TM) i5-8365U CPU @ 1.60GHz, 8 cores, 23G,  Windows 10 , 64 bit Build 19041 (10.0.19041.1889)
Time: Thu Oct 27 13:40:06 2022 Malay Peninsula Standard Time elapsed time: 0.228725 seconds (0d 0h 0m 0s)

---------------  T H R E A D  ---------------

Current thread (0x00000275de022000):  JavaThread "Unknown thread" [_thread_in_vm, id=17736, stack(0x000000a446200000,0x000000a446300000)]

Stack: [0x000000a446200000,0x000000a446300000]
Native frames: (J=compiled Java code, j=interpreted, Vv=VM code, C=native code)
V  [jvm.dll+0x61f18a]
V  [jvm.dll+0x7abb09]
V  [jvm.dll+0x7ad1f8]
V  [jvm.dll+0x7ad8d3]
V  [jvm.dll+0x24fc38]
V  [jvm.dll+0x61c49a]
V  [jvm.dll+0x610c45]
V  [jvm.dll+0x307b5c]
V  [jvm.dll+0x3079e2]
V  [jvm.dll+0x30c6f6]
V  [jvm.dll+0x352b4f]
V  [jvm.dll+0x352580]
V  [jvm.dll+0x2e4b58]
V  [jvm.dll+0x2e5cb6]
V  [jvm.dll+0x785957]
V  [jvm.dll+0x7870df]
V  [jvm.dll+0x35f899]
V  [jvm.dll+0x7688c0]
V  [jvm.dll+0x3cd3bf]
V  [jvm.dll+0x3cf751]
C  [jli.dll+0x5207]
C  [ucrtbase.dll+0x21bb2]
C  [KERNEL32.DLL+0x17034]
C  [ntdll.dll+0x526a1]


---------------  P R O C E S S  ---------------

Threads class SMR info:
_java_thread_list=0x00000275ddf01e10, length=0, elements={
}

Java Threads: ( => current thread )

Other Threads:
  0x00000275ddfda000 GCTaskThread "GC Thread#0" [stack: 0x000000a446300000,0x000000a446400000] [id=13004]
  0x00000275de0bd000 ConcurrentGCThread "G1 Main Marker" [stack: 0x000000a446400000,0x000000a446500000] [id=19328]
  0x00000275de0bf000 ConcurrentGCThread "G1 Conc#0" [stack: 0x000000a446500000,0x000000a446600000] [id=23392]

[error occurred during error reporting (printing all threads), id 0xc0000005, EXCEPTION_ACCESS_VIOLATION (0xc0000005) at pc=0x00007ff855454327]

VM state:not at safepoint (not fully initialized)

VM Mutex/Monitor currently owned by a thread:  ([mutex/lock_event])
[0x00000275de01f9d0] Heap_lock - owner thread: 0x00000275de022000

Heap address: 0x0000000684600000, size: 6074 MB, Compressed Oops mode: Non-zero based: 0x0000000684600000
Narrow klass base: 0x0000000000000000, Narrow klass shift: 0

GC Heap History (0 events):
No events

Deoptimization events (0 events):
No events

Classes redefined (0 events):
No events

Internal exceptions (0 events):
No events

Events (1 events):
Event: 0.124 Loaded shared library C:\Program Files\Java\jdk-11.0.16.101-hotspot\bin\zip.dll


Dynamic libraries:
0x00007ff750b90000 - 0x00007ff750b9d000 	C:\Program Files\Java\jdk-11.0.16.101-hotspot\bin\java.exe
0x00007ff8ddc90000 - 0x00007ff8dde88000 	C:\Windows\SYSTEM32\ntdll.dll
0x00007ff8dc630000 - 0x00007ff8dc6ed000 	C:\Windows\System32\KERNEL32.DLL
0x00007ff8db3a0000 - 0x00007ff8db672000 	C:\Windows\System32\KERNELBASE.dll
0x00007ff8db910000 - 0x00007ff8dba10000 	C:\Windows\System32\ucrtbase.dll
0x00007ff8d5a90000 - 0x00007ff8d5aa5000 	C:\Program Files\Java\jdk-11.0.16.101-hotspot\bin\VCRUNTIME140.dll
0x00007ff8d7850000 - 0x00007ff8d7867000 	C:\Program Files\Java\jdk-11.0.16.101-hotspot\bin\jli.dll
0x00007ff8ddab0000 - 0x00007ff8ddc4d000 	C:\Windows\System32\USER32.dll
0x00007ff8c28e0000 - 0x00007ff8c2b7a000 	C:\Windows\WinSxS\amd64_microsoft.windows.common-controls_6595b64144ccf1df_6.0.19041.1110_none_60b5254171f9507e\COMCTL32.dll
0x00007ff8dc820000 - 0x00007ff8dc8be000 	C:\Windows\System32\msvcrt.dll
0x00007ff8dda80000 - 0x00007ff8ddaab000 	C:\Windows\System32\GDI32.dll
0x00007ff8dba60000 - 0x00007ff8dba82000 	C:\Windows\System32\win32u.dll
0x00007ff8dbb40000 - 0x00007ff8dbc4f000 	C:\Windows\System32\gdi32full.dll
0x00007ff8dbc50000 - 0x00007ff8dbced000 	C:\Windows\System32\msvcp_win.dll
0x00007ff8dcef0000 - 0x00007ff8dcf20000 	C:\Windows\System32\IMM32.DLL
0x00007ff8c9c10000 - 0x00007ff8c9cab000 	C:\Program Files\Java\jdk-11.0.16.101-hotspot\bin\msvcp140.dll
0x00007ff855160000 - 0x00007ff855ce2000 	C:\Program Files\Java\jdk-11.0.16.101-hotspot\bin\server\jvm.dll
0x00007ff8dcde0000 - 0x00007ff8dce8e000 	C:\Windows\System32\ADVAPI32.dll
0x00007ff8dcf80000 - 0x00007ff8dd01c000 	C:\Windows\System32\sechost.dll
0x00007ff8dccb0000 - 0x00007ff8dcdd5000 	C:\Windows\System32\RPCRT4.dll
0x00007ff8dbda0000 - 0x00007ff8dbda8000 	C:\Windows\System32\PSAPI.DLL
0x00007ff8bc2e0000 - 0x00007ff8bc2e9000 	C:\Windows\SYSTEM32\WSOCK32.dll
0x00007ff8dcc40000 - 0x00007ff8dccab000 	C:\Windows\System32\WS2_32.dll
0x00007ff8c92d0000 - 0x00007ff8c92f7000 	C:\Windows\SYSTEM32\WINMM.dll
0x00007ff8d2910000 - 0x00007ff8d291a000 	C:\Windows\SYSTEM32\VERSION.dll
0x00007ff8d9180000 - 0x00007ff8d9192000 	C:\Windows\SYSTEM32\kernel.appcore.dll
0x00007ff8d7840000 - 0x00007ff8d7850000 	C:\Program Files\Java\jdk-11.0.16.101-hotspot\bin\verify.dll
0x00007ff8cbc10000 - 0x00007ff8cbdf4000 	C:\Windows\SYSTEM32\DBGHELP.DLL
0x00007ff8b1680000 - 0x00007ff8b16ac000 	C:\Windows\SYSTEM32\dbgcore.DLL
0x00007ff8db880000 - 0x00007ff8db902000 	C:\Windows\System32\bcryptPrimitives.dll
0x00007ff8d3a00000 - 0x00007ff8d3a28000 	C:\Program Files\Java\jdk-11.0.16.101-hotspot\bin\java.dll
0x00007ff8d5a80000 - 0x00007ff8d5a8a000 	C:\Program Files\Java\jdk-11.0.16.101-hotspot\bin\jimage.dll
0x00007ff8cc2c0000 - 0x00007ff8cc2d8000 	C:\Program Files\Java\jdk-11.0.16.101-hotspot\bin\zip.dll

dbghelp: loaded successfully - version: 4.0.5 - missing functions: none
symbol engine: initialized successfully - sym options: 0x614 - pdb path: .;C:\Program Files\Java\jdk-11.0.16.101-hotspot\bin;C:\Windows\SYSTEM32;C:\Windows\WinSxS\amd64_microsoft.windows.common-controls_6595b64144ccf1df_6.0.19041.1110_none_60b5254171f9507e;C:\Program Files\Java\jdk-11.0.16.101-hotspot\bin\server

VM Arguments:
jvm_args: -Dfile.encoding=utf8 
java_command: c:\Users\jumpe\.vscode\extensions\vscjava.vscode-gradle-3.12.5\lib\gradle-language-server.jar
java_class_path (initial): c:\Users\jumpe\.vscode\extensions\vscjava.vscode-gradle-3.12.5\lib\gradle-language-server.jar
Launcher Type: SUN_STANDARD

[Global flags]
     intx CICompilerCount                          = 4                                         {product} {ergonomic}
     uint ConcGCThreads                            = 2                                         {product} {ergonomic}
     uint G1ConcRefinementThreads                  = 8                                         {product} {ergonomic}
   size_t G1HeapRegionSize                         = 1048576                                   {product} {ergonomic}
    uintx GCDrainStackTargetSize                   = 64                                        {product} {ergonomic}
   size_t InitialHeapSize                          = 398458880                                 {product} {ergonomic}
   size_t MarkStackSize                            = 4194304                                   {product} {ergonomic}
   size_t MaxHeapSize                              = 6369050624                                {product} {ergonomic}
   size_t MinHeapDeltaBytes                        = 1048576                                   {product} {ergonomic}
    uintx NonNMethodCodeHeapSize                   = 5836300                                {pd product} {ergonomic}
    uintx NonProfiledCodeHeapSize                  = 122910970                              {pd product} {ergonomic}
    uintx ProfiledCodeHeapSize                     = 122910970                              {pd product} {ergonomic}
    uintx ReservedCodeCacheSize                    = 251658240                              {pd product} {ergonomic}
     bool SegmentedCodeCache                       = true                                      {product} {ergonomic}
     bool UseCompressedClassPointers               = true                                 {lp64_product} {ergonomic}
     bool UseCompressedOops                        = true                                 {lp64_product} {ergonomic}
     bool UseG1GC                                  = true                                      {product} {ergonomic}
     bool UseLargePagesIndividualAllocation        = false                                  {pd product} {ergonomic}

Logging:
Log output configuration:
 #0: stdout all=warning uptime,level,tags
 #1: stderr all=off uptime,level,tags

Environment Variables:
JAVA_HOME=C:\Program Files\Java\jdk-11.0.16.101-hotspot
CLASSPATH=.;
PATH=C:\Program Files\Java\jdk-11.0.16.101-hotspot\bin;C:\Python39\Scripts\;C:\Python39\;C:\Windows\system32;C:\Windows;C:\Windows\System32\Wbem;C:\Windows\System32\WindowsPowerShell\v1.0\;C:\Windows\System32\OpenSSH\;C:\Program Files\Git\cmd;C:\ProgramData\chocolatey\bin;C:\Program Files\Java\jdk1.8.0_211\bin;C:\Program Files (x86)\Yarn\bin\;C:\Program Files\Microsoft SQL Server\150\Tools\Binn\;C:\Program Files\Microsoft SQL Server\Client SDK\ODBC\170\Tools\Binn\;C:\Program Files (x86)\Microsoft SQL Server\150\Tools\Binn\;C:\Program Files\Microsoft SQL Server\150\DTS\Binn\;C:\Program Files (x86)\IVI Foundation\VISA\WinNT\Bin\;C:\Program Files\IVI Foundation\VISA\Win64\Bin\;C:\Program Files (x86)\National Instruments\Shared\LabVIEW CLI;C:\Program Files (x86)\IVI Foundation\VISA\WinNT\Bin;%NVM_HOME%;%NVM_SYMLINK%;C:\Users\jumpe\AppData\Local\Programs\Python\Python310\Scripts\;C:\Users\jumpe\AppData\Local\Programs\Python\Python310\;C:\Users\jumpe\AppData\Local\Microsoft\WindowsApps;C:\Users\jumpe\AppData\Local\Programs\Microsoft VS Code\bin;C:\Users\jumpe\AppData\Local\Android\Sdk\platform-tools;C:\Users\jumpe\AppData\Local\Yarn\bin;C:\Users\jumpe\AppData\Roaming\npm;C:\Program Files\Azure Data Studio\bin;C:\Program Files\heroku\bin;C:\Program Files\PostgreSQL\13\bin;C:\Users\jumpe\AppData\Roaming\nvm;C:\Program Files\nodejs
USERNAME=jumpe
OS=Windows_NT
PROCESSOR_IDENTIFIER=Intel64 Family 6 Model 142 Stepping 12, GenuineIntel
TMP=C:\Users\jumpe\AppData\Local\Temp
TEMP=C:\Users\jumpe\AppData\Local\Temp



---------------  S Y S T E M  ---------------

OS: Windows 10 , 64 bit Build 19041 (10.0.19041.1889)
OS uptime: 0 days 18:57 hours

CPU:total 8 (initial active 8) (4 cores per cpu, 2 threads per core) family 6 model 142 stepping 12 microcode 0xea, cmov, cx8, fxsr, mmx, sse, sse2, sse3, ssse3, sse4.1, sse4.2, popcnt, avx, avx2, aes, clmul, erms, 3dnowpref, lzcnt, ht, tsc, tscinvbit, bmi1, bmi2, adx, fma

Memory: 4k page, system-wide physical 24291M (6867M free)
TotalPageFile size 24291M (AvailPageFile size 285M)
current process WorkingSet (physical memory assigned to process): 10M, peak: 10M
current process commit charge ("private bytes"): 61M, peak: 441M

vm_info: OpenJDK 64-Bit Server VM (11.0.16.1+1) for windows-amd64 JRE (11.0.16.1+1), built on Aug 16 2022 02:58:04 by "" with MS VC++ 15.9 (VS2017)

END.
