#
# There is insufficient memory for the Java Runtime Environment to continue.
# Native memory allocation (malloc) failed to allocate 65552 bytes for Chunk::new
# Possible reasons:
#   The system is out of physical RAM or swap space
#   The process is running with CompressedOops enabled, and the Java Heap may be blocking the growth of the native heap
# Possible solutions:
#   Reduce memory load on the system
#   Increase physical memory or swap space
#   Check if swap backing store is full
#   Decrease Java heap size (-Xmx/-Xms)
#   Decrease number of Java threads
#   Decrease Java thread stack sizes (-Xss)
#   Set larger code cache with -XX:ReservedCodeCacheSize=
#   JVM is running with Unscaled Compressed Oops mode in which the Java heap is
#     placed in the first 4GB address space. The Java Heap base address is the
#     maximum limit for the native heap growth. Please use -XX:HeapBaseMinAddress
#     to set the Java Heap base and to place the Java Heap above 4GB virtual address.
# This output file may be truncated or incomplete.
#
#  Out of Memory Error (arena.cpp:189), pid=22060, tid=21776
#
# JRE version: OpenJDK Runtime Environment Temurin-17.0.4.1+1 (17.0.4.1+1) (build 17.0.4.1+1)
# Java VM: OpenJDK 64-Bit Server VM Temurin-17.0.4.1+1 (17.0.4.1+1, mixed mode, tiered, compressed oops, compressed class ptrs, parallel gc, windows-amd64)
# No core dump will be written. Minidumps are not enabled by default on client versions of Windows
#

---------------  S U M M A R Y ------------

Command Line: --add-modules=ALL-SYSTEM --add-opens=java.base/java.util=ALL-UNNAMED --add-opens=java.base/java.lang=ALL-UNNAMED --add-opens=java.base/sun.nio.fs=ALL-UNNAMED -Declipse.application=org.eclipse.jdt.ls.core.id1 -Dosgi.bundles.defaultStartLevel=4 -Declipse.product=org.eclipse.jdt.ls.core.product -Djava.import.generatesMetadataFilesAtProjectRoot=false -Dfile.encoding=utf8 -DwatchParentProcess=false -XX:+UseParallelGC -XX:GCTimeRatio=4 -XX:AdaptiveSizePolicyWeight=90 -Dsun.zip.disableMemoryMapping=true -Xmx1G -Xms100m -Xlog:disable -javaagent:c:\Users\jumpe\.vscode\extensions\redhat.java-1.11.0-win32-x64\lombok\lombok-1.18.24.jar c:\Users\jumpe\.vscode\extensions\redhat.java-1.11.0-win32-x64\server\plugins\org.eclipse.equinox.launcher_1.6.400.v20210924-0641.jar -configuration c:\Users\jumpe\AppData\Roaming\Code\User\globalStorage\redhat.java\1.11.0\config_ss_win -data c:\Users\jumpe\AppData\Roaming\Code\User\workspaceStorage\bc5678688899ec28ec23f289d8898fe4\redhat.java\ss_ws

Host: Intel(R) Core(TM) i5-8365U CPU @ 1.60GHz, 8 cores, 23G,  Windows 10 , 64 bit Build 19041 (10.0.19041.1889)
Time: Thu Oct 27 14:13:53 2022 Malay Peninsula Standard Time elapsed time: 13.299839 seconds (0d 0h 0m 13s)

---------------  T H R E A D  ---------------

Current thread (0x000002bd537f3c20):  JavaThread "C2 CompilerThread0" daemon [_thread_in_native, id=21776, stack(0x000000ead8300000,0x000000ead8400000)]


Current CompileTask:
C2:  13299 3991   !   4       org.eclipse.osgi.internal.loader.classpath.ClasspathManager::findLocalClass (210 bytes)

Stack: [0x000000ead8300000,0x000000ead8400000]
Native frames: (J=compiled Java code, j=interpreted, Vv=VM code, C=native code)
V  [jvm.dll+0x67731a]
V  [jvm.dll+0x832284]
V  [jvm.dll+0x833a2e]
V  [jvm.dll+0x834093]
V  [jvm.dll+0x245775]
V  [jvm.dll+0xabd7b]
V  [jvm.dll+0xac30c]
V  [jvm.dll+0xabe8b]
V  [jvm.dll+0x6cd57c]
V  [jvm.dll+0x5875bf]
V  [jvm.dll+0x56e52a]
V  [jvm.dll+0x56b4ec]
V  [jvm.dll+0x58346f]
V  [jvm.dll+0x584154]
V  [jvm.dll+0x5806f4]
V  [jvm.dll+0x580796]
V  [jvm.dll+0x57e0b2]
V  [jvm.dll+0x220892]
V  [jvm.dll+0x21a182]
V  [jvm.dll+0x21799b]
V  [jvm.dll+0x1a3f8d]
V  [jvm.dll+0x227498]
V  [jvm.dll+0x2255e5]
V  [jvm.dll+0x7e7e9b]
V  [jvm.dll+0x7e240a]
V  [jvm.dll+0x6761a5]
C  [ucrtbase.dll+0x21bb2]
C  [KERNEL32.DLL+0x17034]
C  [ntdll.dll+0x526a1]


---------------  P R O C E S S  ---------------

Threads class SMR info:
_java_thread_list=0x000002bd57ce5520, length=24, elements={
0x000002bd3d401630, 0x000002bd51292b90, 0x000002bd51293910, 0x000002bd537cd860,
0x000002bd5129b670, 0x000002bd5129c3f0, 0x000002bd537f3030, 0x000002bd537f3c20,
0x000002bd537f8540, 0x000002bd537f8e40, 0x000002bd3d4c02f0, 0x000002bd53aaf1c0,
0x000002bd54280510, 0x000002bd54323b50, 0x000002bd542e0580, 0x000002bd5410a190,
0x000002bd552e1050, 0x000002bd553126d0, 0x000002bd55393980, 0x000002bd553934b0,
0x000002bd55393e50, 0x000002bd57f0a920, 0x000002bd55392b10, 0x000002bd55392fe0
}

Java Threads: ( => current thread )
  0x000002bd3d401630 JavaThread "main" [_thread_blocked, id=21136, stack(0x000000ead7a00000,0x000000ead7b00000)]
  0x000002bd51292b90 JavaThread "Reference Handler" daemon [_thread_blocked, id=15324, stack(0x000000ead7d00000,0x000000ead7e00000)]
  0x000002bd51293910 JavaThread "Finalizer" daemon [_thread_blocked, id=12568, stack(0x000000ead7e00000,0x000000ead7f00000)]
  0x000002bd537cd860 JavaThread "Signal Dispatcher" daemon [_thread_blocked, id=16164, stack(0x000000ead7f00000,0x000000ead8000000)]
  0x000002bd5129b670 JavaThread "Attach Listener" daemon [_thread_blocked, id=22360, stack(0x000000ead8000000,0x000000ead8100000)]
  0x000002bd5129c3f0 JavaThread "Service Thread" daemon [_thread_blocked, id=1376, stack(0x000000ead8100000,0x000000ead8200000)]
  0x000002bd537f3030 JavaThread "Monitor Deflation Thread" daemon [_thread_blocked, id=16896, stack(0x000000ead8200000,0x000000ead8300000)]
=>0x000002bd537f3c20 JavaThread "C2 CompilerThread0" daemon [_thread_in_native, id=21776, stack(0x000000ead8300000,0x000000ead8400000)]
  0x000002bd537f8540 JavaThread "C1 CompilerThread0" daemon [_thread_blocked, id=15908, stack(0x000000ead8400000,0x000000ead8500000)]
  0x000002bd537f8e40 JavaThread "Sweeper thread" daemon [_thread_blocked, id=21652, stack(0x000000ead8500000,0x000000ead8600000)]
  0x000002bd3d4c02f0 JavaThread "Common-Cleaner" daemon [_thread_blocked, id=20424, stack(0x000000ead8600000,0x000000ead8700000)]
  0x000002bd53aaf1c0 JavaThread "Notification Thread" daemon [_thread_blocked, id=4868, stack(0x000000ead8700000,0x000000ead8800000)]
  0x000002bd54280510 JavaThread "Active Thread: Equinox Container: b018e2c6-6e70-4367-a158-abaaa39022b7" [_thread_blocked, id=20576, stack(0x000000ead8f00000,0x000000ead9000000)]
  0x000002bd54323b50 JavaThread "Framework Event Dispatcher: Equinox Container: b018e2c6-6e70-4367-a158-abaaa39022b7" daemon [_thread_blocked, id=15356, stack(0x000000ead9000000,0x000000ead9100000)]
  0x000002bd542e0580 JavaThread "Start Level: Equinox Container: b018e2c6-6e70-4367-a158-abaaa39022b7" daemon [_thread_blocked, id=22620, stack(0x000000ead9100000,0x000000ead9200000)]
  0x000002bd5410a190 JavaThread "SCR Component Actor" daemon [_thread_blocked, id=4908, stack(0x000000ead8e00000,0x000000ead8f00000)]
  0x000002bd552e1050 JavaThread "Worker-JM" [_thread_blocked, id=14980, stack(0x000000ead9500000,0x000000ead9600000)]
  0x000002bd553126d0 JavaThread "Worker-0" [_thread_blocked, id=19996, stack(0x000000ead9800000,0x000000ead9900000)]
  0x000002bd55393980 JavaThread "Worker-1" [_thread_blocked, id=24544, stack(0x000000ead9900000,0x000000ead9a00000)]
  0x000002bd553934b0 JavaThread "Worker-2" [_thread_blocked, id=11756, stack(0x000000ead9a00000,0x000000ead9b00000)]
  0x000002bd55393e50 JavaThread "pool-1-thread-1" [_thread_in_native, id=12864, stack(0x000000ead9600000,0x000000ead9700000)]
  0x000002bd57f0a920 JavaThread "C2 CompilerThread1" daemon [_thread_in_native, id=18428, stack(0x000000ead9400000,0x000000ead9500000)]
  0x000002bd55392b10 JavaThread "ForkJoinPool.commonPool-worker-1" daemon [_thread_blocked, id=15120, stack(0x000000ead9700000,0x000000ead9800000)]
  0x000002bd55392fe0 JavaThread "ForkJoinPool.commonPool-worker-2" daemon [_thread_new, id=21064, stack(0x0000000000000000,0x0000000000000000)]

Other Threads:
  0x000002bd5128c890 VMThread "VM Thread" [stack: 0x000000ead7c00000,0x000000ead7d00000] [id=4628]
  0x000002bd53ac4870 WatcherThread [stack: 0x000000ead8800000,0x000000ead8900000] [id=16288]
  0x000002bd3d416370 GCTaskThread "GC Thread#0" [stack: 0x000000ead7b00000,0x000000ead7c00000] [id=8712]
  0x000002bd542d3fb0 GCTaskThread "GC Thread#1" [stack: 0x000000ead8900000,0x000000ead8a00000] [id=3088]
  0x000002bd55028030 GCTaskThread "GC Thread#2" [stack: 0x000000ead8a00000,0x000000ead8b00000] [id=2316]
  0x000002bd550282e0 GCTaskThread "GC Thread#3" [stack: 0x000000ead8b00000,0x000000ead8c00000] [id=15764]
  0x000002bd55028590 GCTaskThread "GC Thread#4" [stack: 0x000000ead8c00000,0x000000ead8d00000] [id=23800]
  0x000002bd55028840 GCTaskThread "GC Thread#5" [stack: 0x000000ead8d00000,0x000000ead8e00000] [id=12328]
  0x000002bd53cc6880 GCTaskThread "GC Thread#6" [stack: 0x000000ead9200000,0x000000ead9300000] [id=13300]
  0x000002bd55333840 GCTaskThread "GC Thread#7" [stack: 0x000000ead9300000,0x000000ead9400000] [id=14948]

Threads with active compile tasks:
C2 CompilerThread0    13365 3991   !   4       org.eclipse.osgi.internal.loader.classpath.ClasspathManager::findLocalClass (210 bytes)
C2 CompilerThread1    13365 3800       4       org.objectweb.asm.ClassReader::readMethod (1066 bytes)

VM state: not at safepoint (normal execution)

VM Mutex/Monitor currently owned by a thread: None

Heap address: 0x00000000c0000000, size: 1024 MB, Compressed Oops mode: 32-bit

CDS archive(s) not mapped
Compressed class space mapped at: 0x0000000100000000-0x0000000140000000, reserved size: 1073741824
Narrow klass base: 0x0000000000000000, Narrow klass shift: 3, Narrow klass range: 0x140000000

GC Precious Log:
 CPUs: 8 total, 8 available
 Memory: 24291M
 Large Page Support: Disabled
 NUMA Support: Disabled
 Compressed Oops: Enabled (32-bit)
 Alignments: Space 512K, Generation 512K, Heap 2M
 Heap Min Capacity: 100M
 Heap Initial Capacity: 100M
 Heap Max Capacity: 1G
 Pre-touch: Disabled
 Parallel Workers: 8

Heap:
 PSYoungGen      total 20480K, used 2496K [0x00000000eab00000, 0x00000000ec280000, 0x0000000100000000)
  eden space 19968K, 9% used [0x00000000eab00000,0x00000000eacf0238,0x00000000ebe80000)
  from space 512K, 100% used [0x00000000ec200000,0x00000000ec280000,0x00000000ec280000)
  to   space 1024K, 0% used [0x00000000ec080000,0x00000000ec080000,0x00000000ec180000)
 ParOldGen       total 68608K, used 32000K [0x00000000c0000000, 0x00000000c4300000, 0x00000000eab00000)
  object space 68608K, 46% used [0x00000000c0000000,0x00000000c1f40340,0x00000000c4300000)
 Metaspace       used 41045K, committed 41664K, reserved 1089536K
  class space    used 4171K, committed 4480K, reserved 1048576K

Card table byte_map: [0x000002bd3cdd0000,0x000002bd3cfe0000] _byte_map_base: 0x000002bd3c7d0000

Marking Bits: (ParMarkBitMap*) 0x00007ff84d482cc0
 Begin Bits: [0x000002bd4f0a0000, 0x000002bd500a0000)
 End Bits:   [0x000002bd500a0000, 0x000002bd510a0000)

Polling page: 0x000002bd3b320000

Metaspace:

Usage:
  Non-class:     36.01 MB used.
      Class:      4.07 MB used.
       Both:     40.08 MB used.

Virtual space:
  Non-class space:       40.00 MB reserved,      36.31 MB ( 91%) committed,  5 nodes.
      Class space:        1.00 GB reserved,       4.38 MB ( <1%) committed,  1 nodes.
             Both:        1.04 GB reserved,      40.69 MB (  4%) committed. 

Chunk freelists:
   Non-Class:  2.95 MB
       Class:  3.59 MB
        Both:  6.55 MB

MaxMetaspaceSize: unlimited
CompressedClassSpaceSize: 1.00 GB
Initial GC threshold: 21.00 MB
Current GC threshold: 58.38 MB
CDS: off
MetaspaceReclaimPolicy: balanced
 - commit_granule_bytes: 65536.
 - commit_granule_words: 8192.
 - virtual_space_node_default_size: 1048576.
 - enlarge_chunks_in_place: 1.
 - new_chunks_are_fully_committed: 0.
 - uncommit_free_chunks: 1.
 - use_allocation_guard: 0.
 - handle_deallocations: 1.


Internal statistics:

num_allocs_failed_limit: 6.
num_arena_births: 272.
num_arena_deaths: 14.
num_vsnodes_births: 6.
num_vsnodes_deaths: 0.
num_space_committed: 651.
num_space_uncommitted: 0.
num_chunks_returned_to_freelist: 20.
num_chunks_taken_from_freelist: 1513.
num_chunk_merges: 10.
num_chunk_splits: 1062.
num_chunks_enlarged: 786.
num_purges: 2.
num_inconsistent_stats: 0.

CodeHeap 'non-profiled nmethods': size=120000Kb used=2527Kb max_used=2527Kb free=117473Kb
 bounds [0x000002bd47b70000, 0x000002bd47df0000, 0x000002bd4f0a0000]
CodeHeap 'profiled nmethods': size=120000Kb used=8717Kb max_used=8717Kb free=111282Kb
 bounds [0x000002bd40640000, 0x000002bd40ed0000, 0x000002bd47b70000]
CodeHeap 'non-nmethods': size=5760Kb used=1366Kb max_used=1366Kb free=4393Kb
 bounds [0x000002bd400a0000, 0x000002bd40310000, 0x000002bd40640000]
 total_blobs=4595 nmethods=3991 adapters=516
 compilation: enabled
              stopped_count=0, restarted_count=0
 full_count=0

Compilation events (20 events):
Event: 13.119 Thread 0x000002bd537f8540 4007       3       org.eclipse.core.runtime.Path::isAbsolute (13 bytes)
Event: 13.120 Thread 0x000002bd537f8540 nmethod 4007 0x000002bd40ebb090 code [0x000002bd40ebb220, 0x000002bd40ebb398]
Event: 13.121 Thread 0x000002bd537f8540 4010       3       org.eclipse.core.internal.dtree.DataTreeLookup::<init> (26 bytes)
Event: 13.121 Thread 0x000002bd537f8540 nmethod 4010 0x000002bd40ebb410 code [0x000002bd40ebb5a0, 0x000002bd40ebb758]
Event: 13.122 Thread 0x000002bd537f8540 4011       3       org.eclipse.jdt.internal.core.util.Util::isValidFolderNameForPackage (19 bytes)
Event: 13.122 Thread 0x000002bd537f8540 nmethod 4011 0x000002bd40ebb810 code [0x000002bd40ebb9c0, 0x000002bd40ebbbf8]
Event: 13.122 Thread 0x000002bd537f8540 4012       1       org.eclipse.core.internal.resources.ProjectInfo::getDescription (5 bytes)
Event: 13.122 Thread 0x000002bd537f8540 nmethod 4012 0x000002bd47de7010 code [0x000002bd47de71a0, 0x000002bd47de7278]
Event: 13.124 Thread 0x000002bd537f8540 4013       3       java.nio.CharBuffer::arrayOffset (35 bytes)
Event: 13.124 Thread 0x000002bd537f8540 nmethod 4013 0x000002bd40ebbd10 code [0x000002bd40ebbee0, 0x000002bd40ebc198]
Event: 13.127 Thread 0x000002bd537f8540 4015       1       java.lang.reflect.AccessibleObject::isAccessible (5 bytes)
Event: 13.128 Thread 0x000002bd537f8540 nmethod 4015 0x000002bd47de7310 code [0x000002bd47de74a0, 0x000002bd47de7578]
Event: 13.128 Thread 0x000002bd537f8540 4016       3       sun.reflect.annotation.AnnotationParser::parseSig (62 bytes)
Event: 13.129 Thread 0x000002bd537f8540 nmethod 4016 0x000002bd40ebc290 code [0x000002bd40ebc560, 0x000002bd40ebd558]
Event: 13.129 Thread 0x000002bd537f8540 4017       3       sun.reflect.annotation.AnnotationParser::toClass (32 bytes)
Event: 13.130 Thread 0x000002bd537f8540 nmethod 4017 0x000002bd40ebdb10 code [0x000002bd40ebdd60, 0x000002bd40ebe848]
Event: 13.130 Thread 0x000002bd537f8540 4018       3       com.google.gson.stream.JsonWriter::string (169 bytes)
Event: 13.132 Thread 0x000002bd537f8540 nmethod 4018 0x000002bd40ebea90 code [0x000002bd40ebed20, 0x000002bd40ebfc08]
Event: 13.141 Thread 0x000002bd537f8540 4019       3       org.eclipse.jdt.internal.core.PackageFragmentRoot::hashCode (8 bytes)
Event: 13.141 Thread 0x000002bd537f8540 nmethod 4019 0x000002bd40ec0210 code [0x000002bd40ec0420, 0x000002bd40ec0ca8]

GC Heap History (20 events):
Event: 8.763 GC heap before
{Heap before GC invocations=13 (full 1):
 PSYoungGen      total 24064K, used 23904K [0x00000000eab00000, 0x00000000ec680000, 0x0000000100000000)
  eden space 22016K, 100% used [0x00000000eab00000,0x00000000ec080000,0x00000000ec080000)
  from space 2048K, 92% used [0x00000000ec100000,0x00000000ec2d8000,0x00000000ec300000)
  to   space 2560K, 0% used [0x00000000ec400000,0x00000000ec400000,0x00000000ec680000)
 ParOldGen       total 68608K, used 18941K [0x00000000c0000000, 0x00000000c4300000, 0x00000000eab00000)
  object space 68608K, 27% used [0x00000000c0000000,0x00000000c127f728,0x00000000c4300000)
 Metaspace       used 34722K, committed 35328K, reserved 1081344K
  class space    used 3507K, committed 3776K, reserved 1048576K
}
Event: 8.766 GC heap after
{Heap after GC invocations=13 (full 1):
 PSYoungGen      total 24576K, used 2112K [0x00000000eab00000, 0x00000000ec680000, 0x0000000100000000)
  eden space 22016K, 0% used [0x00000000eab00000,0x00000000eab00000,0x00000000ec080000)
  from space 2560K, 82% used [0x00000000ec400000,0x00000000ec610010,0x00000000ec680000)
  to   space 2560K, 0% used [0x00000000ec180000,0x00000000ec180000,0x00000000ec400000)
 ParOldGen       total 68608K, used 20701K [0x00000000c0000000, 0x00000000c4300000, 0x00000000eab00000)
  object space 68608K, 30% used [0x00000000c0000000,0x00000000c1437728,0x00000000c4300000)
 Metaspace       used 34722K, committed 35328K, reserved 1081344K
  class space    used 3507K, committed 3776K, reserved 1048576K
}
Event: 8.977 GC heap before
{Heap before GC invocations=14 (full 1):
 PSYoungGen      total 24576K, used 24128K [0x00000000eab00000, 0x00000000ec680000, 0x0000000100000000)
  eden space 22016K, 100% used [0x00000000eab00000,0x00000000ec080000,0x00000000ec080000)
  from space 2560K, 82% used [0x00000000ec400000,0x00000000ec610010,0x00000000ec680000)
  to   space 2560K, 0% used [0x00000000ec180000,0x00000000ec180000,0x00000000ec400000)
 ParOldGen       total 68608K, used 20701K [0x00000000c0000000, 0x00000000c4300000, 0x00000000eab00000)
  object space 68608K, 30% used [0x00000000c0000000,0x00000000c1437728,0x00000000c4300000)
 Metaspace       used 34775K, committed 35328K, reserved 1081344K
  class space    used 3519K, committed 3776K, reserved 1048576K
}
Event: 8.980 GC heap after
{Heap after GC invocations=14 (full 1):
 PSYoungGen      total 24576K, used 2528K [0x00000000eab00000, 0x00000000ec680000, 0x0000000100000000)
  eden space 22016K, 0% used [0x00000000eab00000,0x00000000eab00000,0x00000000ec080000)
  from space 2560K, 98% used [0x00000000ec180000,0x00000000ec3f8010,0x00000000ec400000)
  to   space 2560K, 0% used [0x00000000ec400000,0x00000000ec400000,0x00000000ec680000)
 ParOldGen       total 68608K, used 22704K [0x00000000c0000000, 0x00000000c4300000, 0x00000000eab00000)
  object space 68608K, 33% used [0x00000000c0000000,0x00000000c162c250,0x00000000c4300000)
 Metaspace       used 34775K, committed 35328K, reserved 1081344K
  class space    used 3519K, committed 3776K, reserved 1048576K
}
Event: 9.089 GC heap before
{Heap before GC invocations=15 (full 1):
 PSYoungGen      total 24576K, used 24544K [0x00000000eab00000, 0x00000000ec680000, 0x0000000100000000)
  eden space 22016K, 100% used [0x00000000eab00000,0x00000000ec080000,0x00000000ec080000)
  from space 2560K, 98% used [0x00000000ec180000,0x00000000ec3f8010,0x00000000ec400000)
  to   space 2560K, 0% used [0x00000000ec400000,0x00000000ec400000,0x00000000ec680000)
 ParOldGen       total 68608K, used 22704K [0x00000000c0000000, 0x00000000c4300000, 0x00000000eab00000)
  object space 68608K, 33% used [0x00000000c0000000,0x00000000c162c250,0x00000000c4300000)
 Metaspace       used 34775K, committed 35328K, reserved 1081344K
  class space    used 3519K, committed 3776K, reserved 1048576K
}
Event: 9.094 GC heap after
{Heap after GC invocations=15 (full 1):
 PSYoungGen      total 22528K, used 2528K [0x00000000eab00000, 0x00000000ecb80000, 0x0000000100000000)
  eden space 19968K, 0% used [0x00000000eab00000,0x00000000eab00000,0x00000000ebe80000)
  from space 2560K, 98% used [0x00000000ec400000,0x00000000ec678010,0x00000000ec680000)
  to   space 5632K, 0% used [0x00000000ebe80000,0x00000000ebe80000,0x00000000ec400000)
 ParOldGen       total 68608K, used 25160K [0x00000000c0000000, 0x00000000c4300000, 0x00000000eab00000)
  object space 68608K, 36% used [0x00000000c0000000,0x00000000c1892388,0x00000000c4300000)
 Metaspace       used 34775K, committed 35328K, reserved 1081344K
  class space    used 3519K, committed 3776K, reserved 1048576K
}
Event: 9.263 GC heap before
{Heap before GC invocations=16 (full 1):
 PSYoungGen      total 22528K, used 22496K [0x00000000eab00000, 0x00000000ecb80000, 0x0000000100000000)
  eden space 19968K, 100% used [0x00000000eab00000,0x00000000ebe80000,0x00000000ebe80000)
  from space 2560K, 98% used [0x00000000ec400000,0x00000000ec678010,0x00000000ec680000)
  to   space 5632K, 0% used [0x00000000ebe80000,0x00000000ebe80000,0x00000000ec400000)
 ParOldGen       total 68608K, used 25160K [0x00000000c0000000, 0x00000000c4300000, 0x00000000eab00000)
  object space 68608K, 36% used [0x00000000c0000000,0x00000000c1892388,0x00000000c4300000)
 Metaspace       used 34775K, committed 35328K, reserved 1081344K
  class space    used 3519K, committed 3776K, reserved 1048576K
}
Event: 9.268 GC heap after
{Heap after GC invocations=16 (full 1):
 PSYoungGen      total 22016K, used 2016K [0x00000000eab00000, 0x00000000ec580000, 0x0000000100000000)
  eden space 19968K, 0% used [0x00000000eab00000,0x00000000eab00000,0x00000000ebe80000)
  from space 2048K, 98% used [0x00000000ebe80000,0x00000000ec078000,0x00000000ec080000)
  to   space 3584K, 0% used [0x00000000ec200000,0x00000000ec200000,0x00000000ec580000)
 ParOldGen       total 68608K, used 27631K [0x00000000c0000000, 0x00000000c4300000, 0x00000000eab00000)
  object space 68608K, 40% used [0x00000000c0000000,0x00000000c1afbc18,0x00000000c4300000)
 Metaspace       used 34775K, committed 35328K, reserved 1081344K
  class space    used 3519K, committed 3776K, reserved 1048576K
}
Event: 9.664 GC heap before
{Heap before GC invocations=17 (full 1):
 PSYoungGen      total 22016K, used 16571K [0x00000000eab00000, 0x00000000ec580000, 0x0000000100000000)
  eden space 19968K, 72% used [0x00000000eab00000,0x00000000eb936e58,0x00000000ebe80000)
  from space 2048K, 98% used [0x00000000ebe80000,0x00000000ec078000,0x00000000ec080000)
  to   space 3584K, 0% used [0x00000000ec200000,0x00000000ec200000,0x00000000ec580000)
 ParOldGen       total 68608K, used 27631K [0x00000000c0000000, 0x00000000c4300000, 0x00000000eab00000)
  object space 68608K, 40% used [0x00000000c0000000,0x00000000c1afbc18,0x00000000c4300000)
 Metaspace       used 35314K, committed 35840K, reserved 1089536K
  class space    used 3576K, committed 3840K, reserved 1048576K
}
Event: 9.668 GC heap after
{Heap after GC invocations=17 (full 1):
 PSYoungGen      total 22528K, used 2276K [0x00000000eab00000, 0x00000000ec480000, 0x0000000100000000)
  eden space 19968K, 0% used [0x00000000eab00000,0x00000000eab00000,0x00000000ebe80000)
  from space 2560K, 88% used [0x00000000ec200000,0x00000000ec4393d0,0x00000000ec480000)
  to   space 2560K, 0% used [0x00000000ebf80000,0x00000000ebf80000,0x00000000ec200000)
 ParOldGen       total 68608K, used 29543K [0x00000000c0000000, 0x00000000c4300000, 0x00000000eab00000)
  object space 68608K, 43% used [0x00000000c0000000,0x00000000c1cd9c18,0x00000000c4300000)
 Metaspace       used 35314K, committed 35840K, reserved 1089536K
  class space    used 3576K, committed 3840K, reserved 1048576K
}
Event: 9.668 GC heap before
{Heap before GC invocations=18 (full 2):
 PSYoungGen      total 22528K, used 2276K [0x00000000eab00000, 0x00000000ec480000, 0x0000000100000000)
  eden space 19968K, 0% used [0x00000000eab00000,0x00000000eab00000,0x00000000ebe80000)
  from space 2560K, 88% used [0x00000000ec200000,0x00000000ec4393d0,0x00000000ec480000)
  to   space 2560K, 0% used [0x00000000ebf80000,0x00000000ebf80000,0x00000000ec200000)
 ParOldGen       total 68608K, used 29543K [0x00000000c0000000, 0x00000000c4300000, 0x00000000eab00000)
  object space 68608K, 43% used [0x00000000c0000000,0x00000000c1cd9c18,0x00000000c4300000)
 Metaspace       used 35314K, committed 35840K, reserved 1089536K
  class space    used 3576K, committed 3840K, reserved 1048576K
}
Event: 9.736 GC heap after
{Heap after GC invocations=18 (full 2):
 PSYoungGen      total 22528K, used 0K [0x00000000eab00000, 0x00000000ec480000, 0x0000000100000000)
  eden space 19968K, 0% used [0x00000000eab00000,0x00000000eab00000,0x00000000ebe80000)
  from space 2560K, 0% used [0x00000000ec200000,0x00000000ec200000,0x00000000ec480000)
  to   space 2560K, 0% used [0x00000000ebf80000,0x00000000ebf80000,0x00000000ec200000)
 ParOldGen       total 68608K, used 30835K [0x00000000c0000000, 0x00000000c4300000, 0x00000000eab00000)
  object space 68608K, 44% used [0x00000000c0000000,0x00000000c1e1cc18,0x00000000c4300000)
 Metaspace       used 35314K, committed 35840K, reserved 1089536K
  class space    used 3576K, committed 3840K, reserved 1048576K
}
Event: 10.523 GC heap before
{Heap before GC invocations=19 (full 2):
 PSYoungGen      total 22528K, used 19889K [0x00000000eab00000, 0x00000000ec480000, 0x0000000100000000)
  eden space 19968K, 99% used [0x00000000eab00000,0x00000000ebe6c620,0x00000000ebe80000)
  from space 2560K, 0% used [0x00000000ec200000,0x00000000ec200000,0x00000000ec480000)
  to   space 2560K, 0% used [0x00000000ebf80000,0x00000000ebf80000,0x00000000ec200000)
 ParOldGen       total 68608K, used 30835K [0x00000000c0000000, 0x00000000c4300000, 0x00000000eab00000)
  object space 68608K, 44% used [0x00000000c0000000,0x00000000c1e1cc18,0x00000000c4300000)
 Metaspace       used 37751K, committed 38400K, reserved 1089536K
  class space    used 3829K, committed 4096K, reserved 1048576K
}
Event: 10.526 GC heap after
{Heap after GC invocations=19 (full 2):
 PSYoungGen      total 22528K, used 2190K [0x00000000eab00000, 0x00000000ec380000, 0x0000000100000000)
  eden space 19968K, 0% used [0x00000000eab00000,0x00000000eab00000,0x00000000ebe80000)
  from space 2560K, 85% used [0x00000000ebf80000,0x00000000ec1a3af0,0x00000000ec200000)
  to   space 1536K, 0% used [0x00000000ec200000,0x00000000ec200000,0x00000000ec380000)
 ParOldGen       total 68608K, used 30843K [0x00000000c0000000, 0x00000000c4300000, 0x00000000eab00000)
  object space 68608K, 44% used [0x00000000c0000000,0x00000000c1e1ec18,0x00000000c4300000)
 Metaspace       used 37751K, committed 38400K, reserved 1089536K
  class space    used 3829K, committed 4096K, reserved 1048576K
}
Event: 10.790 GC heap before
{Heap before GC invocations=20 (full 2):
 PSYoungGen      total 22528K, used 22158K [0x00000000eab00000, 0x00000000ec380000, 0x0000000100000000)
  eden space 19968K, 100% used [0x00000000eab00000,0x00000000ebe80000,0x00000000ebe80000)
  from space 2560K, 85% used [0x00000000ebf80000,0x00000000ec1a3af0,0x00000000ec200000)
  to   space 1536K, 0% used [0x00000000ec200000,0x00000000ec200000,0x00000000ec380000)
 ParOldGen       total 68608K, used 30843K [0x00000000c0000000, 0x00000000c4300000, 0x00000000eab00000)
  object space 68608K, 44% used [0x00000000c0000000,0x00000000c1e1ec18,0x00000000c4300000)
 Metaspace       used 37783K, committed 38400K, reserved 1089536K
  class space    used 3829K, committed 4096K, reserved 1048576K
}
Event: 10.791 GC heap after
{Heap after GC invocations=20 (full 2):
 PSYoungGen      total 20992K, used 589K [0x00000000eab00000, 0x00000000ec300000, 0x0000000100000000)
  eden space 19968K, 0% used [0x00000000eab00000,0x00000000eab00000,0x00000000ebe80000)
  from space 1024K, 57% used [0x00000000ec200000,0x00000000ec2936c8,0x00000000ec300000)
  to   space 1536K, 0% used [0x00000000ec000000,0x00000000ec000000,0x00000000ec180000)
 ParOldGen       total 68608K, used 31832K [0x00000000c0000000, 0x00000000c4300000, 0x00000000eab00000)
  object space 68608K, 46% used [0x00000000c0000000,0x00000000c1f16340,0x00000000c4300000)
 Metaspace       used 37783K, committed 38400K, reserved 1089536K
  class space    used 3829K, committed 4096K, reserved 1048576K
}
Event: 11.807 GC heap before
{Heap before GC invocations=21 (full 2):
 PSYoungGen      total 20992K, used 20557K [0x00000000eab00000, 0x00000000ec300000, 0x0000000100000000)
  eden space 19968K, 100% used [0x00000000eab00000,0x00000000ebe80000,0x00000000ebe80000)
  from space 1024K, 57% used [0x00000000ec200000,0x00000000ec2936c8,0x00000000ec300000)
  to   space 1536K, 0% used [0x00000000ec000000,0x00000000ec000000,0x00000000ec180000)
 ParOldGen       total 68608K, used 31832K [0x00000000c0000000, 0x00000000c4300000, 0x00000000eab00000)
  object space 68608K, 46% used [0x00000000c0000000,0x00000000c1f16340,0x00000000c4300000)
 Metaspace       used 39064K, committed 39616K, reserved 1089536K
  class space    used 3974K, committed 4224K, reserved 1048576K
}
Event: 11.809 GC heap after
{Heap after GC invocations=21 (full 2):
 PSYoungGen      total 21504K, used 256K [0x00000000eab00000, 0x00000000ec280000, 0x0000000100000000)
  eden space 19968K, 0% used [0x00000000eab00000,0x00000000eab00000,0x00000000ebe80000)
  from space 1536K, 16% used [0x00000000ec000000,0x00000000ec040000,0x00000000ec180000)
  to   space 512K, 0% used [0x00000000ec200000,0x00000000ec200000,0x00000000ec280000)
 ParOldGen       total 68608K, used 31872K [0x00000000c0000000, 0x00000000c4300000, 0x00000000eab00000)
  object space 68608K, 46% used [0x00000000c0000000,0x00000000c1f20340,0x00000000c4300000)
 Metaspace       used 39064K, committed 39616K, reserved 1089536K
  class space    used 3974K, committed 4224K, reserved 1048576K
}
Event: 12.991 GC heap before
{Heap before GC invocations=22 (full 2):
 PSYoungGen      total 21504K, used 20224K [0x00000000eab00000, 0x00000000ec280000, 0x0000000100000000)
  eden space 19968K, 100% used [0x00000000eab00000,0x00000000ebe80000,0x00000000ebe80000)
  from space 1536K, 16% used [0x00000000ec000000,0x00000000ec040000,0x00000000ec180000)
  to   space 512K, 0% used [0x00000000ec200000,0x00000000ec200000,0x00000000ec280000)
 ParOldGen       total 68608K, used 31872K [0x00000000c0000000, 0x00000000c4300000, 0x00000000eab00000)
  object space 68608K, 46% used [0x00000000c0000000,0x00000000c1f20340,0x00000000c4300000)
 Metaspace       used 40783K, committed 41408K, reserved 1089536K
  class space    used 4142K, committed 4480K, reserved 1048576K
}
Event: 12.992 GC heap after
{Heap after GC invocations=22 (full 2):
 PSYoungGen      total 20480K, used 512K [0x00000000eab00000, 0x00000000ec280000, 0x0000000100000000)
  eden space 19968K, 0% used [0x00000000eab00000,0x00000000eab00000,0x00000000ebe80000)
  from space 512K, 100% used [0x00000000ec200000,0x00000000ec280000,0x00000000ec280000)
  to   space 1024K, 0% used [0x00000000ec080000,0x00000000ec080000,0x00000000ec180000)
 ParOldGen       total 68608K, used 32000K [0x00000000c0000000, 0x00000000c4300000, 0x00000000eab00000)
  object space 68608K, 46% used [0x00000000c0000000,0x00000000c1f40340,0x00000000c4300000)
 Metaspace       used 40783K, committed 41408K, reserved 1089536K
  class space    used 4142K, committed 4480K, reserved 1048576K
}

Deoptimization events (20 events):
Event: 11.874 Thread 0x000002bd55393e50 DEOPT PACKING pc=0x000002bd47d9f6bc sp=0x000000ead96fbc80
Event: 11.874 Thread 0x000002bd55393e50 DEOPT UNPACKING pc=0x000002bd400f20a3 sp=0x000000ead96fbc28 mode 2
Event: 11.875 Thread 0x000002bd55393e50 Uncommon trap: trap_request=0xffffffde fr.pc=0x000002bd47d9f6bc relative=0x000000000000069c
Event: 11.875 Thread 0x000002bd55393e50 Uncommon trap: reason=class_check action=maybe_recompile pc=0x000002bd47d9f6bc method=java.util.regex.Matcher.match(II)Z @ 121 c2
Event: 11.875 Thread 0x000002bd55393e50 DEOPT PACKING pc=0x000002bd47d9f6bc sp=0x000000ead96fbc80
Event: 11.875 Thread 0x000002bd55393e50 DEOPT UNPACKING pc=0x000002bd400f20a3 sp=0x000000ead96fbc28 mode 2
Event: 12.443 Thread 0x000002bd55393e50 Uncommon trap: trap_request=0xffffff45 fr.pc=0x000002bd47c85690 relative=0x0000000000000d90
Event: 12.443 Thread 0x000002bd55393e50 Uncommon trap: reason=unstable_if action=reinterpret pc=0x000002bd47c85690 method=java.util.TreeMap.put(Ljava/lang/Object;Ljava/lang/Object;Z)Ljava/lang/Object; @ 27 c2
Event: 12.443 Thread 0x000002bd55393e50 DEOPT PACKING pc=0x000002bd47c85690 sp=0x000000ead96fc790
Event: 12.443 Thread 0x000002bd55393e50 DEOPT UNPACKING pc=0x000002bd400f20a3 sp=0x000000ead96fc730 mode 2
Event: 12.651 Thread 0x000002bd55393e50 DEOPT PACKING pc=0x000002bd40823723 sp=0x000000ead96f7050
Event: 12.651 Thread 0x000002bd55393e50 DEOPT UNPACKING pc=0x000002bd400f2843 sp=0x000000ead96f6588 mode 0
Event: 12.855 Thread 0x000002bd55393e50 Uncommon trap: trap_request=0xffffffcc fr.pc=0x000002bd47de3598 relative=0x00000000000001f8
Event: 12.855 Thread 0x000002bd55393e50 Uncommon trap: reason=intrinsic_or_type_checked_inlining action=make_not_entrant pc=0x000002bd47de3598 method=java.util.Arrays.copyOf([Ljava/lang/Object;ILjava/lang/Class;)[Ljava/lang/Object; @ 35 c2
Event: 12.855 Thread 0x000002bd55393e50 DEOPT PACKING pc=0x000002bd47de3598 sp=0x000000ead96fc4a0
Event: 12.855 Thread 0x000002bd55393e50 DEOPT UNPACKING pc=0x000002bd400f20a3 sp=0x000000ead96fc430 mode 2
Event: 13.016 Thread 0x000002bd55393e50 Uncommon trap: trap_request=0xffffff45 fr.pc=0x000002bd47b97534 relative=0x0000000000000314
Event: 13.016 Thread 0x000002bd55393e50 Uncommon trap: reason=unstable_if action=reinterpret pc=0x000002bd47b97534 method=java.util.HashMap$HashIterator.<init>(Ljava/util/HashMap;)V @ 45 c2
Event: 13.016 Thread 0x000002bd55393e50 DEOPT PACKING pc=0x000002bd47b97534 sp=0x000000ead96fdc10
Event: 13.016 Thread 0x000002bd55393e50 DEOPT UNPACKING pc=0x000002bd400f20a3 sp=0x000000ead96fdad8 mode 2

Classes unloaded (7 events):
Event: 4.197 Thread 0x000002bd5128c890 Unloading class 0x0000000100210c00 'java/lang/invoke/LambdaForm$MH+0x0000000100210c00'
Event: 4.197 Thread 0x000002bd5128c890 Unloading class 0x0000000100210800 'java/lang/invoke/LambdaForm$MH+0x0000000100210800'
Event: 4.197 Thread 0x000002bd5128c890 Unloading class 0x0000000100210400 'java/lang/invoke/LambdaForm$MH+0x0000000100210400'
Event: 4.197 Thread 0x000002bd5128c890 Unloading class 0x0000000100210000 'java/lang/invoke/LambdaForm$MH+0x0000000100210000'
Event: 4.197 Thread 0x000002bd5128c890 Unloading class 0x000000010020f800 'java/lang/invoke/LambdaForm$BMH+0x000000010020f800'
Event: 4.197 Thread 0x000002bd5128c890 Unloading class 0x000000010020f400 'java/lang/invoke/LambdaForm$DMH+0x000000010020f400'
Event: 4.197 Thread 0x000002bd5128c890 Unloading class 0x000000010020c800 'java/lang/invoke/LambdaForm$DMH+0x000000010020c800'

Classes redefined (0 events):
No events

Internal exceptions (20 events):
Event: 6.336 Thread 0x000002bd542e0580 Exception <a 'java/lang/ClassNotFoundException'{0x00000000ead1a138}: com/sun/org/apache/xml/internal/serializer/spi/XMLEntitiesProvider> (0x00000000ead1a138) 
thrown [s\src\hotspot\share\classfile\systemDictionary.cpp, line 256]
Event: 6.572 Thread 0x000002bd542e0580 Exception <a 'java/io/FileNotFoundException'{0x00000000eb077c80}> (0x00000000eb077c80) 
thrown [s\src\hotspot\share\prims\jni.cpp, line 516]
Event: 6.806 Thread 0x000002bd542e0580 Exception <a 'java/lang/UnsatisfiedLinkError'{0x00000000eb3b39e0}: The specified procedure could not be found.
> (0x00000000eb3b39e0) 
thrown [s\src\hotspot\share\prims\jni.cpp, line 535]
Event: 6.815 Thread 0x000002bd542e0580 Exception <a 'java/io/FileNotFoundException'{0x00000000eb3d7438}> (0x00000000eb3d7438) 
thrown [s\src\hotspot\share\prims\jni.cpp, line 516]
Event: 6.853 Thread 0x000002bd542e0580 Exception <a 'java/io/FileNotFoundException'{0x00000000eb4499a8}> (0x00000000eb4499a8) 
thrown [s\src\hotspot\share\prims\jni.cpp, line 516]
Event: 6.881 Thread 0x000002bd542e0580 Exception <a 'java/lang/UnsatisfiedLinkError'{0x00000000eb4d4198}: The specified procedure could not be found.
> (0x00000000eb4d4198) 
thrown [s\src\hotspot\share\prims\jni.cpp, line 535]
Event: 6.999 Thread 0x000002bd3d401630 Exception <a 'java/lang/NoSuchMethodError'{0x00000000eb76d350}: 'void java.lang.invoke.DirectMethodHandle$Holder.invokeStatic(java.lang.Object, java.lang.Object, java.lang.Object, java.lang.Object)'> (0x00000000eb76d350) 
thrown [s\src\hotspot\share\interpreter\linkResolver.cpp, line 759]
Event: 7.236 Thread 0x000002bd3d401630 Exception <a 'java/lang/NoSuchMethodError'{0x00000000ebeb85a0}: 'void java.lang.invoke.DirectMethodHandle$Holder.invokeSpecial(java.lang.Object, java.lang.Object, java.lang.Object, java.lang.Object, java.lang.Object, java.lang.Object)'> (0x00000000ebeb85a0) 
thrown [s\src\hotspot\share\interpreter\linkResolver.cpp, line 759]
Event: 7.237 Thread 0x000002bd3d401630 Exception <a 'java/lang/NoSuchMethodError'{0x00000000ebebff20}: 'java.lang.Object java.lang.invoke.DirectMethodHandle$Holder.newInvokeSpecial(java.lang.Object, java.lang.Object, java.lang.Object, java.lang.Object, java.lang.Object)'> (0x00000000ebebff20) 
thrown [s\src\hotspot\share\interpreter\linkResolver.cpp, line 759]
Event: 7.397 Thread 0x000002bd55393e50 Exception <a 'java/io/FileNotFoundException'{0x00000000eab24a58}> (0x00000000eab24a58) 
thrown [s\src\hotspot\share\prims\jni.cpp, line 516]
Event: 7.517 Thread 0x000002bd55393e50 Exception <a 'java/lang/NoSuchMethodError'{0x00000000eaffb9e0}: 'int java.lang.invoke.DirectMethodHandle$Holder.invokeVirtual(java.lang.Object, java.lang.Object)'> (0x00000000eaffb9e0) 
thrown [s\src\hotspot\share\interpreter\linkResolver.cpp, line 759]
Event: 7.897 Thread 0x000002bd553934b0 Exception <a 'java/lang/NoSuchMethodError'{0x00000000eba46430}: 'java.lang.Object java.lang.invoke.Invokers$Holder.invoke_MT(java.lang.Object, java.lang.Object, java.lang.Object)'> (0x00000000eba46430) 
thrown [s\src\hotspot\share\interpreter\linkResolver.cpp, line 759]
Event: 8.297 Thread 0x000002bd553934b0 Exception <a 'java/io/FileNotFoundException'{0x00000000eb5dd048}> (0x00000000eb5dd048) 
thrown [s\src\hotspot\share\prims\jni.cpp, line 516]
Event: 8.297 Thread 0x000002bd553934b0 Exception <a 'java/io/FileNotFoundException'{0x00000000eb5de8f8}> (0x00000000eb5de8f8) 
thrown [s\src\hotspot\share\prims\jni.cpp, line 516]
Event: 8.299 Thread 0x000002bd553934b0 Exception <a 'java/lang/NoSuchMethodError'{0x00000000eb5eaa90}: 'void java.lang.invoke.DirectMethodHandle$Holder.invokeStaticInit(java.lang.Object, java.lang.Object, java.lang.Object)'> (0x00000000eb5eaa90) 
thrown [s\src\hotspot\share\interpreter\linkResolver.cpp, line 759]
Event: 9.418 Thread 0x000002bd553934b0 Exception <a 'java/lang/NoSuchMethodError'{0x00000000eb5e6c30}: 'java.lang.Object java.lang.invoke.DirectMethodHandle$Holder.newInvokeSpecial(java.lang.Object, java.lang.Object, java.lang.Object, int, java.lang.Object)'> (0x00000000eb5e6c30) 
thrown [s\src\hotspot\share\interpreter\linkResolver.cpp, line 759]
Event: 9.419 Thread 0x000002bd553934b0 Exception <a 'java/lang/NoSuchMethodError'{0x00000000eb5eade0}: 'java.lang.Object java.lang.invoke.DirectMethodHandle$Holder.invokeSpecial(java.lang.Object, java.lang.Object, java.lang.Object, java.lang.Object, int, java.lang.Object)'> (0x00000000eb5eade0) 
thrown [s\src\hotspot\share\interpreter\linkResolver.cpp, line 759]
Event: 9.586 Thread 0x000002bd55393e50 Exception <a 'java/lang/NoSuchMethodError'{0x00000000eb86e260}: 'java.lang.Object java.lang.invoke.DirectMethodHandle$Holder.invokeInterface(java.lang.Object, java.lang.Object, java.lang.Object)'> (0x00000000eb86e260) 
thrown [s\src\hotspot\share\interpreter\linkResolver.cpp, line 759]
Event: 9.944 Thread 0x000002bd55393e50 Implicit null exception at 0x000002bd47c665c9 to 0x000002bd47c6669c
Event: 12.443 Thread 0x000002bd55393e50 Implicit null exception at 0x000002bd47c8494a to 0x000002bd47c85670

VM Operations (20 events):
Event: 9.263 Executing VM operation: ParallelGCFailedAllocation
Event: 9.268 Executing VM operation: ParallelGCFailedAllocation done
Event: 9.418 Executing VM operation: HandshakeAllThreads
Event: 9.418 Executing VM operation: HandshakeAllThreads done
Event: 9.664 Executing VM operation: CollectForMetadataAllocation
Event: 9.736 Executing VM operation: CollectForMetadataAllocation done
Event: 10.183 Executing VM operation: HandshakeAllThreads
Event: 10.184 Executing VM operation: HandshakeAllThreads done
Event: 10.523 Executing VM operation: ParallelGCFailedAllocation
Event: 10.526 Executing VM operation: ParallelGCFailedAllocation done
Event: 10.789 Executing VM operation: ParallelGCFailedAllocation
Event: 10.791 Executing VM operation: ParallelGCFailedAllocation done
Event: 11.804 Executing VM operation: Cleanup
Event: 11.804 Executing VM operation: Cleanup done
Event: 11.807 Executing VM operation: ParallelGCFailedAllocation
Event: 11.809 Executing VM operation: ParallelGCFailedAllocation done
Event: 12.823 Executing VM operation: Cleanup
Event: 12.854 Executing VM operation: Cleanup done
Event: 12.991 Executing VM operation: ParallelGCFailedAllocation
Event: 12.992 Executing VM operation: ParallelGCFailedAllocation done

Events (20 events):
Event: 12.993 loading class java/util/concurrent/CompletableFuture$UniCompletion
Event: 12.994 loading class java/util/concurrent/CompletableFuture$UniCompletion done
Event: 12.994 loading class java/util/concurrent/CompletableFuture$UniApply done
Event: 12.994 loading class java/util/concurrent/ForkJoinTask$Aux
Event: 12.994 loading class java/util/concurrent/ForkJoinTask$Aux done
Event: 12.995 loading class java/util/concurrent/CancellationException
Event: 12.995 loading class java/util/concurrent/CancellationException done
Event: 12.995 loading class java/util/concurrent/ForkJoinWorkerThread
Event: 12.995 loading class java/util/concurrent/ForkJoinWorkerThread done
Event: 12.995 loading class java/lang/invoke/VarHandleReferences$Array
Event: 12.996 loading class java/lang/invoke/VarHandleReferences$Array done
Event: 12.997 loading class java/util/concurrent/ForkJoinPool$DefaultCommonPoolForkJoinWorkerThreadFactory$1
Event: 12.998 loading class java/util/concurrent/ForkJoinPool$DefaultCommonPoolForkJoinWorkerThreadFactory$1 done
Event: 12.999 Thread 0x000002bd55392b10 Thread added: 0x000002bd55392b10
Event: 12.999 loading class java/util/concurrent/CompletableFuture$UniAccept
Event: 12.999 loading class java/util/concurrent/CompletableFuture$UniAccept done
Event: 12.999 loading class java/util/concurrent/CompletableFuture$UniExceptionally
Event: 13.000 loading class java/util/concurrent/CompletableFuture$UniExceptionally done
Event: 13.007 loading class java/util/concurrent/CompletionException
Event: 13.007 loading class java/util/concurrent/CompletionException done


Dynamic libraries:
0x00007ff62b140000 - 0x00007ff62b14e000 	c:\Users\jumpe\.vscode\extensions\redhat.java-1.11.0-win32-x64\jre\17.0.4.1-win32-x86_64\bin\java.exe
0x00007ff8ddc90000 - 0x00007ff8dde88000 	C:\Windows\SYSTEM32\ntdll.dll
0x00007ff8dc630000 - 0x00007ff8dc6ed000 	C:\Windows\System32\KERNEL32.DLL
0x00007ff8db3a0000 - 0x00007ff8db672000 	C:\Windows\System32\KERNELBASE.dll
0x00007ff8db910000 - 0x00007ff8dba10000 	C:\Windows\System32\ucrtbase.dll
0x00007ff8bc730000 - 0x00007ff8bc748000 	c:\Users\jumpe\.vscode\extensions\redhat.java-1.11.0-win32-x64\jre\17.0.4.1-win32-x86_64\bin\jli.dll
0x00007ff8c9560000 - 0x00007ff8c9579000 	c:\Users\jumpe\.vscode\extensions\redhat.java-1.11.0-win32-x64\jre\17.0.4.1-win32-x86_64\bin\VCRUNTIME140.dll
0x00007ff8ddab0000 - 0x00007ff8ddc4d000 	C:\Windows\System32\USER32.dll
0x00007ff8c28e0000 - 0x00007ff8c2b7a000 	C:\Windows\WinSxS\amd64_microsoft.windows.common-controls_6595b64144ccf1df_6.0.19041.1110_none_60b5254171f9507e\COMCTL32.dll
0x00007ff8dba60000 - 0x00007ff8dba82000 	C:\Windows\System32\win32u.dll
0x00007ff8dda80000 - 0x00007ff8ddaab000 	C:\Windows\System32\GDI32.dll
0x00007ff8dc820000 - 0x00007ff8dc8be000 	C:\Windows\System32\msvcrt.dll
0x00007ff8dbb40000 - 0x00007ff8dbc4f000 	C:\Windows\System32\gdi32full.dll
0x00007ff8dbc50000 - 0x00007ff8dbced000 	C:\Windows\System32\msvcp_win.dll
0x00007ff8dcef0000 - 0x00007ff8dcf20000 	C:\Windows\System32\IMM32.DLL
0x00007ff8bd0b0000 - 0x00007ff8bd0bc000 	c:\Users\jumpe\.vscode\extensions\redhat.java-1.11.0-win32-x64\jre\17.0.4.1-win32-x86_64\bin\vcruntime140_1.dll
0x00007ff88ef50000 - 0x00007ff88efe1000 	c:\Users\jumpe\.vscode\extensions\redhat.java-1.11.0-win32-x64\jre\17.0.4.1-win32-x86_64\bin\msvcp140.dll
0x00007ff84c900000 - 0x00007ff84d546000 	c:\Users\jumpe\.vscode\extensions\redhat.java-1.11.0-win32-x64\jre\17.0.4.1-win32-x86_64\bin\server\jvm.dll
0x00007ff8dcde0000 - 0x00007ff8dce8e000 	C:\Windows\System32\ADVAPI32.dll
0x00007ff8dcf80000 - 0x00007ff8dd01c000 	C:\Windows\System32\sechost.dll
0x00007ff8dccb0000 - 0x00007ff8dcdd5000 	C:\Windows\System32\RPCRT4.dll
0x00007ff8dbda0000 - 0x00007ff8dbda8000 	C:\Windows\System32\PSAPI.DLL
0x00007ff8bc2e0000 - 0x00007ff8bc2e9000 	C:\Windows\SYSTEM32\WSOCK32.dll
0x00007ff8d2910000 - 0x00007ff8d291a000 	C:\Windows\SYSTEM32\VERSION.dll
0x00007ff8c92d0000 - 0x00007ff8c92f7000 	C:\Windows\SYSTEM32\WINMM.dll
0x00007ff8dcc40000 - 0x00007ff8dccab000 	C:\Windows\System32\WS2_32.dll
0x00007ff8d9180000 - 0x00007ff8d9192000 	C:\Windows\SYSTEM32\kernel.appcore.dll
0x00007ff8bcc40000 - 0x00007ff8bcc4a000 	c:\Users\jumpe\.vscode\extensions\redhat.java-1.11.0-win32-x64\jre\17.0.4.1-win32-x86_64\bin\jimage.dll
0x00007ff8cbc10000 - 0x00007ff8cbdf4000 	C:\Windows\SYSTEM32\DBGHELP.DLL
0x00007ff8b1680000 - 0x00007ff8b16ac000 	C:\Windows\SYSTEM32\dbgcore.DLL
0x00007ff8db880000 - 0x00007ff8db902000 	C:\Windows\System32\bcryptPrimitives.dll
0x00007ff8b8130000 - 0x00007ff8b813e000 	c:\Users\jumpe\.vscode\extensions\redhat.java-1.11.0-win32-x64\jre\17.0.4.1-win32-x86_64\bin\instrument.dll
0x00007ff88f820000 - 0x00007ff88f845000 	c:\Users\jumpe\.vscode\extensions\redhat.java-1.11.0-win32-x64\jre\17.0.4.1-win32-x86_64\bin\java.dll
0x00007ff89d9b0000 - 0x00007ff89d9c8000 	c:\Users\jumpe\.vscode\extensions\redhat.java-1.11.0-win32-x64\jre\17.0.4.1-win32-x86_64\bin\zip.dll
0x00007ff8dbdb0000 - 0x00007ff8dc4f3000 	C:\Windows\System32\SHELL32.dll
0x00007ff8d9460000 - 0x00007ff8d9bf1000 	C:\Windows\SYSTEM32\windows.storage.dll
0x00007ff8dd570000 - 0x00007ff8dd8c4000 	C:\Windows\System32\combase.dll
0x00007ff8dae00000 - 0x00007ff8dae30000 	C:\Windows\SYSTEM32\Wldp.dll
0x00007ff8dbcf0000 - 0x00007ff8dbd9d000 	C:\Windows\System32\SHCORE.dll
0x00007ff8dc6f0000 - 0x00007ff8dc745000 	C:\Windows\System32\shlwapi.dll
0x00007ff8db2e0000 - 0x00007ff8db2ff000 	C:\Windows\SYSTEM32\profapi.dll
0x00007ff89d140000 - 0x00007ff89d159000 	C:\Users\jumpe\.vscode\extensions\redhat.java-1.11.0-win32-x64\jre\17.0.4.1-win32-x86_64\bin\net.dll
0x00007ff8c95e0000 - 0x00007ff8c96ed000 	C:\Windows\SYSTEM32\WINHTTP.dll
0x00007ff8dab60000 - 0x00007ff8dabca000 	C:\Windows\system32\mswsock.dll
0x00007ff8975e0000 - 0x00007ff8975f5000 	C:\Users\jumpe\.vscode\extensions\redhat.java-1.11.0-win32-x64\jre\17.0.4.1-win32-x86_64\bin\nio.dll
0x00007ff8b4400000 - 0x00007ff8b4410000 	c:\Users\jumpe\.vscode\extensions\redhat.java-1.11.0-win32-x64\jre\17.0.4.1-win32-x86_64\bin\verify.dll
0x00007ff897660000 - 0x00007ff89769e000 	C:\Users\jumpe\AppData\Roaming\Code\User\globalStorage\redhat.java\1.11.0\config_ss_win\org.eclipse.equinox.launcher\org.eclipse.equinox.launcher.win32.win32.x86_64_1.2.600.v20220720-1916\eclipse_11700.dll
0x00007ff8dca80000 - 0x00007ff8dcbaa000 	C:\Windows\System32\ole32.dll
0x00007ff8dad50000 - 0x00007ff8dad68000 	C:\Windows\SYSTEM32\CRYPTSP.dll
0x00007ff8da410000 - 0x00007ff8da444000 	C:\Windows\system32\rsaenh.dll
0x00007ff8db680000 - 0x00007ff8db6a7000 	C:\Windows\System32\bcrypt.dll
0x00007ff8db2a0000 - 0x00007ff8db2ce000 	C:\Windows\SYSTEM32\USERENV.dll
0x00007ff8dad70000 - 0x00007ff8dad7c000 	C:\Windows\SYSTEM32\CRYPTBASE.dll
0x00007ff8da800000 - 0x00007ff8da83b000 	C:\Windows\SYSTEM32\IPHLPAPI.DLL
0x00007ff8dc8e0000 - 0x00007ff8dc8e8000 	C:\Windows\System32\NSI.dll
0x00007ff8d44a0000 - 0x00007ff8d44b7000 	C:\Windows\SYSTEM32\dhcpcsvc6.DLL
0x00007ff8d48d0000 - 0x00007ff8d48ed000 	C:\Windows\SYSTEM32\dhcpcsvc.DLL
0x00007ff8da850000 - 0x00007ff8da91a000 	C:\Windows\SYSTEM32\DNSAPI.dll
0x00007ff890740000 - 0x00007ff890784000 	C:\Users\jumpe\AppData\Local\Temp\jna-101487095\jna15213742729376802865.dll

dbghelp: loaded successfully - version: 4.0.5 - missing functions: none
symbol engine: initialized successfully - sym options: 0x614 - pdb path: .;c:\Users\jumpe\.vscode\extensions\redhat.java-1.11.0-win32-x64\jre\17.0.4.1-win32-x86_64\bin;C:\Windows\SYSTEM32;C:\Windows\WinSxS\amd64_microsoft.windows.common-controls_6595b64144ccf1df_6.0.19041.1110_none_60b5254171f9507e;c:\Users\jumpe\.vscode\extensions\redhat.java-1.11.0-win32-x64\jre\17.0.4.1-win32-x86_64\bin\server;C:\Users\jumpe\AppData\Roaming\Code\User\globalStorage\redhat.java\1.11.0\config_ss_win\org.eclipse.equinox.launcher\org.eclipse.equinox.launcher.win32.win32.x86_64_1.2.600.v20220720-1916;C:\Users\jumpe\AppData\Local\Temp\jna-101487095

VM Arguments:
jvm_args: --add-modules=ALL-SYSTEM --add-opens=java.base/java.util=ALL-UNNAMED --add-opens=java.base/java.lang=ALL-UNNAMED --add-opens=java.base/sun.nio.fs=ALL-UNNAMED -Declipse.application=org.eclipse.jdt.ls.core.id1 -Dosgi.bundles.defaultStartLevel=4 -Declipse.product=org.eclipse.jdt.ls.core.product -Djava.import.generatesMetadataFilesAtProjectRoot=false -Dfile.encoding=utf8 -DwatchParentProcess=false -XX:+UseParallelGC -XX:GCTimeRatio=4 -XX:AdaptiveSizePolicyWeight=90 -Dsun.zip.disableMemoryMapping=true -Xmx1G -Xms100m -Xlog:disable -javaagent:c:\Users\jumpe\.vscode\extensions\redhat.java-1.11.0-win32-x64\lombok\lombok-1.18.24.jar 
java_command: c:\Users\jumpe\.vscode\extensions\redhat.java-1.11.0-win32-x64\server\plugins\org.eclipse.equinox.launcher_1.6.400.v20210924-0641.jar -configuration c:\Users\jumpe\AppData\Roaming\Code\User\globalStorage\redhat.java\1.11.0\config_ss_win -data c:\Users\jumpe\AppData\Roaming\Code\User\workspaceStorage\bc5678688899ec28ec23f289d8898fe4\redhat.java\ss_ws
java_class_path (initial): c:\Users\jumpe\.vscode\extensions\redhat.java-1.11.0-win32-x64\server\plugins\org.eclipse.equinox.launcher_1.6.400.v20210924-0641.jar
Launcher Type: SUN_STANDARD

[Global flags]
    uintx AdaptiveSizePolicyWeight                 = 90                                        {product} {command line}
     intx CICompilerCount                          = 4                                         {product} {ergonomic}
    uintx GCTimeRatio                              = 4                                         {product} {command line}
   size_t InitialHeapSize                          = 104857600                                 {product} {command line}
   size_t MaxHeapSize                              = 1073741824                                {product} {command line}
   size_t MaxNewSize                               = 357564416                                 {product} {ergonomic}
   size_t MinHeapDeltaBytes                        = 524288                                    {product} {ergonomic}
   size_t MinHeapSize                              = 104857600                                 {product} {command line}
   size_t NewSize                                  = 34603008                                  {product} {ergonomic}
    uintx NonNMethodCodeHeapSize                   = 5839372                                {pd product} {ergonomic}
    uintx NonProfiledCodeHeapSize                  = 122909434                              {pd product} {ergonomic}
   size_t OldSize                                  = 70254592                                  {product} {ergonomic}
    uintx ProfiledCodeHeapSize                     = 122909434                              {pd product} {ergonomic}
    uintx ReservedCodeCacheSize                    = 251658240                              {pd product} {ergonomic}
     bool SegmentedCodeCache                       = true                                      {product} {ergonomic}
   size_t SoftMaxHeapSize                          = 1073741824                             {manageable} {ergonomic}
     bool UseCompressedClassPointers               = true                           {product lp64_product} {ergonomic}
     bool UseCompressedOops                        = true                           {product lp64_product} {ergonomic}
     bool UseLargePagesIndividualAllocation        = false                                  {pd product} {ergonomic}
     bool UseParallelGC                            = true                                      {product} {command line}

Logging:
Log output configuration:
 #0: stdout all=off uptime,level,tags
 #1: stderr all=off uptime,level,tags

Environment Variables:
JAVA_HOME=C:\Program Files\Java\jdk-11.0.16.101-hotspot
CLASSPATH=.;
PATH=C:\Program Files\Java\jdk-11.0.16.101-hotspot\bin;C:\Python39\Scripts\;C:\Python39\;C:\Windows\system32;C:\Windows;C:\Windows\System32\Wbem;C:\Windows\System32\WindowsPowerShell\v1.0\;C:\Windows\System32\OpenSSH\;C:\Program Files\Git\cmd;C:\ProgramData\chocolatey\bin;C:\Program Files\Java\jdk1.8.0_211\bin;C:\Program Files (x86)\Yarn\bin\;C:\Program Files\Microsoft SQL Server\150\Tools\Binn\;C:\Program Files\Microsoft SQL Server\Client SDK\ODBC\170\Tools\Binn\;C:\Program Files (x86)\Microsoft SQL Server\150\Tools\Binn\;C:\Program Files\Microsoft SQL Server\150\DTS\Binn\;C:\Program Files (x86)\IVI Foundation\VISA\WinNT\Bin\;C:\Program Files\IVI Foundation\VISA\Win64\Bin\;C:\Program Files (x86)\National Instruments\Shared\LabVIEW CLI;C:\Program Files (x86)\IVI Foundation\VISA\WinNT\Bin;%NVM_HOME%;%NVM_SYMLINK%;C:\Users\jumpe\AppData\Local\Programs\Python\Python310\Scripts\;C:\Users\jumpe\AppData\Local\Programs\Python\Python310\;C:\Users\jumpe\AppData\Local\Microsoft\WindowsApps;C:\Users\jumpe\AppData\Local\Programs\Microsoft VS Code\bin;C:\Users\jumpe\AppData\Local\Android\Sdk\platform-tools;C:\Users\jumpe\AppData\Local\Yarn\bin;C:\Users\jumpe\AppData\Roaming\npm;C:\Program Files\Azure Data Studio\bin;C:\Program Files\heroku\bin;C:\Program Files\PostgreSQL\13\bin;C:\Users\jumpe\AppData\Roaming\nvm;C:\Program Files\nodejs
USERNAME=jumpe
OS=Windows_NT
PROCESSOR_IDENTIFIER=Intel64 Family 6 Model 142 Stepping 12, GenuineIntel
TMP=C:\Users\jumpe\AppData\Local\Temp
TEMP=C:\Users\jumpe\AppData\Local\Temp



---------------  S Y S T E M  ---------------

OS:
 Windows 10 , 64 bit Build 19041 (10.0.19041.1889)
OS uptime: 0 days 19:31 hours

CPU: total 8 (initial active 8) (4 cores per cpu, 2 threads per core) family 6 model 142 stepping 12 microcode 0xea, cx8, cmov, fxsr, ht, mmx, 3dnowpref, sse, sse2, sse3, ssse3, sse4.1, sse4.2, popcnt, lzcnt, tsc, tscinvbit, avx, avx2, aes, erms, clmul, bmi1, bmi2, adx, fma, vzeroupper, clflush, clflushopt

Memory: 4k page, system-wide physical 24291M (7471M free)
TotalPageFile size 24291M (AvailPageFile size 427M)
current process WorkingSet (physical memory assigned to process): 210M, peak: 218M
current process commit charge ("private bytes"): 287M, peak: 297M

vm_info: OpenJDK 64-Bit Server VM (17.0.4.1+1) for windows-amd64 JRE (17.0.4.1+1), built on Aug 17 2022 07:42:43 by "temurin" with MS VC++ 16.7 (VS2019)

END.
