#
# There is insufficient memory for the Java Runtime Environment to continue.
# Native memory allocation (malloc) failed to allocate 2159376 bytes for Chunk::new
# Possible reasons:
#   The system is out of physical RAM or swap space
#   The process is running with CompressedOops enabled, and the Java Heap may be blocking the growth of the native heap
# Possible solutions:
#   Reduce memory load on the system
#   Increase physical memory or swap space
#   Check if swap backing store is full
#   Decrease Java heap size (-Xmx/-Xms)
#   Decrease number of Java threads
#   Decrease Java thread stack sizes (-Xss)
#   Set larger code cache with -XX:ReservedCodeCacheSize=
#   JVM is running with Unscaled Compressed Oops mode in which the Java heap is
#     placed in the first 4GB address space. The Java Heap base address is the
#     maximum limit for the native heap growth. Please use -XX:HeapBaseMinAddress
#     to set the Java Heap base and to place the Java Heap above 4GB virtual address.
# This output file may be truncated or incomplete.
#
#  Out of Memory Error (./src/hotspot/share/memory/arena.cpp:197), pid=14872, tid=23884
#
# JRE version: OpenJDK Runtime Environment Temurin-11.0.16.1+1 (11.0.16.1+1) (build 11.0.16.1+1)
# Java VM: OpenJDK 64-Bit Server VM Temurin-11.0.16.1+1 (11.0.16.1+1, mixed mode, tiered, compressed oops, g1 gc, windows-amd64)
# No core dump will be written. Minidumps are not enabled by default on client versions of Windows
#

---------------  S U M M A R Y ------------

Command Line: -XX:MaxMetaspaceSize=512m --add-opens=java.base/java.util=ALL-UNNAMED --add-opens=java.base/java.lang=ALL-UNNAMED --add-opens=java.base/java.lang.invoke=ALL-UNNAMED --add-opens=java.base/java.util=ALL-UNNAMED --add-opens=java.prefs/java.util.prefs=ALL-UNNAMED --add-opens=java.prefs/java.util.prefs=ALL-UNNAMED --add-opens=java.base/java.nio.charset=ALL-UNNAMED --add-opens=java.base/java.net=ALL-UNNAMED --add-opens=java.base/java.util.concurrent.atomic=ALL-UNNAMED -Xmx2048m -Dfile.encoding=utf8 -Duser.country=US -Duser.language=en -Duser.variant org.gradle.launcher.daemon.bootstrap.GradleDaemon 7.3.3

Host: Intel(R) Core(TM) i5-8365U CPU @ 1.60GHz, 8 cores, 23G,  Windows 10 , 64 bit Build 19041 (10.0.19041.1889)
Time: Thu Oct 27 14:14:23 2022 Malay Peninsula Standard Time elapsed time: 8.656945 seconds (0d 0h 0m 8s)

---------------  T H R E A D  ---------------

Current thread (0x0000025343b0a000):  JavaThread "C2 CompilerThread0" daemon [_thread_in_native, id=23884, stack(0x000000ea36b00000,0x000000ea36c00000)]


Current CompileTask:
C2:   8657 2895       4       jdk.internal.loader.URLClassPath::getResource (74 bytes)

Stack: [0x000000ea36b00000,0x000000ea36c00000]
Native frames: (J=compiled Java code, j=interpreted, Vv=VM code, C=native code)
V  [jvm.dll+0x61f18a]
V  [jvm.dll+0x7abb09]
V  [jvm.dll+0x7ad1f8]
V  [jvm.dll+0x7ad8d3]
V  [jvm.dll+0x24fc38]
V  [jvm.dll+0xc262c]
V  [jvm.dll+0xc2bec]
V  [jvm.dll+0x359e27]
V  [jvm.dll+0x19ea71]
V  [jvm.dll+0x209072]
V  [jvm.dll+0x20808d]
V  [jvm.dll+0x18a3a1]
V  [jvm.dll+0x2178e4]
V  [jvm.dll+0x215b2b]
V  [jvm.dll+0x76e610]
V  [jvm.dll+0x767544]
V  [jvm.dll+0x61dff5]
C  [ucrtbase.dll+0x21bb2]
C  [KERNEL32.DLL+0x17034]
C  [ntdll.dll+0x526a1]


---------------  P R O C E S S  ---------------

Threads class SMR info:
_java_thread_list=0x0000025345f92d70, length=36, elements={
0x00000253240ef800, 0x0000025343aa8000, 0x0000025343aa8800, 0x0000025343b00000,
0x0000025343b03000, 0x0000025343b05000, 0x0000025343b0a000, 0x0000025343b19000,
0x0000025343b2a000, 0x0000025343c7a800, 0x00000253467e0800, 0x0000025343d7c800,
0x0000025345e34800, 0x00000253468be800, 0x0000025346bf8000, 0x000002534532a000,
0x0000025345914800, 0x0000025346f40000, 0x00000253447ac800, 0x0000025347185800,
0x0000025345ff5800, 0x0000025345ff6000, 0x0000025345ff4800, 0x00000253468b0800,
0x0000025345ff3000, 0x0000025345ff7000, 0x0000025345ff7800, 0x0000025345ff2000,
0x0000025345ff8800, 0x0000025345ff3800, 0x000002534a8ae800, 0x000002534a8ad800,
0x000002534a8a9800, 0x000002534a8aa800, 0x000002534a8b0000, 0x0000025346d27000
}

Java Threads: ( => current thread )
  0x00000253240ef800 JavaThread "main" [_thread_blocked, id=21524, stack(0x000000ea35f00000,0x000000ea36000000)]
  0x0000025343aa8000 JavaThread "Reference Handler" daemon [_thread_blocked, id=6532, stack(0x000000ea36600000,0x000000ea36700000)]
  0x0000025343aa8800 JavaThread "Finalizer" daemon [_thread_blocked, id=23652, stack(0x000000ea36700000,0x000000ea36800000)]
  0x0000025343b00000 JavaThread "Signal Dispatcher" daemon [_thread_blocked, id=22976, stack(0x000000ea36800000,0x000000ea36900000)]
  0x0000025343b03000 JavaThread "Attach Listener" daemon [_thread_blocked, id=15664, stack(0x000000ea36900000,0x000000ea36a00000)]
  0x0000025343b05000 JavaThread "Service Thread" daemon [_thread_blocked, id=22568, stack(0x000000ea36a00000,0x000000ea36b00000)]
=>0x0000025343b0a000 JavaThread "C2 CompilerThread0" daemon [_thread_in_native, id=23884, stack(0x000000ea36b00000,0x000000ea36c00000)]
  0x0000025343b19000 JavaThread "C1 CompilerThread0" daemon [_thread_blocked, id=22472, stack(0x000000ea36c00000,0x000000ea36d00000)]
  0x0000025343b2a000 JavaThread "Sweeper thread" daemon [_thread_blocked, id=17104, stack(0x000000ea36d00000,0x000000ea36e00000)]
  0x0000025343c7a800 JavaThread "Common-Cleaner" daemon [_thread_blocked, id=17088, stack(0x000000ea36e00000,0x000000ea36f00000)]
  0x00000253467e0800 JavaThread "Daemon health stats" [_thread_blocked, id=4260, stack(0x000000ea37900000,0x000000ea37a00000)]
  0x0000025343d7c800 JavaThread "Incoming local TCP Connector on port 63560" [_thread_in_native, id=12296, stack(0x000000ea37000000,0x000000ea37100000)]
  0x0000025345e34800 JavaThread "Daemon periodic checks" [_thread_blocked, id=5484, stack(0x000000ea37100000,0x000000ea37200000)]
  0x00000253468be800 JavaThread "Daemon" [_thread_blocked, id=11240, stack(0x000000ea37a00000,0x000000ea37b00000)]
  0x0000025346bf8000 JavaThread "Handler for socket connection from /127.0.0.1:63560 to /127.0.0.1:63561" [_thread_in_native, id=3328, stack(0x000000ea37b00000,0x000000ea37c00000)]
  0x000002534532a000 JavaThread "Cancel handler" [_thread_blocked, id=11012, stack(0x000000ea37c00000,0x000000ea37d00000)]
  0x0000025345914800 JavaThread "Daemon worker" [_thread_in_vm, id=17036, stack(0x000000ea37d00000,0x000000ea37e00000)]
  0x0000025346f40000 JavaThread "Asynchronous log dispatcher for DefaultDaemonConnection: socket connection from /127.0.0.1:63560 to /127.0.0.1:63561" [_thread_blocked, id=8980, stack(0x000000ea37e00000,0x000000ea37f00000)]
  0x00000253447ac800 JavaThread "Stdin handler" [_thread_blocked, id=11368, stack(0x000000ea37f00000,0x000000ea38000000)]
  0x0000025347185800 JavaThread "Daemon client event forwarder" [_thread_blocked, id=15976, stack(0x000000ea38000000,0x000000ea38100000)]
  0x0000025345ff5800 JavaThread "Cache worker for journal cache (C:\Users\jumpe\.gradle\caches\journal-1)" [_thread_blocked, id=10116, stack(0x000000ea38100000,0x000000ea38200000)]
  0x0000025345ff6000 JavaThread "File lock request listener" [_thread_in_native, id=17464, stack(0x000000ea38200000,0x000000ea38300000)]
  0x0000025345ff4800 JavaThread "Cache worker for file hash cache (C:\Users\jumpe\.gradle\caches\7.3.3\fileHashes)" [_thread_blocked, id=14832, stack(0x000000ea38400000,0x000000ea38500000)]
  0x00000253468b0800 JavaThread "C2 CompilerThread1" daemon [_thread_in_native, id=2740, stack(0x000000ea38500000,0x000000ea38600000)]
  0x0000025345ff3000 JavaThread "Cache worker for file hash cache (C:\Users\jumpe\bankingApp\android\.gradle\7.3.3\fileHashes)" [_thread_blocked, id=10780, stack(0x000000ea38600000,0x000000ea38700000)]
  0x0000025345ff7000 JavaThread "File watcher server" daemon [_thread_in_native, id=15020, stack(0x000000ea38700000,0x000000ea38800000)]
  0x0000025345ff7800 JavaThread "File watcher consumer" daemon [_thread_blocked, id=24216, stack(0x000000ea38800000,0x000000ea38900000)]
  0x0000025345ff2000 JavaThread "jar transforms" [_thread_blocked, id=23580, stack(0x000000ea38a00000,0x000000ea38b00000)]
  0x0000025345ff8800 JavaThread "jar transforms Thread 2" [_thread_blocked, id=20304, stack(0x000000ea38b00000,0x000000ea38c00000)]
  0x0000025345ff3800 JavaThread "Cache worker for checksums cache (C:\Users\jumpe\bankingApp\android\.gradle\7.3.3\checksums)" [_thread_blocked, id=13616, stack(0x000000ea38c00000,0x000000ea38d00000)]
  0x000002534a8ae800 JavaThread "Cache worker for cache directory md-supplier (C:\Users\jumpe\.gradle\caches\7.3.3\md-supplier)" [_thread_blocked, id=2412, stack(0x000000ea38d00000,0x000000ea38e00000)]
  0x000002534a8ad800 JavaThread "Cache worker for cache directory md-rule (C:\Users\jumpe\.gradle\caches\7.3.3\md-rule)" [_thread_blocked, id=10352, stack(0x000000ea38e00000,0x000000ea38f00000)]
  0x000002534a8a9800 JavaThread "Cache worker for execution history cache (C:\Users\jumpe\.gradle\caches\7.3.3\executionHistory)" [_thread_blocked, id=22556, stack(0x000000ea38f00000,0x000000ea39000000)]
  0x000002534a8aa800 JavaThread "jar transforms Thread 3" [_thread_blocked, id=21656, stack(0x000000ea38900000,0x000000ea38a00000)]
  0x000002534a8b0000 JavaThread "jar transforms Thread 4" [_thread_blocked, id=3800, stack(0x000000ea39000000,0x000000ea39100000)]
  0x0000025346d27000 JavaThread "C2 CompilerThread2" daemon [_thread_blocked, id=13948, stack(0x000000ea39100000,0x000000ea39200000)]

Other Threads:
  0x0000025343aa4000 VMThread "VM Thread" [stack: 0x000000ea36500000,0x000000ea36600000] [id=12492]
  0x0000025343cb3800 WatcherThread [stack: 0x000000ea36f00000,0x000000ea37000000] [id=11140]
  0x0000025324109000 GCTaskThread "GC Thread#0" [stack: 0x000000ea36000000,0x000000ea36100000] [id=19588]
  0x00000253444c4000 GCTaskThread "GC Thread#1" [stack: 0x000000ea37200000,0x000000ea37300000] [id=13916]
  0x00000253449ff000 GCTaskThread "GC Thread#2" [stack: 0x000000ea37300000,0x000000ea37400000] [id=880]
  0x00000253447ba000 GCTaskThread "GC Thread#3" [stack: 0x000000ea37400000,0x000000ea37500000] [id=19924]
  0x000002534476e800 GCTaskThread "GC Thread#4" [stack: 0x000000ea37500000,0x000000ea37600000] [id=19504]
  0x000002534476f800 GCTaskThread "GC Thread#5" [stack: 0x000000ea37600000,0x000000ea37700000] [id=23184]
  0x00000253448ab800 GCTaskThread "GC Thread#6" [stack: 0x000000ea37700000,0x000000ea37800000] [id=21884]
  0x00000253448ac800 GCTaskThread "GC Thread#7" [stack: 0x000000ea37800000,0x000000ea37900000] [id=20496]
  0x000002532413c000 ConcurrentGCThread "G1 Main Marker" [stack: 0x000000ea36100000,0x000000ea36200000] [id=22904]
  0x000002532413d800 ConcurrentGCThread "G1 Conc#0" [stack: 0x000000ea36200000,0x000000ea36300000] [id=4680]
  0x0000025344999800 ConcurrentGCThread "G1 Conc#1" [stack: 0x000000ea38300000,0x000000ea38400000] [id=21516]
  0x000002534310c800 ConcurrentGCThread "G1 Refine#0" [stack: 0x000000ea36300000,0x000000ea36400000] [id=19808]
  0x000002534310d000 ConcurrentGCThread "G1 Young RemSet Sampling" [stack: 0x000000ea36400000,0x000000ea36500000] [id=19344]

Threads with active compile tasks:
C2 CompilerThread0     8694 2895       4       jdk.internal.loader.URLClassPath::getResource (74 bytes)
C2 CompilerThread1     8694 3134       4       java.lang.invoke.MethodType::makeImpl (108 bytes)

VM state:not at safepoint (normal execution)

VM Mutex/Monitor currently owned by a thread: None

Heap address: 0x0000000080000000, size: 2048 MB, Compressed Oops mode: 32-bit
Narrow klass base: 0x0000000000000000, Narrow klass shift: 3
Compressed class space size: 528482304 Address: 0x0000000100000000

Heap:
 garbage-first heap   total 389120K, used 36803K [0x0000000080000000, 0x0000000100000000)
  region size 1024K, 22 young (22528K), 7 survivors (7168K)
 Metaspace       used 39419K, capacity 40581K, committed 40832K, reserved 552960K
  class space    used 5036K, capacity 5439K, committed 5504K, reserved 516096K
Heap Regions: E=young(eden), S=young(survivor), O=old, HS=humongous(starts), HC=humongous(continues), CS=collection set, F=free, A=archive, TAMS=top-at-mark-start (previous, next)
|   0|0x0000000080000000, 0x0000000080100000, 0x0000000080100000|100%| O|  |TAMS 0x0000000080100000, 0x0000000080000000| Untracked 
|   1|0x0000000080100000, 0x0000000080200000, 0x0000000080200000|100%| O|  |TAMS 0x0000000080200000, 0x0000000080100000| Untracked 
|   2|0x0000000080200000, 0x0000000080300000, 0x0000000080300000|100%| O|  |TAMS 0x0000000080300000, 0x0000000080200000| Untracked 
|   3|0x0000000080300000, 0x0000000080400000, 0x0000000080400000|100%|HS|  |TAMS 0x0000000080400000, 0x0000000080300000| Complete 
|   4|0x0000000080400000, 0x0000000080500000, 0x0000000080500000|100%|HC|  |TAMS 0x0000000080500000, 0x0000000080400000| Complete 
|   5|0x0000000080500000, 0x0000000080600000, 0x0000000080600000|100%|HC|  |TAMS 0x0000000080600000, 0x0000000080500000| Complete 
|   6|0x0000000080600000, 0x0000000080700000, 0x0000000080700000|100%| O|  |TAMS 0x0000000080700000, 0x0000000080600000| Untracked 
|   7|0x0000000080700000, 0x0000000080800000, 0x0000000080800000|100%| O|  |TAMS 0x0000000080800000, 0x0000000080700000| Untracked 
|   8|0x0000000080800000, 0x0000000080900000, 0x0000000080900000|100%| O|  |TAMS 0x0000000080900000, 0x0000000080800000| Untracked 
|   9|0x0000000080900000, 0x0000000080a00000, 0x0000000080a00000|100%| O|  |TAMS 0x0000000080a00000, 0x0000000080900000| Untracked 
|  10|0x0000000080a00000, 0x0000000080b00000, 0x0000000080b00000|100%| O|  |TAMS 0x0000000080b00000, 0x0000000080a00000| Untracked 
|  11|0x0000000080b00000, 0x0000000080c00000, 0x0000000080c00000|100%| O|  |TAMS 0x0000000080c00000, 0x0000000080b00000| Untracked 
|  12|0x0000000080c00000, 0x0000000080d00000, 0x0000000080d00000|100%| O|  |TAMS 0x0000000080d00000, 0x0000000080c00000| Untracked 
|  13|0x0000000080d00000, 0x0000000080e00000, 0x0000000080e00000|100%| O|  |TAMS 0x0000000080e00000, 0x0000000080d00000| Untracked 
|  14|0x0000000080e00000, 0x0000000080f00000, 0x0000000080f00000|100%| O|  |TAMS 0x0000000080f00000, 0x0000000080e00000| Untracked 
|  15|0x0000000080f00000, 0x0000000081000000, 0x0000000081000000|100%| O|  |TAMS 0x0000000081000000, 0x0000000080f00000| Untracked 
|  16|0x0000000081000000, 0x0000000081061000, 0x0000000081100000| 37%| O|  |TAMS 0x0000000081061000, 0x0000000081000000| Untracked 
|  17|0x0000000081100000, 0x0000000081100000, 0x0000000081200000|  0%| F|  |TAMS 0x0000000081100000, 0x0000000081100000| Untracked 
|  18|0x0000000081200000, 0x0000000081200000, 0x0000000081300000|  0%| F|  |TAMS 0x0000000081200000, 0x0000000081200000| Untracked 
|  19|0x0000000081300000, 0x0000000081300000, 0x0000000081400000|  0%| F|  |TAMS 0x0000000081300000, 0x0000000081300000| Untracked 
|  20|0x0000000081400000, 0x0000000081400000, 0x0000000081500000|  0%| F|  |TAMS 0x0000000081400000, 0x0000000081400000| Untracked 
|  21|0x0000000081500000, 0x0000000081500000, 0x0000000081600000|  0%| F|  |TAMS 0x0000000081500000, 0x0000000081500000| Untracked 
|  22|0x0000000081600000, 0x0000000081600000, 0x0000000081700000|  0%| F|  |TAMS 0x0000000081600000, 0x0000000081600000| Untracked 
|  23|0x0000000081700000, 0x0000000081700000, 0x0000000081800000|  0%| F|  |TAMS 0x0000000081700000, 0x0000000081700000| Untracked 
|  24|0x0000000081800000, 0x0000000081800000, 0x0000000081900000|  0%| F|  |TAMS 0x0000000081800000, 0x0000000081800000| Untracked 
|  25|0x0000000081900000, 0x0000000081900000, 0x0000000081a00000|  0%| F|  |TAMS 0x0000000081900000, 0x0000000081900000| Untracked 
|  26|0x0000000081a00000, 0x0000000081a00000, 0x0000000081b00000|  0%| F|  |TAMS 0x0000000081a00000, 0x0000000081a00000| Untracked 
|  27|0x0000000081b00000, 0x0000000081b00000, 0x0000000081c00000|  0%| F|  |TAMS 0x0000000081b00000, 0x0000000081b00000| Untracked 
|  28|0x0000000081c00000, 0x0000000081c00000, 0x0000000081d00000|  0%| F|  |TAMS 0x0000000081c00000, 0x0000000081c00000| Untracked 
|  29|0x0000000081d00000, 0x0000000081d00000, 0x0000000081e00000|  0%| F|  |TAMS 0x0000000081d00000, 0x0000000081d00000| Untracked 
|  30|0x0000000081e00000, 0x0000000081e00000, 0x0000000081f00000|  0%| F|  |TAMS 0x0000000081e00000, 0x0000000081e00000| Untracked 
|  31|0x0000000081f00000, 0x0000000081f00000, 0x0000000082000000|  0%| F|  |TAMS 0x0000000081f00000, 0x0000000081f00000| Untracked 
|  32|0x0000000082000000, 0x0000000082000000, 0x0000000082100000|  0%| F|  |TAMS 0x0000000082000000, 0x0000000082000000| Untracked 
|  33|0x0000000082100000, 0x0000000082100000, 0x0000000082200000|  0%| F|  |TAMS 0x0000000082100000, 0x0000000082100000| Untracked 
|  34|0x0000000082200000, 0x0000000082200000, 0x0000000082300000|  0%| F|  |TAMS 0x0000000082200000, 0x0000000082200000| Untracked 
|  35|0x0000000082300000, 0x0000000082300000, 0x0000000082400000|  0%| F|  |TAMS 0x0000000082300000, 0x0000000082300000| Untracked 
|  36|0x0000000082400000, 0x0000000082400000, 0x0000000082500000|  0%| F|  |TAMS 0x0000000082400000, 0x0000000082400000| Untracked 
|  37|0x0000000082500000, 0x0000000082500000, 0x0000000082600000|  0%| F|  |TAMS 0x0000000082500000, 0x0000000082500000| Untracked 
|  38|0x0000000082600000, 0x0000000082600000, 0x0000000082700000|  0%| F|  |TAMS 0x0000000082600000, 0x0000000082600000| Untracked 
|  39|0x0000000082700000, 0x0000000082700000, 0x0000000082800000|  0%| F|  |TAMS 0x0000000082700000, 0x0000000082700000| Untracked 
|  40|0x0000000082800000, 0x0000000082800000, 0x0000000082900000|  0%| F|  |TAMS 0x0000000082800000, 0x0000000082800000| Untracked 
|  41|0x0000000082900000, 0x0000000082900000, 0x0000000082a00000|  0%| F|  |TAMS 0x0000000082900000, 0x0000000082900000| Untracked 
|  42|0x0000000082a00000, 0x0000000082a00000, 0x0000000082b00000|  0%| F|  |TAMS 0x0000000082a00000, 0x0000000082a00000| Untracked 
|  43|0x0000000082b00000, 0x0000000082b00000, 0x0000000082c00000|  0%| F|  |TAMS 0x0000000082b00000, 0x0000000082b00000| Untracked 
|  44|0x0000000082c00000, 0x0000000082c00000, 0x0000000082d00000|  0%| F|  |TAMS 0x0000000082c00000, 0x0000000082c00000| Untracked 
|  45|0x0000000082d00000, 0x0000000082d00000, 0x0000000082e00000|  0%| F|  |TAMS 0x0000000082d00000, 0x0000000082d00000| Untracked 
|  46|0x0000000082e00000, 0x0000000082e00000, 0x0000000082f00000|  0%| F|  |TAMS 0x0000000082e00000, 0x0000000082e00000| Untracked 
|  47|0x0000000082f00000, 0x0000000082f00000, 0x0000000083000000|  0%| F|  |TAMS 0x0000000082f00000, 0x0000000082f00000| Untracked 
|  48|0x0000000083000000, 0x0000000083000000, 0x0000000083100000|  0%| F|  |TAMS 0x0000000083000000, 0x0000000083000000| Untracked 
|  49|0x0000000083100000, 0x0000000083100000, 0x0000000083200000|  0%| F|  |TAMS 0x0000000083100000, 0x0000000083100000| Untracked 
|  50|0x0000000083200000, 0x0000000083200000, 0x0000000083300000|  0%| F|  |TAMS 0x0000000083200000, 0x0000000083200000| Untracked 
|  51|0x0000000083300000, 0x0000000083300000, 0x0000000083400000|  0%| F|  |TAMS 0x0000000083300000, 0x0000000083300000| Untracked 
|  52|0x0000000083400000, 0x0000000083400000, 0x0000000083500000|  0%| F|  |TAMS 0x0000000083400000, 0x0000000083400000| Untracked 
|  53|0x0000000083500000, 0x0000000083500000, 0x0000000083600000|  0%| F|  |TAMS 0x0000000083500000, 0x0000000083500000| Untracked 
|  54|0x0000000083600000, 0x0000000083600000, 0x0000000083700000|  0%| F|  |TAMS 0x0000000083600000, 0x0000000083600000| Untracked 
|  55|0x0000000083700000, 0x0000000083700000, 0x0000000083800000|  0%| F|  |TAMS 0x0000000083700000, 0x0000000083700000| Untracked 
|  56|0x0000000083800000, 0x0000000083800000, 0x0000000083900000|  0%| F|  |TAMS 0x0000000083800000, 0x0000000083800000| Untracked 
|  57|0x0000000083900000, 0x0000000083900000, 0x0000000083a00000|  0%| F|  |TAMS 0x0000000083900000, 0x0000000083900000| Untracked 
|  58|0x0000000083a00000, 0x0000000083a00000, 0x0000000083b00000|  0%| F|  |TAMS 0x0000000083a00000, 0x0000000083a00000| Untracked 
|  59|0x0000000083b00000, 0x0000000083b00000, 0x0000000083c00000|  0%| F|  |TAMS 0x0000000083b00000, 0x0000000083b00000| Untracked 
|  60|0x0000000083c00000, 0x0000000083c00000, 0x0000000083d00000|  0%| F|  |TAMS 0x0000000083c00000, 0x0000000083c00000| Untracked 
|  61|0x0000000083d00000, 0x0000000083d00000, 0x0000000083e00000|  0%| F|  |TAMS 0x0000000083d00000, 0x0000000083d00000| Untracked 
|  62|0x0000000083e00000, 0x0000000083e00000, 0x0000000083f00000|  0%| F|  |TAMS 0x0000000083e00000, 0x0000000083e00000| Untracked 
|  63|0x0000000083f00000, 0x0000000083f00000, 0x0000000084000000|  0%| F|  |TAMS 0x0000000083f00000, 0x0000000083f00000| Untracked 
|  64|0x0000000084000000, 0x0000000084000000, 0x0000000084100000|  0%| F|  |TAMS 0x0000000084000000, 0x0000000084000000| Untracked 
|  65|0x0000000084100000, 0x0000000084100000, 0x0000000084200000|  0%| F|  |TAMS 0x0000000084100000, 0x0000000084100000| Untracked 
|  66|0x0000000084200000, 0x0000000084200000, 0x0000000084300000|  0%| F|  |TAMS 0x0000000084200000, 0x0000000084200000| Untracked 
|  67|0x0000000084300000, 0x0000000084300000, 0x0000000084400000|  0%| F|  |TAMS 0x0000000084300000, 0x0000000084300000| Untracked 
|  68|0x0000000084400000, 0x0000000084400000, 0x0000000084500000|  0%| F|  |TAMS 0x0000000084400000, 0x0000000084400000| Untracked 
|  69|0x0000000084500000, 0x0000000084500000, 0x0000000084600000|  0%| F|  |TAMS 0x0000000084500000, 0x0000000084500000| Untracked 
|  70|0x0000000084600000, 0x0000000084600000, 0x0000000084700000|  0%| F|  |TAMS 0x0000000084600000, 0x0000000084600000| Untracked 
|  71|0x0000000084700000, 0x0000000084700000, 0x0000000084800000|  0%| F|  |TAMS 0x0000000084700000, 0x0000000084700000| Untracked 
|  72|0x0000000084800000, 0x0000000084800000, 0x0000000084900000|  0%| F|  |TAMS 0x0000000084800000, 0x0000000084800000| Untracked 
|  73|0x0000000084900000, 0x0000000084900000, 0x0000000084a00000|  0%| F|  |TAMS 0x0000000084900000, 0x0000000084900000| Untracked 
|  74|0x0000000084a00000, 0x0000000084a00000, 0x0000000084b00000|  0%| F|  |TAMS 0x0000000084a00000, 0x0000000084a00000| Untracked 
|  75|0x0000000084b00000, 0x0000000084b00000, 0x0000000084c00000|  0%| F|  |TAMS 0x0000000084b00000, 0x0000000084b00000| Untracked 
|  76|0x0000000084c00000, 0x0000000084c00000, 0x0000000084d00000|  0%| F|  |TAMS 0x0000000084c00000, 0x0000000084c00000| Untracked 
|  77|0x0000000084d00000, 0x0000000084d00000, 0x0000000084e00000|  0%| F|  |TAMS 0x0000000084d00000, 0x0000000084d00000| Untracked 
|  78|0x0000000084e00000, 0x0000000084e00000, 0x0000000084f00000|  0%| F|  |TAMS 0x0000000084e00000, 0x0000000084e00000| Untracked 
|  79|0x0000000084f00000, 0x0000000084f00000, 0x0000000085000000|  0%| F|  |TAMS 0x0000000084f00000, 0x0000000084f00000| Untracked 
|  80|0x0000000085000000, 0x0000000085000000, 0x0000000085100000|  0%| F|  |TAMS 0x0000000085000000, 0x0000000085000000| Untracked 
|  81|0x0000000085100000, 0x0000000085100000, 0x0000000085200000|  0%| F|  |TAMS 0x0000000085100000, 0x0000000085100000| Untracked 
|  82|0x0000000085200000, 0x0000000085200000, 0x0000000085300000|  0%| F|  |TAMS 0x0000000085200000, 0x0000000085200000| Untracked 
|  83|0x0000000085300000, 0x0000000085300000, 0x0000000085400000|  0%| F|  |TAMS 0x0000000085300000, 0x0000000085300000| Untracked 
|  84|0x0000000085400000, 0x0000000085400000, 0x0000000085500000|  0%| F|  |TAMS 0x0000000085400000, 0x0000000085400000| Untracked 
|  85|0x0000000085500000, 0x0000000085500000, 0x0000000085600000|  0%| F|  |TAMS 0x0000000085500000, 0x0000000085500000| Untracked 
|  86|0x0000000085600000, 0x0000000085600000, 0x0000000085700000|  0%| F|  |TAMS 0x0000000085600000, 0x0000000085600000| Untracked 
|  87|0x0000000085700000, 0x0000000085700000, 0x0000000085800000|  0%| F|  |TAMS 0x0000000085700000, 0x0000000085700000| Untracked 
|  88|0x0000000085800000, 0x0000000085800000, 0x0000000085900000|  0%| F|  |TAMS 0x0000000085800000, 0x0000000085800000| Untracked 
|  89|0x0000000085900000, 0x0000000085900000, 0x0000000085a00000|  0%| F|  |TAMS 0x0000000085900000, 0x0000000085900000| Untracked 
|  90|0x0000000085a00000, 0x0000000085a00000, 0x0000000085b00000|  0%| F|  |TAMS 0x0000000085a00000, 0x0000000085a00000| Untracked 
|  91|0x0000000085b00000, 0x0000000085b00000, 0x0000000085c00000|  0%| F|  |TAMS 0x0000000085b00000, 0x0000000085b00000| Untracked 
|  92|0x0000000085c00000, 0x0000000085c00000, 0x0000000085d00000|  0%| F|  |TAMS 0x0000000085c00000, 0x0000000085c00000| Untracked 
|  93|0x0000000085d00000, 0x0000000085d00000, 0x0000000085e00000|  0%| F|  |TAMS 0x0000000085d00000, 0x0000000085d00000| Untracked 
|  94|0x0000000085e00000, 0x0000000085e00000, 0x0000000085f00000|  0%| F|  |TAMS 0x0000000085e00000, 0x0000000085e00000| Untracked 
|  95|0x0000000085f00000, 0x0000000085f00000, 0x0000000086000000|  0%| F|  |TAMS 0x0000000085f00000, 0x0000000085f00000| Untracked 
|  96|0x0000000086000000, 0x0000000086000000, 0x0000000086100000|  0%| F|  |TAMS 0x0000000086000000, 0x0000000086000000| Untracked 
|  97|0x0000000086100000, 0x0000000086100000, 0x0000000086200000|  0%| F|  |TAMS 0x0000000086100000, 0x0000000086100000| Untracked 
|  98|0x0000000086200000, 0x0000000086200000, 0x0000000086300000|  0%| F|  |TAMS 0x0000000086200000, 0x0000000086200000| Untracked 
|  99|0x0000000086300000, 0x0000000086300000, 0x0000000086400000|  0%| F|  |TAMS 0x0000000086300000, 0x0000000086300000| Untracked 
| 100|0x0000000086400000, 0x0000000086400000, 0x0000000086500000|  0%| F|  |TAMS 0x0000000086400000, 0x0000000086400000| Untracked 
| 101|0x0000000086500000, 0x0000000086500000, 0x0000000086600000|  0%| F|  |TAMS 0x0000000086500000, 0x0000000086500000| Untracked 
| 102|0x0000000086600000, 0x0000000086600000, 0x0000000086700000|  0%| F|  |TAMS 0x0000000086600000, 0x0000000086600000| Untracked 
| 103|0x0000000086700000, 0x0000000086700000, 0x0000000086800000|  0%| F|  |TAMS 0x0000000086700000, 0x0000000086700000| Untracked 
| 104|0x0000000086800000, 0x0000000086800000, 0x0000000086900000|  0%| F|  |TAMS 0x0000000086800000, 0x0000000086800000| Untracked 
| 105|0x0000000086900000, 0x0000000086900000, 0x0000000086a00000|  0%| F|  |TAMS 0x0000000086900000, 0x0000000086900000| Untracked 
| 106|0x0000000086a00000, 0x0000000086a00000, 0x0000000086b00000|  0%| F|  |TAMS 0x0000000086a00000, 0x0000000086a00000| Untracked 
| 107|0x0000000086b00000, 0x0000000086b00000, 0x0000000086c00000|  0%| F|  |TAMS 0x0000000086b00000, 0x0000000086b00000| Untracked 
| 108|0x0000000086c00000, 0x0000000086c00000, 0x0000000086d00000|  0%| F|  |TAMS 0x0000000086c00000, 0x0000000086c00000| Untracked 
| 109|0x0000000086d00000, 0x0000000086d00000, 0x0000000086e00000|  0%| F|  |TAMS 0x0000000086d00000, 0x0000000086d00000| Untracked 
| 110|0x0000000086e00000, 0x0000000086e00000, 0x0000000086f00000|  0%| F|  |TAMS 0x0000000086e00000, 0x0000000086e00000| Untracked 
| 111|0x0000000086f00000, 0x0000000086f00000, 0x0000000087000000|  0%| F|  |TAMS 0x0000000086f00000, 0x0000000086f00000| Untracked 
| 112|0x0000000087000000, 0x0000000087000000, 0x0000000087100000|  0%| F|  |TAMS 0x0000000087000000, 0x0000000087000000| Untracked 
| 113|0x0000000087100000, 0x0000000087100000, 0x0000000087200000|  0%| F|  |TAMS 0x0000000087100000, 0x0000000087100000| Untracked 
| 114|0x0000000087200000, 0x0000000087200000, 0x0000000087300000|  0%| F|  |TAMS 0x0000000087200000, 0x0000000087200000| Untracked 
| 115|0x0000000087300000, 0x0000000087300000, 0x0000000087400000|  0%| F|  |TAMS 0x0000000087300000, 0x0000000087300000| Untracked 
| 116|0x0000000087400000, 0x0000000087400000, 0x0000000087500000|  0%| F|  |TAMS 0x0000000087400000, 0x0000000087400000| Untracked 
| 117|0x0000000087500000, 0x0000000087500000, 0x0000000087600000|  0%| F|  |TAMS 0x0000000087500000, 0x0000000087500000| Untracked 
| 118|0x0000000087600000, 0x0000000087600000, 0x0000000087700000|  0%| F|  |TAMS 0x0000000087600000, 0x0000000087600000| Untracked 
| 119|0x0000000087700000, 0x0000000087700000, 0x0000000087800000|  0%| F|  |TAMS 0x0000000087700000, 0x0000000087700000| Untracked 
| 120|0x0000000087800000, 0x0000000087800000, 0x0000000087900000|  0%| F|  |TAMS 0x0000000087800000, 0x0000000087800000| Untracked 
| 121|0x0000000087900000, 0x0000000087900000, 0x0000000087a00000|  0%| F|  |TAMS 0x0000000087900000, 0x0000000087900000| Untracked 
| 122|0x0000000087a00000, 0x0000000087a00000, 0x0000000087b00000|  0%| F|  |TAMS 0x0000000087a00000, 0x0000000087a00000| Untracked 
| 123|0x0000000087b00000, 0x0000000087b00000, 0x0000000087c00000|  0%| F|  |TAMS 0x0000000087b00000, 0x0000000087b00000| Untracked 
| 124|0x0000000087c00000, 0x0000000087c00000, 0x0000000087d00000|  0%| F|  |TAMS 0x0000000087c00000, 0x0000000087c00000| Untracked 
| 125|0x0000000087d00000, 0x0000000087d00000, 0x0000000087e00000|  0%| F|  |TAMS 0x0000000087d00000, 0x0000000087d00000| Untracked 
| 126|0x0000000087e00000, 0x0000000087e00000, 0x0000000087f00000|  0%| F|  |TAMS 0x0000000087e00000, 0x0000000087e00000| Untracked 
| 127|0x0000000087f00000, 0x0000000087f00000, 0x0000000088000000|  0%| F|  |TAMS 0x0000000087f00000, 0x0000000087f00000| Untracked 
| 128|0x0000000088000000, 0x0000000088000000, 0x0000000088100000|  0%| F|  |TAMS 0x0000000088000000, 0x0000000088000000| Untracked 
| 129|0x0000000088100000, 0x0000000088100000, 0x0000000088200000|  0%| F|  |TAMS 0x0000000088100000, 0x0000000088100000| Untracked 
| 130|0x0000000088200000, 0x0000000088200000, 0x0000000088300000|  0%| F|  |TAMS 0x0000000088200000, 0x0000000088200000| Untracked 
| 131|0x0000000088300000, 0x0000000088300000, 0x0000000088400000|  0%| F|  |TAMS 0x0000000088300000, 0x0000000088300000| Untracked 
| 132|0x0000000088400000, 0x0000000088400000, 0x0000000088500000|  0%| F|  |TAMS 0x0000000088400000, 0x0000000088400000| Untracked 
| 133|0x0000000088500000, 0x0000000088500000, 0x0000000088600000|  0%| F|  |TAMS 0x0000000088500000, 0x0000000088500000| Untracked 
| 134|0x0000000088600000, 0x0000000088600000, 0x0000000088700000|  0%| F|  |TAMS 0x0000000088600000, 0x0000000088600000| Untracked 
| 135|0x0000000088700000, 0x0000000088700000, 0x0000000088800000|  0%| F|  |TAMS 0x0000000088700000, 0x0000000088700000| Untracked 
| 136|0x0000000088800000, 0x0000000088800000, 0x0000000088900000|  0%| F|  |TAMS 0x0000000088800000, 0x0000000088800000| Untracked 
| 137|0x0000000088900000, 0x0000000088900000, 0x0000000088a00000|  0%| F|  |TAMS 0x0000000088900000, 0x0000000088900000| Untracked 
| 138|0x0000000088a00000, 0x0000000088a00000, 0x0000000088b00000|  0%| F|  |TAMS 0x0000000088a00000, 0x0000000088a00000| Untracked 
| 139|0x0000000088b00000, 0x0000000088b00000, 0x0000000088c00000|  0%| F|  |TAMS 0x0000000088b00000, 0x0000000088b00000| Untracked 
| 140|0x0000000088c00000, 0x0000000088c00000, 0x0000000088d00000|  0%| F|  |TAMS 0x0000000088c00000, 0x0000000088c00000| Untracked 
| 141|0x0000000088d00000, 0x0000000088d00000, 0x0000000088e00000|  0%| F|  |TAMS 0x0000000088d00000, 0x0000000088d00000| Untracked 
| 142|0x0000000088e00000, 0x0000000088e00000, 0x0000000088f00000|  0%| F|  |TAMS 0x0000000088e00000, 0x0000000088e00000| Untracked 
| 143|0x0000000088f00000, 0x0000000088f00000, 0x0000000089000000|  0%| F|  |TAMS 0x0000000088f00000, 0x0000000088f00000| Untracked 
| 144|0x0000000089000000, 0x0000000089000000, 0x0000000089100000|  0%| F|  |TAMS 0x0000000089000000, 0x0000000089000000| Untracked 
| 145|0x0000000089100000, 0x0000000089100000, 0x0000000089200000|  0%| F|  |TAMS 0x0000000089100000, 0x0000000089100000| Untracked 
| 146|0x0000000089200000, 0x0000000089200000, 0x0000000089300000|  0%| F|  |TAMS 0x0000000089200000, 0x0000000089200000| Untracked 
| 147|0x0000000089300000, 0x0000000089300000, 0x0000000089400000|  0%| F|  |TAMS 0x0000000089300000, 0x0000000089300000| Untracked 
| 148|0x0000000089400000, 0x0000000089400000, 0x0000000089500000|  0%| F|  |TAMS 0x0000000089400000, 0x0000000089400000| Untracked 
| 149|0x0000000089500000, 0x0000000089500000, 0x0000000089600000|  0%| F|  |TAMS 0x0000000089500000, 0x0000000089500000| Untracked 
| 150|0x0000000089600000, 0x0000000089600000, 0x0000000089700000|  0%| F|  |TAMS 0x0000000089600000, 0x0000000089600000| Untracked 
| 151|0x0000000089700000, 0x0000000089700000, 0x0000000089800000|  0%| F|  |TAMS 0x0000000089700000, 0x0000000089700000| Untracked 
| 152|0x0000000089800000, 0x0000000089800000, 0x0000000089900000|  0%| F|  |TAMS 0x0000000089800000, 0x0000000089800000| Untracked 
| 153|0x0000000089900000, 0x0000000089900000, 0x0000000089a00000|  0%| F|  |TAMS 0x0000000089900000, 0x0000000089900000| Untracked 
| 154|0x0000000089a00000, 0x0000000089a00000, 0x0000000089b00000|  0%| F|  |TAMS 0x0000000089a00000, 0x0000000089a00000| Untracked 
| 155|0x0000000089b00000, 0x0000000089b00000, 0x0000000089c00000|  0%| F|  |TAMS 0x0000000089b00000, 0x0000000089b00000| Untracked 
| 156|0x0000000089c00000, 0x0000000089c00000, 0x0000000089d00000|  0%| F|  |TAMS 0x0000000089c00000, 0x0000000089c00000| Untracked 
| 157|0x0000000089d00000, 0x0000000089d00000, 0x0000000089e00000|  0%| F|  |TAMS 0x0000000089d00000, 0x0000000089d00000| Untracked 
| 158|0x0000000089e00000, 0x0000000089e00000, 0x0000000089f00000|  0%| F|  |TAMS 0x0000000089e00000, 0x0000000089e00000| Untracked 
| 159|0x0000000089f00000, 0x0000000089f00000, 0x000000008a000000|  0%| F|  |TAMS 0x0000000089f00000, 0x0000000089f00000| Untracked 
| 160|0x000000008a000000, 0x000000008a000000, 0x000000008a100000|  0%| F|  |TAMS 0x000000008a000000, 0x000000008a000000| Untracked 
| 161|0x000000008a100000, 0x000000008a100000, 0x000000008a200000|  0%| F|  |TAMS 0x000000008a100000, 0x000000008a100000| Untracked 
| 162|0x000000008a200000, 0x000000008a200000, 0x000000008a300000|  0%| F|  |TAMS 0x000000008a200000, 0x000000008a200000| Untracked 
| 163|0x000000008a300000, 0x000000008a300000, 0x000000008a400000|  0%| F|  |TAMS 0x000000008a300000, 0x000000008a300000| Untracked 
| 164|0x000000008a400000, 0x000000008a400000, 0x000000008a500000|  0%| F|  |TAMS 0x000000008a400000, 0x000000008a400000| Untracked 
| 165|0x000000008a500000, 0x000000008a500000, 0x000000008a600000|  0%| F|  |TAMS 0x000000008a500000, 0x000000008a500000| Untracked 
| 166|0x000000008a600000, 0x000000008a600000, 0x000000008a700000|  0%| F|  |TAMS 0x000000008a600000, 0x000000008a600000| Untracked 
| 167|0x000000008a700000, 0x000000008a700000, 0x000000008a800000|  0%| F|  |TAMS 0x000000008a700000, 0x000000008a700000| Untracked 
| 168|0x000000008a800000, 0x000000008a800000, 0x000000008a900000|  0%| F|  |TAMS 0x000000008a800000, 0x000000008a800000| Untracked 
| 169|0x000000008a900000, 0x000000008a900000, 0x000000008aa00000|  0%| F|  |TAMS 0x000000008a900000, 0x000000008a900000| Untracked 
| 170|0x000000008aa00000, 0x000000008aa00000, 0x000000008ab00000|  0%| F|  |TAMS 0x000000008aa00000, 0x000000008aa00000| Untracked 
| 171|0x000000008ab00000, 0x000000008ab00000, 0x000000008ac00000|  0%| F|  |TAMS 0x000000008ab00000, 0x000000008ab00000| Untracked 
| 172|0x000000008ac00000, 0x000000008ac00000, 0x000000008ad00000|  0%| F|  |TAMS 0x000000008ac00000, 0x000000008ac00000| Untracked 
| 173|0x000000008ad00000, 0x000000008ad00000, 0x000000008ae00000|  0%| F|  |TAMS 0x000000008ad00000, 0x000000008ad00000| Untracked 
| 174|0x000000008ae00000, 0x000000008ae00000, 0x000000008af00000|  0%| F|  |TAMS 0x000000008ae00000, 0x000000008ae00000| Untracked 
| 175|0x000000008af00000, 0x000000008af00000, 0x000000008b000000|  0%| F|  |TAMS 0x000000008af00000, 0x000000008af00000| Untracked 
| 176|0x000000008b000000, 0x000000008b000000, 0x000000008b100000|  0%| F|  |TAMS 0x000000008b000000, 0x000000008b000000| Untracked 
| 177|0x000000008b100000, 0x000000008b100000, 0x000000008b200000|  0%| F|  |TAMS 0x000000008b100000, 0x000000008b100000| Untracked 
| 178|0x000000008b200000, 0x000000008b200000, 0x000000008b300000|  0%| F|  |TAMS 0x000000008b200000, 0x000000008b200000| Untracked 
| 179|0x000000008b300000, 0x000000008b300000, 0x000000008b400000|  0%| F|  |TAMS 0x000000008b300000, 0x000000008b300000| Untracked 
| 180|0x000000008b400000, 0x000000008b400000, 0x000000008b500000|  0%| F|  |TAMS 0x000000008b400000, 0x000000008b400000| Untracked 
| 181|0x000000008b500000, 0x000000008b500000, 0x000000008b600000|  0%| F|  |TAMS 0x000000008b500000, 0x000000008b500000| Untracked 
| 182|0x000000008b600000, 0x000000008b600000, 0x000000008b700000|  0%| F|  |TAMS 0x000000008b600000, 0x000000008b600000| Untracked 
| 183|0x000000008b700000, 0x000000008b700000, 0x000000008b800000|  0%| F|  |TAMS 0x000000008b700000, 0x000000008b700000| Untracked 
| 184|0x000000008b800000, 0x000000008b800000, 0x000000008b900000|  0%| F|  |TAMS 0x000000008b800000, 0x000000008b800000| Untracked 
| 185|0x000000008b900000, 0x000000008b900000, 0x000000008ba00000|  0%| F|  |TAMS 0x000000008b900000, 0x000000008b900000| Untracked 
| 186|0x000000008ba00000, 0x000000008ba00000, 0x000000008bb00000|  0%| F|  |TAMS 0x000000008ba00000, 0x000000008ba00000| Untracked 
| 187|0x000000008bb00000, 0x000000008bb00000, 0x000000008bc00000|  0%| F|  |TAMS 0x000000008bb00000, 0x000000008bb00000| Untracked 
| 188|0x000000008bc00000, 0x000000008bc00000, 0x000000008bd00000|  0%| F|  |TAMS 0x000000008bc00000, 0x000000008bc00000| Untracked 
| 189|0x000000008bd00000, 0x000000008bd00000, 0x000000008be00000|  0%| F|  |TAMS 0x000000008bd00000, 0x000000008bd00000| Untracked 
| 190|0x000000008be00000, 0x000000008be00000, 0x000000008bf00000|  0%| F|  |TAMS 0x000000008be00000, 0x000000008be00000| Untracked 
| 191|0x000000008bf00000, 0x000000008bf00000, 0x000000008c000000|  0%| F|  |TAMS 0x000000008bf00000, 0x000000008bf00000| Untracked 
| 192|0x000000008c000000, 0x000000008c000000, 0x000000008c100000|  0%| F|  |TAMS 0x000000008c000000, 0x000000008c000000| Untracked 
| 193|0x000000008c100000, 0x000000008c100000, 0x000000008c200000|  0%| F|  |TAMS 0x000000008c100000, 0x000000008c100000| Untracked 
| 194|0x000000008c200000, 0x000000008c200000, 0x000000008c300000|  0%| F|  |TAMS 0x000000008c200000, 0x000000008c200000| Untracked 
| 195|0x000000008c300000, 0x000000008c300000, 0x000000008c400000|  0%| F|  |TAMS 0x000000008c300000, 0x000000008c300000| Untracked 
| 196|0x000000008c400000, 0x000000008c400000, 0x000000008c500000|  0%| F|  |TAMS 0x000000008c400000, 0x000000008c400000| Untracked 
| 197|0x000000008c500000, 0x000000008c500000, 0x000000008c600000|  0%| F|  |TAMS 0x000000008c500000, 0x000000008c500000| Untracked 
| 198|0x000000008c600000, 0x000000008c600000, 0x000000008c700000|  0%| F|  |TAMS 0x000000008c600000, 0x000000008c600000| Untracked 
| 199|0x000000008c700000, 0x000000008c700000, 0x000000008c800000|  0%| F|  |TAMS 0x000000008c700000, 0x000000008c700000| Untracked 
| 200|0x000000008c800000, 0x000000008c800000, 0x000000008c900000|  0%| F|  |TAMS 0x000000008c800000, 0x000000008c800000| Untracked 
| 201|0x000000008c900000, 0x000000008c900000, 0x000000008ca00000|  0%| F|  |TAMS 0x000000008c900000, 0x000000008c900000| Untracked 
| 202|0x000000008ca00000, 0x000000008ca00000, 0x000000008cb00000|  0%| F|  |TAMS 0x000000008ca00000, 0x000000008ca00000| Untracked 
| 203|0x000000008cb00000, 0x000000008cb00000, 0x000000008cc00000|  0%| F|  |TAMS 0x000000008cb00000, 0x000000008cb00000| Untracked 
| 204|0x000000008cc00000, 0x000000008cc00000, 0x000000008cd00000|  0%| F|  |TAMS 0x000000008cc00000, 0x000000008cc00000| Untracked 
| 205|0x000000008cd00000, 0x000000008cd00000, 0x000000008ce00000|  0%| F|  |TAMS 0x000000008cd00000, 0x000000008cd00000| Untracked 
| 206|0x000000008ce00000, 0x000000008ce00000, 0x000000008cf00000|  0%| F|  |TAMS 0x000000008ce00000, 0x000000008ce00000| Untracked 
| 207|0x000000008cf00000, 0x000000008cf00000, 0x000000008d000000|  0%| F|  |TAMS 0x000000008cf00000, 0x000000008cf00000| Untracked 
| 208|0x000000008d000000, 0x000000008d000000, 0x000000008d100000|  0%| F|  |TAMS 0x000000008d000000, 0x000000008d000000| Untracked 
| 209|0x000000008d100000, 0x000000008d100000, 0x000000008d200000|  0%| F|  |TAMS 0x000000008d100000, 0x000000008d100000| Untracked 
| 210|0x000000008d200000, 0x000000008d200000, 0x000000008d300000|  0%| F|  |TAMS 0x000000008d200000, 0x000000008d200000| Untracked 
| 211|0x000000008d300000, 0x000000008d300000, 0x000000008d400000|  0%| F|  |TAMS 0x000000008d300000, 0x000000008d300000| Untracked 
| 212|0x000000008d400000, 0x000000008d400000, 0x000000008d500000|  0%| F|  |TAMS 0x000000008d400000, 0x000000008d400000| Untracked 
| 213|0x000000008d500000, 0x000000008d500000, 0x000000008d600000|  0%| F|  |TAMS 0x000000008d500000, 0x000000008d500000| Untracked 
| 214|0x000000008d600000, 0x000000008d600000, 0x000000008d700000|  0%| F|  |TAMS 0x000000008d600000, 0x000000008d600000| Untracked 
| 215|0x000000008d700000, 0x000000008d700000, 0x000000008d800000|  0%| F|  |TAMS 0x000000008d700000, 0x000000008d700000| Untracked 
| 216|0x000000008d800000, 0x000000008d800000, 0x000000008d900000|  0%| F|  |TAMS 0x000000008d800000, 0x000000008d800000| Untracked 
| 217|0x000000008d900000, 0x000000008d900000, 0x000000008da00000|  0%| F|  |TAMS 0x000000008d900000, 0x000000008d900000| Untracked 
| 218|0x000000008da00000, 0x000000008da00000, 0x000000008db00000|  0%| F|  |TAMS 0x000000008da00000, 0x000000008da00000| Untracked 
| 219|0x000000008db00000, 0x000000008db00000, 0x000000008dc00000|  0%| F|  |TAMS 0x000000008db00000, 0x000000008db00000| Untracked 
| 220|0x000000008dc00000, 0x000000008dc00000, 0x000000008dd00000|  0%| F|  |TAMS 0x000000008dc00000, 0x000000008dc00000| Untracked 
| 221|0x000000008dd00000, 0x000000008dd00000, 0x000000008de00000|  0%| F|  |TAMS 0x000000008dd00000, 0x000000008dd00000| Untracked 
| 222|0x000000008de00000, 0x000000008de00000, 0x000000008df00000|  0%| F|  |TAMS 0x000000008de00000, 0x000000008de00000| Untracked 
| 223|0x000000008df00000, 0x000000008df00000, 0x000000008e000000|  0%| F|  |TAMS 0x000000008df00000, 0x000000008df00000| Untracked 
| 224|0x000000008e000000, 0x000000008e000000, 0x000000008e100000|  0%| F|  |TAMS 0x000000008e000000, 0x000000008e000000| Untracked 
| 225|0x000000008e100000, 0x000000008e100000, 0x000000008e200000|  0%| F|  |TAMS 0x000000008e100000, 0x000000008e100000| Untracked 
| 226|0x000000008e200000, 0x000000008e200000, 0x000000008e300000|  0%| F|  |TAMS 0x000000008e200000, 0x000000008e200000| Untracked 
| 227|0x000000008e300000, 0x000000008e300000, 0x000000008e400000|  0%| F|  |TAMS 0x000000008e300000, 0x000000008e300000| Untracked 
| 228|0x000000008e400000, 0x000000008e400000, 0x000000008e500000|  0%| F|  |TAMS 0x000000008e400000, 0x000000008e400000| Untracked 
| 229|0x000000008e500000, 0x000000008e500000, 0x000000008e600000|  0%| F|  |TAMS 0x000000008e500000, 0x000000008e500000| Untracked 
| 230|0x000000008e600000, 0x000000008e600000, 0x000000008e700000|  0%| F|  |TAMS 0x000000008e600000, 0x000000008e600000| Untracked 
| 231|0x000000008e700000, 0x000000008e700000, 0x000000008e800000|  0%| F|  |TAMS 0x000000008e700000, 0x000000008e700000| Untracked 
| 232|0x000000008e800000, 0x000000008e800000, 0x000000008e900000|  0%| F|  |TAMS 0x000000008e800000, 0x000000008e800000| Untracked 
| 233|0x000000008e900000, 0x000000008e900000, 0x000000008ea00000|  0%| F|  |TAMS 0x000000008e900000, 0x000000008e900000| Untracked 
| 234|0x000000008ea00000, 0x000000008ea00000, 0x000000008eb00000|  0%| F|  |TAMS 0x000000008ea00000, 0x000000008ea00000| Untracked 
| 235|0x000000008eb00000, 0x000000008eb00000, 0x000000008ec00000|  0%| F|  |TAMS 0x000000008eb00000, 0x000000008eb00000| Untracked 
| 236|0x000000008ec00000, 0x000000008ec00000, 0x000000008ed00000|  0%| F|  |TAMS 0x000000008ec00000, 0x000000008ec00000| Untracked 
| 237|0x000000008ed00000, 0x000000008ed00000, 0x000000008ee00000|  0%| F|  |TAMS 0x000000008ed00000, 0x000000008ed00000| Untracked 
| 238|0x000000008ee00000, 0x000000008ee00000, 0x000000008ef00000|  0%| F|  |TAMS 0x000000008ee00000, 0x000000008ee00000| Untracked 
| 239|0x000000008ef00000, 0x000000008ef00000, 0x000000008f000000|  0%| F|  |TAMS 0x000000008ef00000, 0x000000008ef00000| Untracked 
| 240|0x000000008f000000, 0x000000008f000000, 0x000000008f100000|  0%| F|  |TAMS 0x000000008f000000, 0x000000008f000000| Untracked 
| 241|0x000000008f100000, 0x000000008f100000, 0x000000008f200000|  0%| F|  |TAMS 0x000000008f100000, 0x000000008f100000| Untracked 
| 242|0x000000008f200000, 0x000000008f200000, 0x000000008f300000|  0%| F|  |TAMS 0x000000008f200000, 0x000000008f200000| Untracked 
| 243|0x000000008f300000, 0x000000008f300000, 0x000000008f400000|  0%| F|  |TAMS 0x000000008f300000, 0x000000008f300000| Untracked 
| 244|0x000000008f400000, 0x000000008f400000, 0x000000008f500000|  0%| F|  |TAMS 0x000000008f400000, 0x000000008f400000| Untracked 
| 245|0x000000008f500000, 0x000000008f500000, 0x000000008f600000|  0%| F|  |TAMS 0x000000008f500000, 0x000000008f500000| Untracked 
| 246|0x000000008f600000, 0x000000008f600000, 0x000000008f700000|  0%| F|  |TAMS 0x000000008f600000, 0x000000008f600000| Untracked 
| 247|0x000000008f700000, 0x000000008f700000, 0x000000008f800000|  0%| F|  |TAMS 0x000000008f700000, 0x000000008f700000| Untracked 
| 248|0x000000008f800000, 0x000000008f800000, 0x000000008f900000|  0%| F|  |TAMS 0x000000008f800000, 0x000000008f800000| Untracked 
| 249|0x000000008f900000, 0x000000008f900000, 0x000000008fa00000|  0%| F|  |TAMS 0x000000008f900000, 0x000000008f900000| Untracked 
| 250|0x000000008fa00000, 0x000000008fa00000, 0x000000008fb00000|  0%| F|  |TAMS 0x000000008fa00000, 0x000000008fa00000| Untracked 
| 251|0x000000008fb00000, 0x000000008fb00000, 0x000000008fc00000|  0%| F|  |TAMS 0x000000008fb00000, 0x000000008fb00000| Untracked 
| 252|0x000000008fc00000, 0x000000008fc00000, 0x000000008fd00000|  0%| F|  |TAMS 0x000000008fc00000, 0x000000008fc00000| Untracked 
| 253|0x000000008fd00000, 0x000000008fd00000, 0x000000008fe00000|  0%| F|  |TAMS 0x000000008fd00000, 0x000000008fd00000| Untracked 
| 254|0x000000008fe00000, 0x000000008fe00000, 0x000000008ff00000|  0%| F|  |TAMS 0x000000008fe00000, 0x000000008fe00000| Untracked 
| 255|0x000000008ff00000, 0x000000008ff00000, 0x0000000090000000|  0%| F|  |TAMS 0x000000008ff00000, 0x000000008ff00000| Untracked 
| 256|0x0000000090000000, 0x0000000090000000, 0x0000000090100000|  0%| F|  |TAMS 0x0000000090000000, 0x0000000090000000| Untracked 
| 257|0x0000000090100000, 0x0000000090100000, 0x0000000090200000|  0%| F|  |TAMS 0x0000000090100000, 0x0000000090100000| Untracked 
| 258|0x0000000090200000, 0x0000000090200000, 0x0000000090300000|  0%| F|  |TAMS 0x0000000090200000, 0x0000000090200000| Untracked 
| 259|0x0000000090300000, 0x0000000090300000, 0x0000000090400000|  0%| F|  |TAMS 0x0000000090300000, 0x0000000090300000| Untracked 
| 260|0x0000000090400000, 0x0000000090400000, 0x0000000090500000|  0%| F|  |TAMS 0x0000000090400000, 0x0000000090400000| Untracked 
| 261|0x0000000090500000, 0x0000000090500000, 0x0000000090600000|  0%| F|  |TAMS 0x0000000090500000, 0x0000000090500000| Untracked 
| 262|0x0000000090600000, 0x0000000090600000, 0x0000000090700000|  0%| F|  |TAMS 0x0000000090600000, 0x0000000090600000| Untracked 
| 263|0x0000000090700000, 0x0000000090700000, 0x0000000090800000|  0%| F|  |TAMS 0x0000000090700000, 0x0000000090700000| Untracked 
| 264|0x0000000090800000, 0x0000000090800000, 0x0000000090900000|  0%| F|  |TAMS 0x0000000090800000, 0x0000000090800000| Untracked 
| 265|0x0000000090900000, 0x0000000090900000, 0x0000000090a00000|  0%| F|  |TAMS 0x0000000090900000, 0x0000000090900000| Untracked 
| 266|0x0000000090a00000, 0x0000000090a00000, 0x0000000090b00000|  0%| F|  |TAMS 0x0000000090a00000, 0x0000000090a00000| Untracked 
| 267|0x0000000090b00000, 0x0000000090b00000, 0x0000000090c00000|  0%| F|  |TAMS 0x0000000090b00000, 0x0000000090b00000| Untracked 
| 268|0x0000000090c00000, 0x0000000090c00000, 0x0000000090d00000|  0%| F|  |TAMS 0x0000000090c00000, 0x0000000090c00000| Untracked 
| 269|0x0000000090d00000, 0x0000000090d00000, 0x0000000090e00000|  0%| F|  |TAMS 0x0000000090d00000, 0x0000000090d00000| Untracked 
| 270|0x0000000090e00000, 0x0000000090e00000, 0x0000000090f00000|  0%| F|  |TAMS 0x0000000090e00000, 0x0000000090e00000| Untracked 
| 271|0x0000000090f00000, 0x0000000090f00000, 0x0000000091000000|  0%| F|  |TAMS 0x0000000090f00000, 0x0000000090f00000| Untracked 
| 272|0x0000000091000000, 0x0000000091000000, 0x0000000091100000|  0%| F|  |TAMS 0x0000000091000000, 0x0000000091000000| Untracked 
| 273|0x0000000091100000, 0x0000000091100000, 0x0000000091200000|  0%| F|  |TAMS 0x0000000091100000, 0x0000000091100000| Untracked 
| 274|0x0000000091200000, 0x0000000091200000, 0x0000000091300000|  0%| F|  |TAMS 0x0000000091200000, 0x0000000091200000| Untracked 
| 275|0x0000000091300000, 0x0000000091300000, 0x0000000091400000|  0%| F|  |TAMS 0x0000000091300000, 0x0000000091300000| Untracked 
| 276|0x0000000091400000, 0x0000000091400000, 0x0000000091500000|  0%| F|  |TAMS 0x0000000091400000, 0x0000000091400000| Untracked 
| 277|0x0000000091500000, 0x0000000091500000, 0x0000000091600000|  0%| F|  |TAMS 0x0000000091500000, 0x0000000091500000| Untracked 
| 278|0x0000000091600000, 0x0000000091600000, 0x0000000091700000|  0%| F|  |TAMS 0x0000000091600000, 0x0000000091600000| Untracked 
| 279|0x0000000091700000, 0x0000000091700000, 0x0000000091800000|  0%| F|  |TAMS 0x0000000091700000, 0x0000000091700000| Untracked 
| 280|0x0000000091800000, 0x0000000091800000, 0x0000000091900000|  0%| F|  |TAMS 0x0000000091800000, 0x0000000091800000| Untracked 
| 281|0x0000000091900000, 0x0000000091900000, 0x0000000091a00000|  0%| F|  |TAMS 0x0000000091900000, 0x0000000091900000| Untracked 
| 282|0x0000000091a00000, 0x0000000091a00000, 0x0000000091b00000|  0%| F|  |TAMS 0x0000000091a00000, 0x0000000091a00000| Untracked 
| 283|0x0000000091b00000, 0x0000000091b00000, 0x0000000091c00000|  0%| F|  |TAMS 0x0000000091b00000, 0x0000000091b00000| Untracked 
| 284|0x0000000091c00000, 0x0000000091c00000, 0x0000000091d00000|  0%| F|  |TAMS 0x0000000091c00000, 0x0000000091c00000| Untracked 
| 285|0x0000000091d00000, 0x0000000091d00000, 0x0000000091e00000|  0%| F|  |TAMS 0x0000000091d00000, 0x0000000091d00000| Untracked 
| 286|0x0000000091e00000, 0x0000000091e00000, 0x0000000091f00000|  0%| F|  |TAMS 0x0000000091e00000, 0x0000000091e00000| Untracked 
| 287|0x0000000091f00000, 0x0000000091f00000, 0x0000000092000000|  0%| F|  |TAMS 0x0000000091f00000, 0x0000000091f00000| Untracked 
| 288|0x0000000092000000, 0x0000000092000000, 0x0000000092100000|  0%| F|  |TAMS 0x0000000092000000, 0x0000000092000000| Untracked 
| 289|0x0000000092100000, 0x0000000092100000, 0x0000000092200000|  0%| F|  |TAMS 0x0000000092100000, 0x0000000092100000| Untracked 
| 290|0x0000000092200000, 0x0000000092200000, 0x0000000092300000|  0%| F|  |TAMS 0x0000000092200000, 0x0000000092200000| Untracked 
| 291|0x0000000092300000, 0x0000000092300000, 0x0000000092400000|  0%| F|  |TAMS 0x0000000092300000, 0x0000000092300000| Untracked 
| 292|0x0000000092400000, 0x0000000092400000, 0x0000000092500000|  0%| F|  |TAMS 0x0000000092400000, 0x0000000092400000| Untracked 
| 293|0x0000000092500000, 0x0000000092500000, 0x0000000092600000|  0%| F|  |TAMS 0x0000000092500000, 0x0000000092500000| Untracked 
| 294|0x0000000092600000, 0x0000000092600000, 0x0000000092700000|  0%| F|  |TAMS 0x0000000092600000, 0x0000000092600000| Untracked 
| 295|0x0000000092700000, 0x0000000092700000, 0x0000000092800000|  0%| F|  |TAMS 0x0000000092700000, 0x0000000092700000| Untracked 
| 296|0x0000000092800000, 0x0000000092800000, 0x0000000092900000|  0%| F|  |TAMS 0x0000000092800000, 0x0000000092800000| Untracked 
| 297|0x0000000092900000, 0x0000000092900000, 0x0000000092a00000|  0%| F|  |TAMS 0x0000000092900000, 0x0000000092900000| Untracked 
| 298|0x0000000092a00000, 0x0000000092a00000, 0x0000000092b00000|  0%| F|  |TAMS 0x0000000092a00000, 0x0000000092a00000| Untracked 
| 299|0x0000000092b00000, 0x0000000092b00000, 0x0000000092c00000|  0%| F|  |TAMS 0x0000000092b00000, 0x0000000092b00000| Untracked 
| 300|0x0000000092c00000, 0x0000000092c00000, 0x0000000092d00000|  0%| F|  |TAMS 0x0000000092c00000, 0x0000000092c00000| Untracked 
| 301|0x0000000092d00000, 0x0000000092d00000, 0x0000000092e00000|  0%| F|  |TAMS 0x0000000092d00000, 0x0000000092d00000| Untracked 
| 302|0x0000000092e00000, 0x0000000092e00000, 0x0000000092f00000|  0%| F|  |TAMS 0x0000000092e00000, 0x0000000092e00000| Untracked 
| 303|0x0000000092f00000, 0x0000000092f00000, 0x0000000093000000|  0%| F|  |TAMS 0x0000000092f00000, 0x0000000092f00000| Untracked 
| 304|0x0000000093000000, 0x0000000093000000, 0x0000000093100000|  0%| F|  |TAMS 0x0000000093000000, 0x0000000093000000| Untracked 
| 305|0x0000000093100000, 0x000000009318fec0, 0x0000000093200000| 56%| S|CS|TAMS 0x0000000093100000, 0x0000000093100000| Complete 
| 306|0x0000000093200000, 0x0000000093300000, 0x0000000093300000|100%| S|CS|TAMS 0x0000000093200000, 0x0000000093200000| Complete 
| 307|0x0000000093300000, 0x0000000093400000, 0x0000000093400000|100%| S|CS|TAMS 0x0000000093300000, 0x0000000093300000| Complete 
| 308|0x0000000093400000, 0x0000000093500000, 0x0000000093500000|100%| S|CS|TAMS 0x0000000093400000, 0x0000000093400000| Complete 
| 309|0x0000000093500000, 0x0000000093600000, 0x0000000093600000|100%| S|CS|TAMS 0x0000000093500000, 0x0000000093500000| Complete 
| 310|0x0000000093600000, 0x0000000093700000, 0x0000000093700000|100%| S|CS|TAMS 0x0000000093600000, 0x0000000093600000| Complete 
| 311|0x0000000093700000, 0x0000000093800000, 0x0000000093800000|100%| S|CS|TAMS 0x0000000093700000, 0x0000000093700000| Complete 
| 312|0x0000000093800000, 0x0000000093800000, 0x0000000093900000|  0%| F|  |TAMS 0x0000000093800000, 0x0000000093800000| Untracked 
| 313|0x0000000093900000, 0x0000000093900000, 0x0000000093a00000|  0%| F|  |TAMS 0x0000000093900000, 0x0000000093900000| Untracked 
| 314|0x0000000093a00000, 0x0000000093a00000, 0x0000000093b00000|  0%| F|  |TAMS 0x0000000093a00000, 0x0000000093a00000| Untracked 
| 315|0x0000000093b00000, 0x0000000093b00000, 0x0000000093c00000|  0%| F|  |TAMS 0x0000000093b00000, 0x0000000093b00000| Untracked 
| 316|0x0000000093c00000, 0x0000000093c00000, 0x0000000093d00000|  0%| F|  |TAMS 0x0000000093c00000, 0x0000000093c00000| Untracked 
| 317|0x0000000093d00000, 0x0000000093d00000, 0x0000000093e00000|  0%| F|  |TAMS 0x0000000093d00000, 0x0000000093d00000| Untracked 
| 318|0x0000000093e00000, 0x0000000093e00000, 0x0000000093f00000|  0%| F|  |TAMS 0x0000000093e00000, 0x0000000093e00000| Untracked 
| 319|0x0000000093f00000, 0x0000000093f00000, 0x0000000094000000|  0%| F|  |TAMS 0x0000000093f00000, 0x0000000093f00000| Untracked 
| 320|0x0000000094000000, 0x0000000094000000, 0x0000000094100000|  0%| F|  |TAMS 0x0000000094000000, 0x0000000094000000| Untracked 
| 321|0x0000000094100000, 0x0000000094100000, 0x0000000094200000|  0%| F|  |TAMS 0x0000000094100000, 0x0000000094100000| Untracked 
| 322|0x0000000094200000, 0x0000000094200000, 0x0000000094300000|  0%| F|  |TAMS 0x0000000094200000, 0x0000000094200000| Untracked 
| 323|0x0000000094300000, 0x0000000094300000, 0x0000000094400000|  0%| F|  |TAMS 0x0000000094300000, 0x0000000094300000| Untracked 
| 324|0x0000000094400000, 0x0000000094400000, 0x0000000094500000|  0%| F|  |TAMS 0x0000000094400000, 0x0000000094400000| Untracked 
| 325|0x0000000094500000, 0x0000000094500000, 0x0000000094600000|  0%| F|  |TAMS 0x0000000094500000, 0x0000000094500000| Untracked 
| 326|0x0000000094600000, 0x0000000094600000, 0x0000000094700000|  0%| F|  |TAMS 0x0000000094600000, 0x0000000094600000| Untracked 
| 327|0x0000000094700000, 0x0000000094700000, 0x0000000094800000|  0%| F|  |TAMS 0x0000000094700000, 0x0000000094700000| Untracked 
| 328|0x0000000094800000, 0x0000000094800000, 0x0000000094900000|  0%| F|  |TAMS 0x0000000094800000, 0x0000000094800000| Untracked 
| 329|0x0000000094900000, 0x0000000094900000, 0x0000000094a00000|  0%| F|  |TAMS 0x0000000094900000, 0x0000000094900000| Untracked 
| 330|0x0000000094a00000, 0x0000000094a00000, 0x0000000094b00000|  0%| F|  |TAMS 0x0000000094a00000, 0x0000000094a00000| Untracked 
| 331|0x0000000094b00000, 0x0000000094b00000, 0x0000000094c00000|  0%| F|  |TAMS 0x0000000094b00000, 0x0000000094b00000| Untracked 
| 332|0x0000000094c00000, 0x0000000094c00000, 0x0000000094d00000|  0%| F|  |TAMS 0x0000000094c00000, 0x0000000094c00000| Untracked 
| 333|0x0000000094d00000, 0x0000000094d00000, 0x0000000094e00000|  0%| F|  |TAMS 0x0000000094d00000, 0x0000000094d00000| Untracked 
| 334|0x0000000094e00000, 0x0000000094e00000, 0x0000000094f00000|  0%| F|  |TAMS 0x0000000094e00000, 0x0000000094e00000| Untracked 
| 335|0x0000000094f00000, 0x0000000094f00000, 0x0000000095000000|  0%| F|  |TAMS 0x0000000094f00000, 0x0000000094f00000| Untracked 
| 336|0x0000000095000000, 0x0000000095000000, 0x0000000095100000|  0%| F|  |TAMS 0x0000000095000000, 0x0000000095000000| Untracked 
| 337|0x0000000095100000, 0x0000000095100000, 0x0000000095200000|  0%| F|  |TAMS 0x0000000095100000, 0x0000000095100000| Untracked 
| 338|0x0000000095200000, 0x0000000095200000, 0x0000000095300000|  0%| F|  |TAMS 0x0000000095200000, 0x0000000095200000| Untracked 
| 339|0x0000000095300000, 0x0000000095300000, 0x0000000095400000|  0%| F|  |TAMS 0x0000000095300000, 0x0000000095300000| Untracked 
| 340|0x0000000095400000, 0x0000000095400000, 0x0000000095500000|  0%| F|  |TAMS 0x0000000095400000, 0x0000000095400000| Untracked 
| 341|0x0000000095500000, 0x0000000095500000, 0x0000000095600000|  0%| F|  |TAMS 0x0000000095500000, 0x0000000095500000| Untracked 
| 342|0x0000000095600000, 0x0000000095600000, 0x0000000095700000|  0%| F|  |TAMS 0x0000000095600000, 0x0000000095600000| Untracked 
| 343|0x0000000095700000, 0x0000000095700000, 0x0000000095800000|  0%| F|  |TAMS 0x0000000095700000, 0x0000000095700000| Untracked 
| 344|0x0000000095800000, 0x0000000095800000, 0x0000000095900000|  0%| F|  |TAMS 0x0000000095800000, 0x0000000095800000| Untracked 
| 345|0x0000000095900000, 0x0000000095900000, 0x0000000095a00000|  0%| F|  |TAMS 0x0000000095900000, 0x0000000095900000| Untracked 
| 346|0x0000000095a00000, 0x0000000095a00000, 0x0000000095b00000|  0%| F|  |TAMS 0x0000000095a00000, 0x0000000095a00000| Untracked 
| 347|0x0000000095b00000, 0x0000000095b00000, 0x0000000095c00000|  0%| F|  |TAMS 0x0000000095b00000, 0x0000000095b00000| Untracked 
| 348|0x0000000095c00000, 0x0000000095c00000, 0x0000000095d00000|  0%| F|  |TAMS 0x0000000095c00000, 0x0000000095c00000| Untracked 
| 349|0x0000000095d00000, 0x0000000095d00000, 0x0000000095e00000|  0%| F|  |TAMS 0x0000000095d00000, 0x0000000095d00000| Untracked 
| 350|0x0000000095e00000, 0x0000000095e00000, 0x0000000095f00000|  0%| F|  |TAMS 0x0000000095e00000, 0x0000000095e00000| Untracked 
| 351|0x0000000095f00000, 0x0000000095f00000, 0x0000000096000000|  0%| F|  |TAMS 0x0000000095f00000, 0x0000000095f00000| Untracked 
| 352|0x0000000096000000, 0x0000000096000000, 0x0000000096100000|  0%| F|  |TAMS 0x0000000096000000, 0x0000000096000000| Untracked 
| 353|0x0000000096100000, 0x0000000096100000, 0x0000000096200000|  0%| F|  |TAMS 0x0000000096100000, 0x0000000096100000| Untracked 
| 354|0x0000000096200000, 0x0000000096200000, 0x0000000096300000|  0%| F|  |TAMS 0x0000000096200000, 0x0000000096200000| Untracked 
| 355|0x0000000096300000, 0x0000000096300000, 0x0000000096400000|  0%| F|  |TAMS 0x0000000096300000, 0x0000000096300000| Untracked 
| 356|0x0000000096400000, 0x0000000096400000, 0x0000000096500000|  0%| F|  |TAMS 0x0000000096400000, 0x0000000096400000| Untracked 
| 357|0x0000000096500000, 0x0000000096500000, 0x0000000096600000|  0%| F|  |TAMS 0x0000000096500000, 0x0000000096500000| Untracked 
| 358|0x0000000096600000, 0x0000000096600000, 0x0000000096700000|  0%| F|  |TAMS 0x0000000096600000, 0x0000000096600000| Untracked 
| 359|0x0000000096700000, 0x0000000096700000, 0x0000000096800000|  0%| F|  |TAMS 0x0000000096700000, 0x0000000096700000| Untracked 
| 360|0x0000000096800000, 0x0000000096800000, 0x0000000096900000|  0%| F|  |TAMS 0x0000000096800000, 0x0000000096800000| Untracked 
| 361|0x0000000096900000, 0x0000000096900000, 0x0000000096a00000|  0%| F|  |TAMS 0x0000000096900000, 0x0000000096900000| Untracked 
| 362|0x0000000096a00000, 0x0000000096a00000, 0x0000000096b00000|  0%| F|  |TAMS 0x0000000096a00000, 0x0000000096a00000| Untracked 
| 363|0x0000000096b00000, 0x0000000096b00000, 0x0000000096c00000|  0%| F|  |TAMS 0x0000000096b00000, 0x0000000096b00000| Untracked 
| 364|0x0000000096c00000, 0x0000000096c00000, 0x0000000096d00000|  0%| F|  |TAMS 0x0000000096c00000, 0x0000000096c00000| Untracked 
| 365|0x0000000096d00000, 0x0000000096dfe310, 0x0000000096e00000| 99%| E|  |TAMS 0x0000000096d00000, 0x0000000096d00000| Complete 
| 366|0x0000000096e00000, 0x0000000096f00000, 0x0000000096f00000|100%| E|  |TAMS 0x0000000096e00000, 0x0000000096e00000| Complete 
| 367|0x0000000096f00000, 0x0000000097000000, 0x0000000097000000|100%| E|CS|TAMS 0x0000000096f00000, 0x0000000096f00000| Complete 
| 368|0x0000000097000000, 0x0000000097100000, 0x0000000097100000|100%| E|CS|TAMS 0x0000000097000000, 0x0000000097000000| Complete 
| 369|0x0000000097100000, 0x0000000097200000, 0x0000000097200000|100%| E|CS|TAMS 0x0000000097100000, 0x0000000097100000| Complete 
| 370|0x0000000097200000, 0x0000000097300000, 0x0000000097300000|100%| E|CS|TAMS 0x0000000097200000, 0x0000000097200000| Complete 
| 371|0x0000000097300000, 0x0000000097400000, 0x0000000097400000|100%| E|CS|TAMS 0x0000000097300000, 0x0000000097300000| Complete 
| 372|0x0000000097400000, 0x0000000097500000, 0x0000000097500000|100%| E|CS|TAMS 0x0000000097400000, 0x0000000097400000| Complete 
| 373|0x0000000097500000, 0x0000000097600000, 0x0000000097600000|100%| E|CS|TAMS 0x0000000097500000, 0x0000000097500000| Complete 
| 374|0x0000000097600000, 0x0000000097700000, 0x0000000097700000|100%| E|CS|TAMS 0x0000000097600000, 0x0000000097600000| Complete 
| 375|0x0000000097700000, 0x0000000097800000, 0x0000000097800000|100%| E|CS|TAMS 0x0000000097700000, 0x0000000097700000| Complete 
| 376|0x0000000097800000, 0x0000000097900000, 0x0000000097900000|100%| E|CS|TAMS 0x0000000097800000, 0x0000000097800000| Complete 
| 377|0x0000000097900000, 0x0000000097a00000, 0x0000000097a00000|100%| E|CS|TAMS 0x0000000097900000, 0x0000000097900000| Complete 
| 378|0x0000000097a00000, 0x0000000097b00000, 0x0000000097b00000|100%| E|CS|TAMS 0x0000000097a00000, 0x0000000097a00000| Complete 
| 379|0x0000000097b00000, 0x0000000097c00000, 0x0000000097c00000|100%| E|CS|TAMS 0x0000000097b00000, 0x0000000097b00000| Complete 

Card table byte_map: [0x000002533bf80000,0x000002533c380000] _byte_map_base: 0x000002533bb80000

Marking Bits (Prev, Next): (CMBitMap*) 0x0000025324133358, (CMBitMap*) 0x0000025324133390
 Prev Bits: [0x000002533c780000, 0x000002533e780000)
 Next Bits: [0x000002533e780000, 0x0000025340780000)

Polling page: 0x0000025322060000

Metaspace:

Usage:
  Non-class:     34.38 MB capacity,    33.70 MB ( 98%) used,   606.75 KB (  2%) free+waste,    92.63 KB ( <1%) overhead. 
      Class:      5.31 MB capacity,     4.93 MB ( 93%) used,   344.30 KB (  6%) free+waste,    44.94 KB ( <1%) overhead. 
       Both:     39.70 MB capacity,    38.63 MB ( 97%) used,   951.05 KB (  2%) free+waste,   137.56 KB ( <1%) overhead. 

Virtual space:
  Non-class space:       36.00 MB reserved,      34.50 MB ( 96%) committed 
      Class space:      504.00 MB reserved,       5.38 MB (  1%) committed 
             Both:      540.00 MB reserved,      39.88 MB (  7%) committed 

Chunk freelists:
   Non-Class:  56.00 KB
       Class:  0 bytes
        Both:  56.00 KB

MaxMetaspaceSize: 512.00 MB
CompressedClassSpaceSize: 504.00 MB
Initial GC threshold: 20.80 MB
Current GC threshold: 58.96 MB
CDS: off

CodeHeap 'non-profiled nmethods': size=120000Kb used=1758Kb max_used=1758Kb free=118241Kb
 bounds [0x0000025334320000, 0x0000025334590000, 0x000002533b850000]
CodeHeap 'profiled nmethods': size=120000Kb used=6631Kb max_used=6631Kb free=113369Kb
 bounds [0x000002532cdf0000, 0x000002532d470000, 0x0000025334320000]
CodeHeap 'non-nmethods': size=5760Kb used=1577Kb max_used=1577Kb free=4182Kb
 bounds [0x000002532c850000, 0x000002532cac0000, 0x000002532cdf0000]
 total_blobs=3787 nmethods=3169 adapters=530
 compilation: enabled
              stopped_count=0, restarted_count=0
 full_count=0

Compilation events (20 events):
Event: 8.561 Thread 0x0000025343b19000 3174       3       java.beans.MethodRef::get (91 bytes)
Event: 8.562 Thread 0x0000025343b19000 nmethod 3174 0x000002532d466110 code [0x000002532d466380, 0x000002532d466f38]
Event: 8.562 Thread 0x0000025343b19000 3175       3       org.codehaus.groovy.reflection.CachedMethod::getReturnType (8 bytes)
Event: 8.562 Thread 0x0000025343b19000 nmethod 3175 0x000002532d467210 code [0x000002532d4673c0, 0x000002532d4674d8]
Event: 8.562 Thread 0x0000025343b19000 3176       3       java.lang.CharacterDataLatin1::isUpperCase (20 bytes)
Event: 8.563 Thread 0x0000025343b19000 nmethod 3176 0x000002532d467590 code [0x000002532d467760, 0x000002532d467958]
Event: 8.563 Thread 0x0000025343b19000 3177       3       java.lang.CharacterDataLatin1::isOtherUppercase (18 bytes)
Event: 8.563 Thread 0x0000025343b19000 nmethod 3177 0x000002532d467a90 code [0x000002532d467c60, 0x000002532d467e58]
Event: 8.563 Thread 0x0000025343b19000 3179       3       org.codehaus.groovy.util.SingleKeyHashMap::getOrPut (137 bytes)
Event: 8.564 Thread 0x0000025343b19000 nmethod 3179 0x000002532d467f90 code [0x000002532d4681e0, 0x000002532d468d28]
Event: 8.564 Thread 0x0000025343b19000 3178       3       java.lang.CharacterDataLatin1::getPropertiesEx (11 bytes)
Event: 8.564 Thread 0x0000025343b19000 nmethod 3178 0x000002532d469090 code [0x000002532d469240, 0x000002532d469378]
Event: 8.570 Thread 0x0000025343b19000 3180       1       java.util.logging.Logger::getName (5 bytes)
Event: 8.570 Thread 0x0000025343b19000 nmethod 3180 0x00000253344d3790 code [0x00000253344d3940, 0x00000253344d39f8]
Event: 8.583 Thread 0x0000025346d27000 nmethod 3147 0x00000253344d3a90 code [0x00000253344d3ca0, 0x00000253344d4f18]
Event: 8.583 Thread 0x0000025346d27000 3155   !   4       jdk.internal.loader.URLClassPath$JarLoader::getResource (353 bytes)
Event: 8.615 Thread 0x0000025346d27000 nmethod 3155 0x00000253344d5a10 code [0x00000253344d5ce0, 0x00000253344d6878]
Event: 8.615 Thread 0x0000025346d27000 3148       4       java.util.jar.JarFile$JarFileEntry::<init> (16 bytes)
Event: 8.623 Thread 0x0000025346d27000 nmethod 3148 0x00000253344d7510 code [0x00000253344d76a0, 0x00000253344d79d8]
Event: 8.654 Thread 0x0000025343b19000 3181       3       java.lang.invoke.MethodType::erase (8 bytes)

GC Heap History (8 events):
Event: 1.352 GC heap before
{Heap before GC invocations=0 (full 0):
 garbage-first heap   total 389120K, used 29696K [0x0000000080000000, 0x0000000100000000)
  region size 1024K, 24 young (24576K), 0 survivors (0K)
 Metaspace       used 9872K, capacity 10130K, committed 10368K, reserved 526336K
  class space    used 1009K, capacity 1102K, committed 1152K, reserved 516096K
}
Event: 1.398 GC heap after
{Heap after GC invocations=1 (full 0):
 garbage-first heap   total 389120K, used 9194K [0x0000000080000000, 0x0000000100000000)
  region size 1024K, 3 young (3072K), 3 survivors (3072K)
 Metaspace       used 9872K, capacity 10130K, committed 10368K, reserved 526336K
  class space    used 1009K, capacity 1102K, committed 1152K, reserved 516096K
}
Event: 5.056 GC heap before
{Heap before GC invocations=1 (full 0):
 garbage-first heap   total 389120K, used 103402K [0x0000000080000000, 0x0000000100000000)
  region size 1024K, 96 young (98304K), 3 survivors (3072K)
 Metaspace       used 20714K, capacity 21185K, committed 21296K, reserved 536576K
  class space    used 2508K, capacity 2666K, committed 2688K, reserved 516096K
}
Event: 5.069 GC heap after
{Heap after GC invocations=2 (full 0):
 garbage-first heap   total 389120K, used 16825K [0x0000000080000000, 0x0000000100000000)
  region size 1024K, 11 young (11264K), 11 survivors (11264K)
 Metaspace       used 20714K, capacity 21185K, committed 21296K, reserved 536576K
  class space    used 2508K, capacity 2666K, committed 2688K, reserved 516096K
}
Event: 6.342 GC heap before
{Heap before GC invocations=3 (full 0):
 garbage-first heap   total 389120K, used 80313K [0x0000000080000000, 0x0000000100000000)
  region size 1024K, 74 young (75776K), 11 survivors (11264K)
 Metaspace       used 27434K, capacity 28136K, committed 28416K, reserved 540672K
  class space    used 3537K, capacity 3799K, committed 3840K, reserved 516096K
}
Event: 6.354 GC heap after
{Heap after GC invocations=4 (full 0):
 garbage-first heap   total 389120K, used 21625K [0x0000000080000000, 0x0000000100000000)
  region size 1024K, 5 young (5120K), 5 survivors (5120K)
 Metaspace       used 27434K, capacity 28136K, committed 28416K, reserved 540672K
  class space    used 3537K, capacity 3799K, committed 3840K, reserved 516096K
}
Event: 7.941 GC heap before
{Heap before GC invocations=4 (full 0):
 garbage-first heap   total 389120K, used 85113K [0x0000000080000000, 0x0000000100000000)
  region size 1024K, 68 young (69632K), 5 survivors (5120K)
 Metaspace       used 34925K, capacity 35883K, committed 35968K, reserved 548864K
  class space    used 4610K, capacity 4960K, committed 4992K, reserved 516096K
}
Event: 7.955 GC heap after
{Heap after GC invocations=5 (full 0):
 garbage-first heap   total 389120K, used 23491K [0x0000000080000000, 0x0000000100000000)
  region size 1024K, 7 young (7168K), 7 survivors (7168K)
 Metaspace       used 34925K, capacity 35883K, committed 35968K, reserved 548864K
  class space    used 4610K, capacity 4960K, committed 4992K, reserved 516096K
}

Deoptimization events (20 events):
Event: 7.790 Thread 0x0000025345914800 Uncommon trap: trap_request=0xffffff4d fr.pc=0x0000025334495218 relative=0x0000000000000d78
Event: 7.790 Thread 0x0000025345914800 Uncommon trap: reason=unstable_if action=reinterpret pc=0x0000025334495218 method=java.lang.ClassLoader.getClassLoadingLock(Ljava/lang/String;)Ljava/lang/Object; @ 6 c2
Event: 7.790 Thread 0x0000025345914800 DEOPT PACKING pc=0x0000025334495218 sp=0x000000ea37df70c0
Event: 7.790 Thread 0x0000025345914800 DEOPT UNPACKING pc=0x000002532c89a1af sp=0x000000ea37df7020 mode 2
Event: 7.793 Thread 0x0000025345914800 Uncommon trap: trap_request=0xffffff4d fr.pc=0x000002533447fe74 relative=0x0000000000000694
Event: 7.793 Thread 0x0000025345914800 Uncommon trap: reason=unstable_if action=reinterpret pc=0x000002533447fe74 method=java.lang.Class.getPackageName()Ljava/lang/String; @ 55 c2
Event: 7.793 Thread 0x0000025345914800 DEOPT PACKING pc=0x000002533447fe74 sp=0x000000ea37df8820
Event: 7.793 Thread 0x0000025345914800 DEOPT UNPACKING pc=0x000002532c89a1af sp=0x000000ea37df87e0 mode 2
Event: 8.239 Thread 0x0000025345914800 Uncommon trap: trap_request=0xffffff4d fr.pc=0x00000253343a1e28 relative=0x0000000000000488
Event: 8.239 Thread 0x0000025345914800 Uncommon trap: reason=unstable_if action=reinterpret pc=0x00000253343a1e28 method=java.util.Properties$LineReader.readLine()I @ 95 c2
Event: 8.239 Thread 0x0000025345914800 DEOPT PACKING pc=0x00000253343a1e28 sp=0x000000ea37df7f90
Event: 8.239 Thread 0x0000025345914800 DEOPT UNPACKING pc=0x000002532c89a1af sp=0x000000ea37df7f28 mode 2
Event: 8.484 Thread 0x0000025345914800 Uncommon trap: trap_request=0xffffff4d fr.pc=0x000002533447c6b0 relative=0x0000000000000290
Event: 8.484 Thread 0x0000025345914800 Uncommon trap: reason=unstable_if action=reinterpret pc=0x000002533447c6b0 method=jdk.internal.org.objectweb.asm.Type.getArgumentsAndReturnSizes(Ljava/lang/String;)I @ 136 c2
Event: 8.484 Thread 0x0000025345914800 DEOPT PACKING pc=0x000002533447c6b0 sp=0x000000ea37df4bf0
Event: 8.484 Thread 0x0000025345914800 DEOPT UNPACKING pc=0x000002532c89a1af sp=0x000000ea37df4b88 mode 2
Event: 8.501 Thread 0x0000025345914800 Uncommon trap: trap_request=0xffffff5c fr.pc=0x00000253343bcb60 relative=0x0000000000000c20
Event: 8.501 Thread 0x0000025345914800 Uncommon trap: reason=speculate_null_assert action=make_not_entrant pc=0x00000253343bcb60 method=jdk.internal.loader.URLClassPath$JarLoader.getResource(Ljava/lang/String;ZLjava/util/Set;)Ljdk/internal/loader/Resource; @ 17 c2
Event: 8.501 Thread 0x0000025345914800 DEOPT PACKING pc=0x00000253343bcb60 sp=0x000000ea37df3a50
Event: 8.501 Thread 0x0000025345914800 DEOPT UNPACKING pc=0x000002532c89a1af sp=0x000000ea37df39f8 mode 2

Classes redefined (0 events):
No events

Internal exceptions (20 events):
Event: 7.195 Thread 0x0000025345914800 Implicit null exception at 0x00000253343d1f2f to 0x00000253343d1f9d
Event: 7.411 Thread 0x0000025345914800 Exception <a 'java/lang/NoSuchMethodError'{0x000000009527aa88}: 'java.lang.Object java.lang.invoke.Invokers$Holder.linkToTargetMethod(java.lang.Object, java.lang.Object, java.lang.Object, java.lang.Object, java.lang.Object, java.lang.Object, java.lang.Object, java.lang.Object)'> (0x000000009527aa88) thrown at [./src/hotspot/share/interpreter/linkResolver.cpp, line 773]
Event: 7.420 Thread 0x0000025345914800 Exception <a 'java/lang/NoSuchMethodError'{0x00000000952c7410}: 'java.lang.Object java.lang.invoke.Invokers$Holder.linkToTargetMethod(java.lang.Object, java.lang.Object, java.lang.Object, java.lang.Object, java.lang.Object, java.lang.Object, java.lang.Object)'> (0x00000000952c7410) thrown at [./src/hotspot/share/interpreter/linkResolver.cpp, line 773]
Event: 7.424 Thread 0x0000025345914800 Exception <a 'java/lang/IncompatibleClassChangeError'{0x0000000095106038}: Found class java.lang.Object, but interface was expected> (0x0000000095106038) thrown at [./src/hotspot/share/interpreter/linkResolver.cpp, line 839]
Event: 7.729 Thread 0x0000025345914800 Exception <a 'java/lang/NoSuchMethodError'{0x000000009438ee38}: 'int java.lang.invoke.DirectMethodHandle$Holder.invokeStatic(java.lang.Object, java.lang.Object, java.lang.Object, java.lang.Object, java.lang.Object)'> (0x000000009438ee38) thrown at [./src/hotspot/share/interpreter/linkResolver.cpp, line 773]
Event: 7.790 Thread 0x0000025345914800 Implicit null exception at 0x00000253343a9b31 to 0x00000253343aa68a
Event: 7.819 Thread 0x0000025345914800 Exception <a 'java/lang/NoSuchMethodError'{0x00000000941ddfb8}: 'void java.lang.invoke.DirectMethodHandle$Holder.invokeStaticInit(java.lang.Object, java.lang.Object, java.lang.Object, java.lang.Object)'> (0x00000000941ddfb8) thrown at [./src/hotspot/share/interpreter/linkResolver.cpp, line 773]
Event: 7.997 Thread 0x0000025345914800 Exception <a 'java/lang/NoSuchMethodError'{0x0000000097b751f8}: 'void java.lang.invoke.DirectMethodHandle$Holder.invokeStaticInit(java.lang.Object, java.lang.Object, java.lang.Object)'> (0x0000000097b751f8) thrown at [./src/hotspot/share/interpreter/linkResolver.cpp, line 773]
Event: 8.005 Thread 0x0000025345914800 Exception <a 'java/lang/NoSuchMethodError'{0x0000000097a3d338}: 'void java.lang.invoke.DirectMethodHandle$Holder.invokeStaticInit(java.lang.Object, java.lang.Object, java.lang.Object, java.lang.Object, java.lang.Object)'> (0x0000000097a3d338) thrown at [./src/hotspot/share/interpreter/linkResolver.cpp, line 773]
Event: 8.094 Thread 0x0000025345914800 Exception <a 'java/lang/NoSuchMethodError'{0x0000000097ab8640}: 'int java.lang.invoke.DirectMethodHandle$Holder.invokeStaticInit(java.lang.Object, java.lang.Object, java.lang.Object, java.lang.Object)'> (0x0000000097ab8640) thrown at [./src/hotspot/share/interpreter/linkResolver.cpp, line 773]
Event: 8.486 Thread 0x0000025345914800 Exception <a 'java/lang/NoSuchMethodError'{0x00000000971252d0}: 'java.lang.Object java.lang.invoke.DirectMethodHandle$Holder.invokeStatic(java.lang.Object, java.lang.Object, java.lang.Object, java.lang.Object, java.lang.Object, java.lang.Object, java.lang.Object, java.lang.Object, java.lang.Object, java.lang.Object, java.lang.Object, int)'> (0x00000000971252d0) thrown at [./src/hotspot/share/interpreter/linkResolver.cpp, line 773]
Event: 8.490 Thread 0x0000025345914800 Exception <a 'java/lang/NoSuchMethodError'{0x0000000097143f18}: 'java.lang.Object java.lang.invoke.DirectMethodHandle$Holder.invokeStatic(java.lang.Object, java.lang.Object, java.lang.Object, java.lang.Object, java.lang.Object, java.lang.Object, java.lang.Object, java.lang.Object, java.lang.Object, java.lang.Object, java.lang.Object, int, int)'> (0x0000000097143f18) thrown at [./src/hotspot/share/interpreter/linkResolver.cpp, line 773]
Event: 8.493 Thread 0x0000025345914800 Exception <a 'java/lang/NoSuchMethodError'{0x00000000971639f0}: 'java.lang.Object java.lang.invoke.DirectMethodHandle$Holder.invokeStatic(java.lang.Object, java.lang.Object, java.lang.Object, java.lang.Object, java.lang.Object, java.lang.Object, java.lang.Object, java.lang.Object, java.lang.Object, java.lang.Object, java.lang.Object, int, int, java.lang.Object)'> (0x00000000971639f0) thrown at [./src/hotspot/share/interpreter/linkResolver.cpp, line 773]
Event: 8.497 Thread 0x0000025345914800 Exception <a 'java/lang/NoSuchMethodError'{0x0000000097184fd8}: 'java.lang.Object java.lang.invoke.DirectMethodHandle$Holder.invokeStatic(java.lang.Object, java.lang.Object, java.lang.Object, java.lang.Object, java.lang.Object, java.lang.Object, java.lang.Object, java.lang.Object, java.lang.Object, java.lang.Object, java.lang.Object, int, int, java.lang.Object, java.lang.Object)'> (0x0000000097184fd8) thrown at [./src/hotspot/share/interpreter/linkResolver.cpp, line 773]
Event: 8.509 Thread 0x0000025345914800 Exception <a 'java/lang/ClassNotFoundException'{0x00000000971b5d20}: groovy/lang/ExpandoMetaClassBeanInfo> (0x00000000971b5d20) thrown at [./src/hotspot/share/classfile/systemDictionary.cpp, line 230]
Event: 8.511 Thread 0x0000025345914800 Exception <a 'java/lang/ClassNotFoundException'{0x00000000971d6f68}: groovy/lang/MetaClassImplBeanInfo> (0x00000000971d6f68) thrown at [./src/hotspot/share/classfile/systemDictionary.cpp, line 230]
Event: 8.512 Thread 0x0000025345914800 Exception <a 'java/lang/ClassNotFoundException'{0x00000000971e0cc0}: java/lang/ObjectBeanInfo> (0x00000000971e0cc0) thrown at [./src/hotspot/share/classfile/systemDictionary.cpp, line 230]
Event: 8.517 Thread 0x0000025345914800 Exception <a 'java/lang/ClassNotFoundException'{0x00000000971ece58}: java/lang/ObjectCustomizer> (0x00000000971ece58) thrown at [./src/hotspot/share/classfile/systemDictionary.cpp, line 230]
Event: 8.538 Thread 0x0000025345914800 Exception <a 'java/lang/ClassNotFoundException'{0x00000000970155a8}: groovy/lang/MetaClassImplCustomizer> (0x00000000970155a8) thrown at [./src/hotspot/share/classfile/systemDictionary.cpp, line 230]
Event: 8.544 Thread 0x0000025345914800 Exception <a 'java/lang/ClassNotFoundException'{0x00000000970551d8}: groovy/lang/ExpandoMetaClassCustomizer> (0x00000000970551d8) thrown at [./src/hotspot/share/classfile/systemDictionary.cpp, line 230]

Events (20 events):
Event: 8.640 loading class org/codehaus/groovy/control/ResolveVisitor$LowerCaseClass
Event: 8.640 loading class org/codehaus/groovy/control/ResolveVisitor$LowerCaseClass done
Event: 8.641 loading class org/codehaus/groovy/runtime/memoize/UnlimitedConcurrentCache
Event: 8.641 loading class org/codehaus/groovy/runtime/memoize/UnlimitedConcurrentCache done
Event: 8.641 loading class org/codehaus/groovy/runtime/memoize/EvictableCache
Event: 8.641 loading class org/codehaus/groovy/runtime/memoize/EvictableCache done
Event: 8.643 loading class org/codehaus/groovy/control/CompilationUnit$ClassgenCallback
Event: 8.643 loading class org/codehaus/groovy/control/CompilationUnit$ClassgenCallback done
Event: 8.644 loading class org/codehaus/groovy/control/CompilationUnit$IPrimaryClassNodeOperation
Event: 8.644 loading class org/codehaus/groovy/control/CompilationUnit$IPrimaryClassNodeOperation done
Event: 8.645 loading class org/codehaus/groovy/runtime/memoize/StampedCommonCache
Event: 8.645 loading class org/codehaus/groovy/runtime/memoize/StampedCommonCache done
Event: 8.646 loading class org/codehaus/groovy/runtime/memoize/ValueConvertable
Event: 8.646 loading class org/codehaus/groovy/runtime/memoize/ValueConvertable done
Event: 8.648 loading class java/util/concurrent/locks/StampedLock
Event: 8.650 loading class java/util/concurrent/locks/StampedLock done
Event: 8.650 loading class java/lang/invoke/VarHandleLongs$FieldInstanceReadWrite
Event: 8.651 loading class java/lang/invoke/VarHandleLongs$FieldInstanceReadOnly
Event: 8.651 loading class java/lang/invoke/VarHandleLongs$FieldInstanceReadOnly done
Event: 8.651 loading class java/lang/invoke/VarHandleLongs$FieldInstanceReadWrite done


Dynamic libraries:
0x00007ff750b90000 - 0x00007ff750b9d000 	C:\Program Files\Java\jdk-11.0.16.101-hotspot\bin\java.exe
0x00007ff8ddc90000 - 0x00007ff8dde88000 	C:\Windows\SYSTEM32\ntdll.dll
0x00007ff8dc630000 - 0x00007ff8dc6ed000 	C:\Windows\System32\KERNEL32.DLL
0x00007ff8db3a0000 - 0x00007ff8db672000 	C:\Windows\System32\KERNELBASE.dll
0x00007ff8db910000 - 0x00007ff8dba10000 	C:\Windows\System32\ucrtbase.dll
0x00007ff8d5a90000 - 0x00007ff8d5aa5000 	C:\Program Files\Java\jdk-11.0.16.101-hotspot\bin\VCRUNTIME140.dll
0x00007ff8d7850000 - 0x00007ff8d7867000 	C:\Program Files\Java\jdk-11.0.16.101-hotspot\bin\jli.dll
0x00007ff8ddab0000 - 0x00007ff8ddc4d000 	C:\Windows\System32\USER32.dll
0x00007ff8dba60000 - 0x00007ff8dba82000 	C:\Windows\System32\win32u.dll
0x00007ff8dda80000 - 0x00007ff8ddaab000 	C:\Windows\System32\GDI32.dll
0x00007ff8dbb40000 - 0x00007ff8dbc4f000 	C:\Windows\System32\gdi32full.dll
0x00007ff8dbc50000 - 0x00007ff8dbced000 	C:\Windows\System32\msvcp_win.dll
0x00007ff8c28e0000 - 0x00007ff8c2b7a000 	C:\Windows\WinSxS\amd64_microsoft.windows.common-controls_6595b64144ccf1df_6.0.19041.1110_none_60b5254171f9507e\COMCTL32.dll
0x00007ff8dc820000 - 0x00007ff8dc8be000 	C:\Windows\System32\msvcrt.dll
0x00007ff8dcef0000 - 0x00007ff8dcf20000 	C:\Windows\System32\IMM32.DLL
0x00007ff8c9c10000 - 0x00007ff8c9cab000 	C:\Program Files\Java\jdk-11.0.16.101-hotspot\bin\msvcp140.dll
0x00007ff855160000 - 0x00007ff855ce2000 	C:\Program Files\Java\jdk-11.0.16.101-hotspot\bin\server\jvm.dll
0x00007ff8dcde0000 - 0x00007ff8dce8e000 	C:\Windows\System32\ADVAPI32.dll
0x00007ff8dcf80000 - 0x00007ff8dd01c000 	C:\Windows\System32\sechost.dll
0x00007ff8dccb0000 - 0x00007ff8dcdd5000 	C:\Windows\System32\RPCRT4.dll
0x00007ff8dbda0000 - 0x00007ff8dbda8000 	C:\Windows\System32\PSAPI.DLL
0x00007ff8c92d0000 - 0x00007ff8c92f7000 	C:\Windows\SYSTEM32\WINMM.dll
0x00007ff8d2910000 - 0x00007ff8d291a000 	C:\Windows\SYSTEM32\VERSION.dll
0x00007ff8bc2e0000 - 0x00007ff8bc2e9000 	C:\Windows\SYSTEM32\WSOCK32.dll
0x00007ff8dcc40000 - 0x00007ff8dccab000 	C:\Windows\System32\WS2_32.dll
0x00007ff8d9180000 - 0x00007ff8d9192000 	C:\Windows\SYSTEM32\kernel.appcore.dll
0x00007ff8d7840000 - 0x00007ff8d7850000 	C:\Program Files\Java\jdk-11.0.16.101-hotspot\bin\verify.dll
0x00007ff8cbc10000 - 0x00007ff8cbdf4000 	C:\Windows\SYSTEM32\DBGHELP.DLL
0x00007ff8b1680000 - 0x00007ff8b16ac000 	C:\Windows\SYSTEM32\dbgcore.DLL
0x00007ff8db880000 - 0x00007ff8db902000 	C:\Windows\System32\bcryptPrimitives.dll
0x00007ff8d3a00000 - 0x00007ff8d3a28000 	C:\Program Files\Java\jdk-11.0.16.101-hotspot\bin\java.dll
0x00007ff8d5a80000 - 0x00007ff8d5a8a000 	C:\Program Files\Java\jdk-11.0.16.101-hotspot\bin\jimage.dll
0x00007ff8cc2c0000 - 0x00007ff8cc2d8000 	C:\Program Files\Java\jdk-11.0.16.101-hotspot\bin\zip.dll
0x00007ff8dbdb0000 - 0x00007ff8dc4f3000 	C:\Windows\System32\SHELL32.dll
0x00007ff8d9460000 - 0x00007ff8d9bf1000 	C:\Windows\SYSTEM32\windows.storage.dll
0x00007ff8dd570000 - 0x00007ff8dd8c4000 	C:\Windows\System32\combase.dll
0x00007ff8dae00000 - 0x00007ff8dae30000 	C:\Windows\SYSTEM32\Wldp.dll
0x00007ff8dbcf0000 - 0x00007ff8dbd9d000 	C:\Windows\System32\SHCORE.dll
0x00007ff8dc6f0000 - 0x00007ff8dc745000 	C:\Windows\System32\shlwapi.dll
0x00007ff8db2e0000 - 0x00007ff8db2ff000 	C:\Windows\SYSTEM32\profapi.dll
0x00007ff8cc2a0000 - 0x00007ff8cc2b9000 	C:\Program Files\Java\jdk-11.0.16.101-hotspot\bin\net.dll
0x00007ff8c95e0000 - 0x00007ff8c96ed000 	C:\Windows\SYSTEM32\WINHTTP.dll
0x00007ff8dab60000 - 0x00007ff8dabca000 	C:\Windows\system32\mswsock.dll
0x00007ff8c9bf0000 - 0x00007ff8c9c03000 	C:\Program Files\Java\jdk-11.0.16.101-hotspot\bin\nio.dll
0x00007ff8c8ff0000 - 0x00007ff8c9017000 	C:\Users\jumpe\.gradle\native\e1d6ef7f7dcc3fd88c89a11ec53ec762bb8ba0a96d01ffa2cd45eb1d1d8dd5c5\windows-amd64\native-platform.dll
0x00007ff8775c0000 - 0x00007ff877704000 	C:\Users\jumpe\.gradle\native\5664cfc778a61ccfe75a443a1ab52a65af34e5dc3c78e0209fed803814484fcb\windows-amd64\native-platform-file-events.dll
0x00007ff8cc290000 - 0x00007ff8cc299000 	C:\Program Files\Java\jdk-11.0.16.101-hotspot\bin\management.dll
0x00007ff8c9bb0000 - 0x00007ff8c9bbb000 	C:\Program Files\Java\jdk-11.0.16.101-hotspot\bin\management_ext.dll
0x00007ff8dad50000 - 0x00007ff8dad68000 	C:\Windows\SYSTEM32\CRYPTSP.dll
0x00007ff8da410000 - 0x00007ff8da444000 	C:\Windows\system32\rsaenh.dll
0x00007ff8db680000 - 0x00007ff8db6a7000 	C:\Windows\System32\bcrypt.dll
0x00007ff8db2a0000 - 0x00007ff8db2ce000 	C:\Windows\SYSTEM32\USERENV.dll
0x00007ff8dad70000 - 0x00007ff8dad7c000 	C:\Windows\SYSTEM32\CRYPTBASE.dll
0x00007ff8da800000 - 0x00007ff8da83b000 	C:\Windows\SYSTEM32\IPHLPAPI.DLL
0x00007ff8dc8e0000 - 0x00007ff8dc8e8000 	C:\Windows\System32\NSI.dll
0x00007ff8d44a0000 - 0x00007ff8d44b7000 	C:\Windows\SYSTEM32\dhcpcsvc6.DLL
0x00007ff8d48d0000 - 0x00007ff8d48ed000 	C:\Windows\SYSTEM32\dhcpcsvc.DLL
0x00007ff8da850000 - 0x00007ff8da91a000 	C:\Windows\SYSTEM32\DNSAPI.dll

dbghelp: loaded successfully - version: 4.0.5 - missing functions: none
symbol engine: initialized successfully - sym options: 0x614 - pdb path: .;C:\Program Files\Java\jdk-11.0.16.101-hotspot\bin;C:\Windows\SYSTEM32;C:\Windows\WinSxS\amd64_microsoft.windows.common-controls_6595b64144ccf1df_6.0.19041.1110_none_60b5254171f9507e;C:\Program Files\Java\jdk-11.0.16.101-hotspot\bin\server;C:\Users\jumpe\.gradle\native\e1d6ef7f7dcc3fd88c89a11ec53ec762bb8ba0a96d01ffa2cd45eb1d1d8dd5c5\windows-amd64;C:\Users\jumpe\.gradle\native\5664cfc778a61ccfe75a443a1ab52a65af34e5dc3c78e0209fed803814484fcb\windows-amd64

VM Arguments:
jvm_args: -XX:MaxMetaspaceSize=512m --add-opens=java.base/java.util=ALL-UNNAMED --add-opens=java.base/java.lang=ALL-UNNAMED --add-opens=java.base/java.lang.invoke=ALL-UNNAMED --add-opens=java.base/java.util=ALL-UNNAMED --add-opens=java.prefs/java.util.prefs=ALL-UNNAMED --add-opens=java.prefs/java.util.prefs=ALL-UNNAMED --add-opens=java.base/java.nio.charset=ALL-UNNAMED --add-opens=java.base/java.net=ALL-UNNAMED --add-opens=java.base/java.util.concurrent.atomic=ALL-UNNAMED -Xmx2048m -Dfile.encoding=utf8 -Duser.country=US -Duser.language=en -Duser.variant 
java_command: org.gradle.launcher.daemon.bootstrap.GradleDaemon 7.3.3
java_class_path (initial): C:\Users\jumpe\.gradle\wrapper\dists\gradle-7.3.3-all\4295vidhdd9hd3gbjyw1xqxpo\gradle-7.3.3\lib\gradle-launcher-7.3.3.jar
Launcher Type: SUN_STANDARD

[Global flags]
     intx CICompilerCount                          = 4                                         {product} {ergonomic}
   size_t CompressedClassSpaceSize                 = 528482304                                 {product} {ergonomic}
     uint ConcGCThreads                            = 2                                         {product} {ergonomic}
     uint G1ConcRefinementThreads                  = 8                                         {product} {ergonomic}
   size_t G1HeapRegionSize                         = 1048576                                   {product} {ergonomic}
    uintx GCDrainStackTargetSize                   = 64                                        {product} {ergonomic}
   size_t InitialHeapSize                          = 398458880                                 {product} {ergonomic}
   size_t MarkStackSize                            = 4194304                                   {product} {ergonomic}
   size_t MaxHeapSize                              = 2147483648                                {product} {command line}
   size_t MaxMetaspaceSize                         = 536870912                                 {product} {command line}
   size_t MaxNewSize                               = 1287651328                                {product} {ergonomic}
   size_t MinHeapDeltaBytes                        = 1048576                                   {product} {ergonomic}
    uintx NonNMethodCodeHeapSize                   = 5836300                                {pd product} {ergonomic}
    uintx NonProfiledCodeHeapSize                  = 122910970                              {pd product} {ergonomic}
    uintx ProfiledCodeHeapSize                     = 122910970                              {pd product} {ergonomic}
    uintx ReservedCodeCacheSize                    = 251658240                              {pd product} {ergonomic}
     bool SegmentedCodeCache                       = true                                      {product} {ergonomic}
     bool UseCompressedClassPointers               = true                                 {lp64_product} {ergonomic}
     bool UseCompressedOops                        = true                                 {lp64_product} {ergonomic}
     bool UseG1GC                                  = true                                      {product} {ergonomic}
     bool UseLargePagesIndividualAllocation        = false                                  {pd product} {ergonomic}

Logging:
Log output configuration:
 #0: stdout all=warning uptime,level,tags
 #1: stderr all=off uptime,level,tags

Environment Variables:
JAVA_HOME=C:\Program Files\Java\jdk-11.0.16.101-hotspot
CLASSPATH=.;
PATH=C:\Program Files\Java\jdk-11.0.16.101-hotspot\bin;C:\Python39\Scripts\;C:\Python39\;C:\Windows\system32;C:\Windows;C:\Windows\System32\Wbem;C:\Windows\System32\WindowsPowerShell\v1.0\;C:\Windows\System32\OpenSSH\;C:\Program Files\Git\cmd;C:\ProgramData\chocolatey\bin;C:\Program Files\Java\jdk1.8.0_211\bin;C:\Program Files (x86)\Yarn\bin\;C:\Program Files\Microsoft SQL Server\150\Tools\Binn\;C:\Program Files\Microsoft SQL Server\Client SDK\ODBC\170\Tools\Binn\;C:\Program Files (x86)\Microsoft SQL Server\150\Tools\Binn\;C:\Program Files\Microsoft SQL Server\150\DTS\Binn\;C:\Program Files (x86)\IVI Foundation\VISA\WinNT\Bin\;C:\Program Files\IVI Foundation\VISA\Win64\Bin\;C:\Program Files (x86)\National Instruments\Shared\LabVIEW CLI;C:\Program Files (x86)\IVI Foundation\VISA\WinNT\Bin;%NVM_HOME%;%NVM_SYMLINK%;C:\Users\jumpe\AppData\Local\Programs\Python\Python310\Scripts\;C:\Users\jumpe\AppData\Local\Programs\Python\Python310\;C:\Users\jumpe\AppData\Local\Microsoft\WindowsApps;C:\Users\jumpe\AppData\Local\Programs\Microsoft VS Code\bin;C:\Users\jumpe\AppData\Local\Android\Sdk\platform-tools;C:\Users\jumpe\AppData\Local\Yarn\bin;C:\Users\jumpe\AppData\Roaming\npm;C:\Program Files\Azure Data Studio\bin;C:\Program Files\heroku\bin;C:\Program Files\PostgreSQL\13\bin;C:\Users\jumpe\AppData\Roaming\nvm;C:\Program Files\nodejs
USERNAME=jumpe
OS=Windows_NT
PROCESSOR_IDENTIFIER=Intel64 Family 6 Model 142 Stepping 12, GenuineIntel
TMP=C:\Users\jumpe\AppData\Local\Temp
TEMP=C:\Users\jumpe\AppData\Local\Temp



---------------  S Y S T E M  ---------------

OS: Windows 10 , 64 bit Build 19041 (10.0.19041.1889)
OS uptime: 0 days 19:32 hours

CPU:total 8 (initial active 8) (4 cores per cpu, 2 threads per core) family 6 model 142 stepping 12 microcode 0xea, cmov, cx8, fxsr, mmx, sse, sse2, sse3, ssse3, sse4.1, sse4.2, popcnt, avx, avx2, aes, clmul, erms, 3dnowpref, lzcnt, ht, tsc, tscinvbit, bmi1, bmi2, adx, fma

Memory: 4k page, system-wide physical 24291M (7292M free)
TotalPageFile size 24291M (AvailPageFile size 8M)
current process WorkingSet (physical memory assigned to process): 288M, peak: 291M
current process commit charge ("private bytes"): 593M, peak: 596M

vm_info: OpenJDK 64-Bit Server VM (11.0.16.1+1) for windows-amd64 JRE (11.0.16.1+1), built on Aug 16 2022 02:58:04 by "" with MS VC++ 15.9 (VS2017)

END.
