#
# There is insufficient memory for the Java Runtime Environment to continue.
# Native memory allocation (malloc) failed to allocate 1200336 bytes for Chunk::new
# Possible reasons:
#   The system is out of physical RAM or swap space
#   The process is running with CompressedOops enabled, and the Java Heap may be blocking the growth of the native heap
# Possible solutions:
#   Reduce memory load on the system
#   Increase physical memory or swap space
#   Check if swap backing store is full
#   Decrease Java heap size (-Xmx/-Xms)
#   Decrease number of Java threads
#   Decrease Java thread stack sizes (-Xss)
#   Set larger code cache with -XX:ReservedCodeCacheSize=
#   JVM is running with Unscaled Compressed Oops mode in which the Java heap is
#     placed in the first 4GB address space. The Java Heap base address is the
#     maximum limit for the native heap growth. Please use -XX:HeapBaseMinAddress
#     to set the Java Heap base and to place the Java Heap above 4GB virtual address.
# This output file may be truncated or incomplete.
#
#  Out of Memory Error (arena.cpp:189), pid=15636, tid=14124
#
# JRE version: OpenJDK Runtime Environment Temurin-17.0.4.1+1 (17.0.4.1+1) (build 17.0.4.1+1)
# Java VM: OpenJDK 64-Bit Server VM Temurin-17.0.4.1+1 (17.0.4.1+1, mixed mode, tiered, compressed oops, compressed class ptrs, parallel gc, windows-amd64)
# No core dump will be written. Minidumps are not enabled by default on client versions of Windows
#

---------------  S U M M A R Y ------------

Command Line: --add-modules=ALL-SYSTEM --add-opens=java.base/java.util=ALL-UNNAMED --add-opens=java.base/java.lang=ALL-UNNAMED --add-opens=java.base/sun.nio.fs=ALL-UNNAMED -Declipse.application=org.eclipse.jdt.ls.core.id1 -Dosgi.bundles.defaultStartLevel=4 -Declipse.product=org.eclipse.jdt.ls.core.product -Djava.import.generatesMetadataFilesAtProjectRoot=false -Dfile.encoding=utf8 -DwatchParentProcess=false -XX:+UseParallelGC -XX:GCTimeRatio=4 -XX:AdaptiveSizePolicyWeight=90 -Dsun.zip.disableMemoryMapping=true -Xmx1G -Xms100m -Xlog:disable -javaagent:c:\Users\jumpe\.vscode\extensions\redhat.java-1.11.0-win32-x64\lombok\lombok-1.18.24.jar -XX:+HeapDumpOnOutOfMemoryError -XX:HeapDumpPath=c:\Users\jumpe\AppData\Roaming\Code\User\workspaceStorage\bc5678688899ec28ec23f289d8898fe4\redhat.java c:\Users\jumpe\.vscode\extensions\redhat.java-1.11.0-win32-x64\server\plugins\org.eclipse.equinox.launcher_1.6.400.v20210924-0641.jar -configuration c:\Users\jumpe\AppData\Roaming\Code\User\globalStorage\redhat.java\1.11.0\config_win -data c:\Users\jumpe\AppData\Roaming\Code\User\workspaceStorage\bc5678688899ec28ec23f289d8898fe4\redhat.java\jdt_ws

Host: Intel(R) Core(TM) i5-8365U CPU @ 1.60GHz, 8 cores, 23G,  Windows 10 , 64 bit Build 19041 (10.0.19041.1889)
Time: Thu Oct 27 13:45:16 2022 Malay Peninsula Standard Time elapsed time: 310.186620 seconds (0d 0h 5m 10s)

---------------  T H R E A D  ---------------

Current thread (0x000001cd7b7035b0):  JavaThread "C2 CompilerThread0" daemon [_thread_in_native, id=14124, stack(0x00000067d8500000,0x00000067d8600000)]


Current CompileTask:
C2: 310199 9476       4       java.lang.invoke.MethodType::makeImpl (109 bytes)

Stack: [0x00000067d8500000,0x00000067d8600000]
Native frames: (J=compiled Java code, j=interpreted, Vv=VM code, C=native code)
V  [jvm.dll+0x67731a]
V  [jvm.dll+0x832284]
V  [jvm.dll+0x833a2e]
V  [jvm.dll+0x834093]
V  [jvm.dll+0x245775]
V  [jvm.dll+0xabd7b]
V  [jvm.dll+0xac30c]
V  [jvm.dll+0x363a42]
V  [jvm.dll+0x32e011]
V  [jvm.dll+0x32d4ba]
V  [jvm.dll+0x218681]
V  [jvm.dll+0x217aa1]
V  [jvm.dll+0x1a3f8d]
V  [jvm.dll+0x227498]
V  [jvm.dll+0x2255e5]
V  [jvm.dll+0x7e7e9b]
V  [jvm.dll+0x7e240a]
V  [jvm.dll+0x6761a5]
C  [ucrtbase.dll+0x21bb2]
C  [KERNEL32.DLL+0x17034]
C  [ntdll.dll+0x526a1]


---------------  P R O C E S S  ---------------

Threads class SMR info:
_java_thread_list=0x000001cd0fef9eb0, length=25, elements={
0x000001cd742d5440, 0x000001cd7b6c1c90, 0x000001cd7b6c2840, 0x000001cd7b6d35e0,
0x000001cd7b6d4190, 0x000001cd7b702010, 0x000001cd7b7028d0, 0x000001cd7b7035b0,
0x000001cd7b703fa0, 0x000001cd7b770200, 0x000001cd74391f40, 0x000001cd7babe8f0,
0x000001cd7c2ff7b0, 0x000001cd7ccdc8b0, 0x000001cd7d34a010, 0x000001cd7cc4e230,
0x000001cd7ce64fd0, 0x000001cd7d2d0ea0, 0x000001cd7d2d0030, 0x000001cd7d2d09d0,
0x000001cd7d2cf690, 0x000001cd7ffcada0, 0x000001cd7ffc9a60, 0x000001cd7ffcb270,
0x000001cd0f38d030
}

Java Threads: ( => current thread )
  0x000001cd742d5440 JavaThread "main" [_thread_blocked, id=6060, stack(0x00000067d7c00000,0x00000067d7d00000)]
  0x000001cd7b6c1c90 JavaThread "Reference Handler" daemon [_thread_blocked, id=10296, stack(0x00000067d7f00000,0x00000067d8000000)]
  0x000001cd7b6c2840 JavaThread "Finalizer" daemon [_thread_blocked, id=14428, stack(0x00000067d8000000,0x00000067d8100000)]
  0x000001cd7b6d35e0 JavaThread "Signal Dispatcher" daemon [_thread_blocked, id=23776, stack(0x00000067d8100000,0x00000067d8200000)]
  0x000001cd7b6d4190 JavaThread "Attach Listener" daemon [_thread_blocked, id=16240, stack(0x00000067d8200000,0x00000067d8300000)]
  0x000001cd7b702010 JavaThread "Service Thread" daemon [_thread_blocked, id=6872, stack(0x00000067d8300000,0x00000067d8400000)]
  0x000001cd7b7028d0 JavaThread "Monitor Deflation Thread" daemon [_thread_blocked, id=21756, stack(0x00000067d8400000,0x00000067d8500000)]
=>0x000001cd7b7035b0 JavaThread "C2 CompilerThread0" daemon [_thread_in_native, id=14124, stack(0x00000067d8500000,0x00000067d8600000)]
  0x000001cd7b703fa0 JavaThread "C1 CompilerThread0" daemon [_thread_blocked, id=10000, stack(0x00000067d8600000,0x00000067d8700000)]
  0x000001cd7b770200 JavaThread "Sweeper thread" daemon [_thread_blocked, id=17328, stack(0x00000067d8700000,0x00000067d8800000)]
  0x000001cd74391f40 JavaThread "Common-Cleaner" daemon [_thread_blocked, id=5020, stack(0x00000067d8800000,0x00000067d8900000)]
  0x000001cd7babe8f0 JavaThread "Notification Thread" daemon [_thread_blocked, id=15396, stack(0x00000067d8900000,0x00000067d8a00000)]
  0x000001cd7c2ff7b0 JavaThread "Active Thread: Equinox Container: ab6b93a3-bb26-4829-bb9f-4b469209fe29" [_thread_blocked, id=17720, stack(0x00000067d9100000,0x00000067d9200000)]
  0x000001cd7ccdc8b0 JavaThread "Framework Event Dispatcher: Equinox Container: ab6b93a3-bb26-4829-bb9f-4b469209fe29" daemon [_thread_blocked, id=19596, stack(0x00000067d9300000,0x00000067d9400000)]
  0x000001cd7d34a010 JavaThread "Start Level: Equinox Container: ab6b93a3-bb26-4829-bb9f-4b469209fe29" daemon [_thread_blocked, id=12488, stack(0x00000067d9400000,0x00000067d9500000)]
  0x000001cd7cc4e230 JavaThread "SCR Component Actor" daemon [_thread_blocked, id=22944, stack(0x00000067d9500000,0x00000067d9600000)]
  0x000001cd7ce64fd0 JavaThread "Worker-JM" [_thread_blocked, id=23256, stack(0x00000067d9000000,0x00000067d9100000)]
  0x000001cd7d2d0ea0 JavaThread "Worker-1" [_thread_blocked, id=20208, stack(0x00000067d9900000,0x00000067d9a00000)]
  0x000001cd7d2d0030 JavaThread "Java indexing" daemon [_thread_blocked, id=8716, stack(0x00000067d9e00000,0x00000067d9f00000)]
  0x000001cd7d2d09d0 JavaThread "Worker-5" [_thread_blocked, id=9240, stack(0x00000067da000000,0x00000067da100000)]
  0x000001cd7d2cf690 JavaThread "pool-1-thread-1" [_thread_in_native, id=21776, stack(0x00000067da200000,0x00000067da300000)]
  0x000001cd7ffcada0 JavaThread "Timer-0" [_thread_blocked, id=19648, stack(0x00000067d9c00000,0x00000067d9d00000)]
  0x000001cd7ffc9a60 JavaThread "Timer-1" [_thread_blocked, id=11208, stack(0x00000067da300000,0x00000067da400000)]
  0x000001cd7ffcb270 JavaThread "Timer-2" [_thread_blocked, id=1720, stack(0x00000067da400000,0x00000067da500000)]
  0x000001cd0f38d030 JavaThread "C2 CompilerThread1" daemon [_thread_blocked, id=20516, stack(0x00000067d7b00000,0x00000067d7c00000)]

Other Threads:
  0x000001cd7901b320 VMThread "VM Thread" [stack: 0x00000067d7e00000,0x00000067d7f00000] [id=3996]
  0x000001cd7b98ddf0 WatcherThread [stack: 0x00000067d8a00000,0x00000067d8b00000] [id=19960]
  0x000001cd742ea9f0 GCTaskThread "GC Thread#0" [stack: 0x00000067d7d00000,0x00000067d7e00000] [id=19412]
  0x000001cd7c26eda0 GCTaskThread "GC Thread#1" [stack: 0x00000067d8b00000,0x00000067d8c00000] [id=16116]
  0x000001cd7c1cf830 GCTaskThread "GC Thread#2" [stack: 0x00000067d8c00000,0x00000067d8d00000] [id=7992]
  0x000001cd7c1cfae0 GCTaskThread "GC Thread#3" [stack: 0x00000067d8d00000,0x00000067d8e00000] [id=13564]
  0x000001cd7c1cfd90 GCTaskThread "GC Thread#4" [stack: 0x00000067d8e00000,0x00000067d8f00000] [id=20612]
  0x000001cd7c1d0850 GCTaskThread "GC Thread#5" [stack: 0x00000067d8f00000,0x00000067d9000000] [id=15948]
  0x000001cd7cea10c0 GCTaskThread "GC Thread#6" [stack: 0x00000067d9600000,0x00000067d9700000] [id=3080]
  0x000001cd7cd83100 GCTaskThread "GC Thread#7" [stack: 0x00000067d9700000,0x00000067d9800000] [id=22624]

Threads with active compile tasks:
C2 CompilerThread0   310234 9476       4       java.lang.invoke.MethodType::makeImpl (109 bytes)

VM state: not at safepoint (normal execution)

VM Mutex/Monitor currently owned by a thread: None

Heap address: 0x00000000c0000000, size: 1024 MB, Compressed Oops mode: 32-bit

CDS archive(s) not mapped
Compressed class space mapped at: 0x0000000100000000-0x0000000140000000, reserved size: 1073741824
Narrow klass base: 0x0000000000000000, Narrow klass shift: 3, Narrow klass range: 0x140000000

GC Precious Log:
 CPUs: 8 total, 8 available
 Memory: 24291M
 Large Page Support: Disabled
 NUMA Support: Disabled
 Compressed Oops: Enabled (32-bit)
 Alignments: Space 512K, Generation 512K, Heap 2M
 Heap Min Capacity: 100M
 Heap Initial Capacity: 100M
 Heap Max Capacity: 1G
 Pre-touch: Disabled
 Parallel Workers: 8

Heap:
 PSYoungGen      total 6656K, used 5673K [0x00000000eab00000, 0x00000000ebf00000, 0x0000000100000000)
  eden space 5632K, 96% used [0x00000000eab00000,0x00000000eb04a530,0x00000000eb080000)
  from space 1024K, 25% used [0x00000000ebd00000,0x00000000ebd40000,0x00000000ebe00000)
  to   space 512K, 0% used [0x00000000ebe80000,0x00000000ebe80000,0x00000000ebf00000)
 ParOldGen       total 102912K, used 71732K [0x00000000c0000000, 0x00000000c6480000, 0x00000000eab00000)
  object space 102912K, 69% used [0x00000000c0000000,0x00000000c460d0d0,0x00000000c6480000)
 Metaspace       used 68695K, committed 69696K, reserved 1114112K
  class space    used 7576K, committed 8000K, reserved 1048576K

Card table byte_map: [0x000001cd73c90000,0x000001cd73ea0000] _byte_map_base: 0x000001cd73690000

Marking Bits: (ParMarkBitMap*) 0x00007ff84d482cc0
 Begin Bits: [0x000001cd76f70000, 0x000001cd77f70000)
 End Bits:   [0x000001cd77f70000, 0x000001cd78f70000)

Polling page: 0x000001cd72270000

Metaspace:

Usage:
  Non-class:     59.69 MB used.
      Class:      7.40 MB used.
       Both:     67.09 MB used.

Virtual space:
  Non-class space:       64.00 MB reserved,      60.25 MB ( 94%) committed,  8 nodes.
      Class space:        1.00 GB reserved,       7.81 MB ( <1%) committed,  1 nodes.
             Both:        1.06 GB reserved,      68.06 MB (  6%) committed. 

Chunk freelists:
   Non-Class:  3.45 MB
       Class:  207.00 KB
        Both:  3.65 MB

MaxMetaspaceSize: unlimited
CompressedClassSpaceSize: 1.00 GB
Initial GC threshold: 21.00 MB
Current GC threshold: 108.44 MB
CDS: off
MetaspaceReclaimPolicy: balanced
 - commit_granule_bytes: 65536.
 - commit_granule_words: 8192.
 - virtual_space_node_default_size: 1048576.
 - enlarge_chunks_in_place: 1.
 - new_chunks_are_fully_committed: 0.
 - uncommit_free_chunks: 1.
 - use_allocation_guard: 0.
 - handle_deallocations: 1.


Internal statistics:

num_allocs_failed_limit: 9.
num_arena_births: 484.
num_arena_deaths: 14.
num_vsnodes_births: 9.
num_vsnodes_deaths: 0.
num_space_committed: 1089.
num_space_uncommitted: 0.
num_chunks_returned_to_freelist: 29.
num_chunks_taken_from_freelist: 3164.
num_chunk_merges: 15.
num_chunk_splits: 2022.
num_chunks_enlarged: 1269.
num_purges: 2.
num_inconsistent_stats: 0.

CodeHeap 'non-profiled nmethods': size=120000Kb used=5740Kb max_used=5740Kb free=114259Kb
 bounds [0x000001cd07ad0000, 0x000001cd08070000, 0x000001cd0f000000]
CodeHeap 'profiled nmethods': size=120000Kb used=17945Kb max_used=17945Kb free=102054Kb
 bounds [0x000001cd005a0000, 0x000001cd01730000, 0x000001cd07ad0000]
CodeHeap 'non-nmethods': size=5760Kb used=1343Kb max_used=1444Kb free=4417Kb
 bounds [0x000001cd00000000, 0x000001cd00270000, 0x000001cd005a0000]
 total_blobs=8653 nmethods=7971 adapters=594
 compilation: enabled
              stopped_count=0, restarted_count=0
 full_count=0

Compilation events (20 events):
Event: 310.058 Thread 0x000001cd7b703fa0 9501   !   3       org.eclipse.core.internal.resources.SaveManager::lambda$11 (132 bytes)
Event: 310.059 Thread 0x000001cd7b703fa0 nmethod 9501 0x000001cd01723d10 code [0x000001cd01723f40, 0x000001cd01724718]
Event: 310.063 Thread 0x000001cd7b703fa0 9502   !   3       java.io.FileOutputStream::close (69 bytes)
Event: 310.064 Thread 0x000001cd7b703fa0 nmethod 9502 0x000001cd01724c90 code [0x000001cd01724e80, 0x000001cd01725378]
Event: 310.064 Thread 0x000001cd7b703fa0 9504       3       org.eclipse.core.internal.resources.MarkerWriter::snap (153 bytes)
Event: 310.066 Thread 0x000001cd7b703fa0 nmethod 9504 0x000001cd01725510 code [0x000001cd017257e0, 0x000001cd017268b8]
Event: 310.066 Thread 0x000001cd7b703fa0 9503       3       org.eclipse.core.internal.resources.SyncInfoWriter::snapSyncInfo (157 bytes)
Event: 310.067 Thread 0x000001cd7b703fa0 nmethod 9503 0x000001cd01726f10 code [0x000001cd01727260, 0x000001cd017289b8]
Event: 310.067 Thread 0x000001cd7b703fa0 9505       3       org.eclipse.core.internal.resources.MarkerInfo::getAttribute (9 bytes)
Event: 310.068 Thread 0x000001cd7b703fa0 nmethod 9505 0x000001cd01729110 code [0x000001cd017292e0, 0x000001cd017296a8]
Event: 310.068 Thread 0x000001cd7b703fa0 9506       3       org.eclipse.core.internal.resources.MarkerAttributeMap::get (11 bytes)
Event: 310.068 Thread 0x000001cd7b703fa0 nmethod 9506 0x000001cd01729810 code [0x000001cd017299c0, 0x000001cd01729d08]
Event: 310.075 Thread 0x000001cd0f38d030 9487       4       org.eclipse.core.runtime.Path::equals (124 bytes)
Event: 310.083 Thread 0x000001cd0f38d030 nmethod 9487 0x000001cd08067b10 code [0x000001cd08067ca0, 0x000001cd08068138]
Event: 310.084 Thread 0x000001cd0f38d030 9483       4       org.eclipse.core.internal.events.ResourceComparator::compare (380 bytes)
Event: 310.096 Thread 0x000001cd0f38d030 nmethod 9483 0x000001cd08068390 code [0x000001cd08068540, 0x000001cd08068a58]
Event: 310.096 Thread 0x000001cd0f38d030 9492       4       java.io.DataOutputStream::writeUTF (411 bytes)
Event: 310.102 Thread 0x000001cd7b703fa0 9508       3       org.eclipse.core.internal.localstore.SafeChunkyInputStream::findByte (25 bytes)
Event: 310.102 Thread 0x000001cd7b703fa0 nmethod 9508 0x000001cd01729e90 code [0x000001cd0172a040, 0x000001cd0172a2b8]
Event: 310.134 Thread 0x000001cd0f38d030 nmethod 9492 0x000001cd08068e90 code [0x000001cd080690c0, 0x000001cd0806a750]

GC Heap History (20 events):
Event: 20.908 GC heap before
{Heap before GC invocations=53 (full 4):
 PSYoungGen      total 11264K, used 6731K [0x00000000eab00000, 0x00000000ec180000, 0x0000000100000000)
  eden space 5632K, 100% used [0x00000000eab00000,0x00000000eb080000,0x00000000eb080000)
  from space 5632K, 19% used [0x00000000eb680000,0x00000000eb792c10,0x00000000ebc00000)
  to   space 2048K, 0% used [0x00000000ebf80000,0x00000000ebf80000,0x00000000ec180000)
 ParOldGen       total 102912K, used 67222K [0x00000000c0000000, 0x00000000c6480000, 0x00000000eab00000)
  object space 102912K, 65% used [0x00000000c0000000,0x00000000c41a58e8,0x00000000c6480000)
 Metaspace       used 66359K, committed 67392K, reserved 1114112K
  class space    used 7413K, committed 7872K, reserved 1048576K
}
Event: 20.910 GC heap after
{Heap after GC invocations=53 (full 4):
 PSYoungGen      total 6656K, used 800K [0x00000000eab00000, 0x00000000ec080000, 0x0000000100000000)
  eden space 5632K, 0% used [0x00000000eab00000,0x00000000eab00000,0x00000000eb080000)
  from space 1024K, 78% used [0x00000000ebf80000,0x00000000ec048000,0x00000000ec080000)
  to   space 1024K, 0% used [0x00000000ebe80000,0x00000000ebe80000,0x00000000ebf80000)
 ParOldGen       total 102912K, used 68136K [0x00000000c0000000, 0x00000000c6480000, 0x00000000eab00000)
  object space 102912K, 66% used [0x00000000c0000000,0x00000000c428a150,0x00000000c6480000)
 Metaspace       used 66359K, committed 67392K, reserved 1114112K
  class space    used 7413K, committed 7872K, reserved 1048576K
}
Event: 21.135 GC heap before
{Heap before GC invocations=54 (full 4):
 PSYoungGen      total 6656K, used 6432K [0x00000000eab00000, 0x00000000ec080000, 0x0000000100000000)
  eden space 5632K, 100% used [0x00000000eab00000,0x00000000eb080000,0x00000000eb080000)
  from space 1024K, 78% used [0x00000000ebf80000,0x00000000ec048000,0x00000000ec080000)
  to   space 1024K, 0% used [0x00000000ebe80000,0x00000000ebe80000,0x00000000ebf80000)
 ParOldGen       total 102912K, used 68136K [0x00000000c0000000, 0x00000000c6480000, 0x00000000eab00000)
  object space 102912K, 66% used [0x00000000c0000000,0x00000000c428a150,0x00000000c6480000)
 Metaspace       used 66684K, committed 67712K, reserved 1114112K
  class space    used 7432K, committed 7872K, reserved 1048576K
}
Event: 21.138 GC heap after
{Heap after GC invocations=54 (full 4):
 PSYoungGen      total 6656K, used 896K [0x00000000eab00000, 0x00000000ec000000, 0x0000000100000000)
  eden space 5632K, 0% used [0x00000000eab00000,0x00000000eab00000,0x00000000eb080000)
  from space 1024K, 87% used [0x00000000ebe80000,0x00000000ebf60000,0x00000000ebf80000)
  to   space 512K, 0% used [0x00000000ebf80000,0x00000000ebf80000,0x00000000ec000000)
 ParOldGen       total 102912K, used 68790K [0x00000000c0000000, 0x00000000c6480000, 0x00000000eab00000)
  object space 102912K, 66% used [0x00000000c0000000,0x00000000c432d8c8,0x00000000c6480000)
 Metaspace       used 66684K, committed 67712K, reserved 1114112K
  class space    used 7432K, committed 7872K, reserved 1048576K
}
Event: 21.390 GC heap before
{Heap before GC invocations=55 (full 4):
 PSYoungGen      total 6656K, used 6528K [0x00000000eab00000, 0x00000000ec000000, 0x0000000100000000)
  eden space 5632K, 100% used [0x00000000eab00000,0x00000000eb080000,0x00000000eb080000)
  from space 1024K, 87% used [0x00000000ebe80000,0x00000000ebf60000,0x00000000ebf80000)
  to   space 512K, 0% used [0x00000000ebf80000,0x00000000ebf80000,0x00000000ec000000)
 ParOldGen       total 102912K, used 68790K [0x00000000c0000000, 0x00000000c6480000, 0x00000000eab00000)
  object space 102912K, 66% used [0x00000000c0000000,0x00000000c432d8c8,0x00000000c6480000)
 Metaspace       used 66994K, committed 68032K, reserved 1114112K
  class space    used 7437K, committed 7872K, reserved 1048576K
}
Event: 21.394 GC heap after
{Heap after GC invocations=55 (full 4):
 PSYoungGen      total 6144K, used 512K [0x00000000eab00000, 0x00000000ec000000, 0x0000000100000000)
  eden space 5632K, 0% used [0x00000000eab00000,0x00000000eab00000,0x00000000eb080000)
  from space 512K, 100% used [0x00000000ebf80000,0x00000000ec000000,0x00000000ec000000)
  to   space 1536K, 0% used [0x00000000ebd00000,0x00000000ebd00000,0x00000000ebe80000)
 ParOldGen       total 102912K, used 69690K [0x00000000c0000000, 0x00000000c6480000, 0x00000000eab00000)
  object space 102912K, 67% used [0x00000000c0000000,0x00000000c440e8f0,0x00000000c6480000)
 Metaspace       used 66994K, committed 68032K, reserved 1114112K
  class space    used 7437K, committed 7872K, reserved 1048576K
}
Event: 21.608 GC heap before
{Heap before GC invocations=56 (full 4):
 PSYoungGen      total 6144K, used 6144K [0x00000000eab00000, 0x00000000ec000000, 0x0000000100000000)
  eden space 5632K, 100% used [0x00000000eab00000,0x00000000eb080000,0x00000000eb080000)
  from space 512K, 100% used [0x00000000ebf80000,0x00000000ec000000,0x00000000ec000000)
  to   space 1536K, 0% used [0x00000000ebd00000,0x00000000ebd00000,0x00000000ebe80000)
 ParOldGen       total 102912K, used 69690K [0x00000000c0000000, 0x00000000c6480000, 0x00000000eab00000)
  object space 102912K, 67% used [0x00000000c0000000,0x00000000c440e8f0,0x00000000c6480000)
 Metaspace       used 67242K, committed 68288K, reserved 1114112K
  class space    used 7443K, committed 7872K, reserved 1048576K
}
Event: 21.611 GC heap after
{Heap after GC invocations=56 (full 4):
 PSYoungGen      total 7168K, used 756K [0x00000000eab00000, 0x00000000ec000000, 0x0000000100000000)
  eden space 5632K, 0% used [0x00000000eab00000,0x00000000eab00000,0x00000000eb080000)
  from space 1536K, 49% used [0x00000000ebd00000,0x00000000ebdbd288,0x00000000ebe80000)
  to   space 1024K, 0% used [0x00000000ebf00000,0x00000000ebf00000,0x00000000ec000000)
 ParOldGen       total 102912K, used 70191K [0x00000000c0000000, 0x00000000c6480000, 0x00000000eab00000)
  object space 102912K, 68% used [0x00000000c0000000,0x00000000c448bcc0,0x00000000c6480000)
 Metaspace       used 67242K, committed 68288K, reserved 1114112K
  class space    used 7443K, committed 7872K, reserved 1048576K
}
Event: 21.885 GC heap before
{Heap before GC invocations=57 (full 4):
 PSYoungGen      total 7168K, used 6388K [0x00000000eab00000, 0x00000000ec000000, 0x0000000100000000)
  eden space 5632K, 99% used [0x00000000eab00000,0x00000000eb07ffe0,0x00000000eb080000)
  from space 1536K, 49% used [0x00000000ebd00000,0x00000000ebdbd288,0x00000000ebe80000)
  to   space 1024K, 0% used [0x00000000ebf00000,0x00000000ebf00000,0x00000000ec000000)
 ParOldGen       total 102912K, used 70191K [0x00000000c0000000, 0x00000000c6480000, 0x00000000eab00000)
  object space 102912K, 68% used [0x00000000c0000000,0x00000000c448bcc0,0x00000000c6480000)
 Metaspace       used 67507K, committed 68480K, reserved 1114112K
  class space    used 7457K, committed 7872K, reserved 1048576K
}
Event: 21.886 GC heap after
{Heap after GC invocations=57 (full 4):
 PSYoungGen      total 6656K, used 1012K [0x00000000eab00000, 0x00000000ec000000, 0x0000000100000000)
  eden space 5632K, 0% used [0x00000000eab00000,0x00000000eab00000,0x00000000eb080000)
  from space 1024K, 98% used [0x00000000ebf00000,0x00000000ebffd0d8,0x00000000ec000000)
  to   space 1536K, 0% used [0x00000000ebd00000,0x00000000ebd00000,0x00000000ebe80000)
 ParOldGen       total 102912K, used 70247K [0x00000000c0000000, 0x00000000c6480000, 0x00000000eab00000)
  object space 102912K, 68% used [0x00000000c0000000,0x00000000c4499cd0,0x00000000c6480000)
 Metaspace       used 67507K, committed 68480K, reserved 1114112K
  class space    used 7457K, committed 7872K, reserved 1048576K
}
Event: 22.044 GC heap before
{Heap before GC invocations=58 (full 4):
 PSYoungGen      total 6656K, used 6644K [0x00000000eab00000, 0x00000000ec000000, 0x0000000100000000)
  eden space 5632K, 100% used [0x00000000eab00000,0x00000000eb080000,0x00000000eb080000)
  from space 1024K, 98% used [0x00000000ebf00000,0x00000000ebffd0d8,0x00000000ec000000)
  to   space 1536K, 0% used [0x00000000ebd00000,0x00000000ebd00000,0x00000000ebe80000)
 ParOldGen       total 102912K, used 70247K [0x00000000c0000000, 0x00000000c6480000, 0x00000000eab00000)
  object space 102912K, 68% used [0x00000000c0000000,0x00000000c4499cd0,0x00000000c6480000)
 Metaspace       used 67577K, committed 68544K, reserved 1114112K
  class space    used 7459K, committed 7872K, reserved 1048576K
}
Event: 22.047 GC heap after
{Heap after GC invocations=58 (full 4):
 PSYoungGen      total 7168K, used 299K [0x00000000eab00000, 0x00000000ebf80000, 0x0000000100000000)
  eden space 5632K, 0% used [0x00000000eab00000,0x00000000eab00000,0x00000000eb080000)
  from space 1536K, 19% used [0x00000000ebd00000,0x00000000ebd4ac00,0x00000000ebe80000)
  to   space 1024K, 0% used [0x00000000ebe80000,0x00000000ebe80000,0x00000000ebf80000)
 ParOldGen       total 102912K, used 71229K [0x00000000c0000000, 0x00000000c6480000, 0x00000000eab00000)
  object space 102912K, 69% used [0x00000000c0000000,0x00000000c458f400,0x00000000c6480000)
 Metaspace       used 67577K, committed 68544K, reserved 1114112K
  class space    used 7459K, committed 7872K, reserved 1048576K
}
Event: 22.247 GC heap before
{Heap before GC invocations=59 (full 4):
 PSYoungGen      total 7168K, used 5931K [0x00000000eab00000, 0x00000000ebf80000, 0x0000000100000000)
  eden space 5632K, 100% used [0x00000000eab00000,0x00000000eb080000,0x00000000eb080000)
  from space 1536K, 19% used [0x00000000ebd00000,0x00000000ebd4ac00,0x00000000ebe80000)
  to   space 1024K, 0% used [0x00000000ebe80000,0x00000000ebe80000,0x00000000ebf80000)
 ParOldGen       total 102912K, used 71229K [0x00000000c0000000, 0x00000000c6480000, 0x00000000eab00000)
  object space 102912K, 69% used [0x00000000c0000000,0x00000000c458f400,0x00000000c6480000)
 Metaspace       used 68313K, committed 69312K, reserved 1114112K
  class space    used 7545K, committed 8000K, reserved 1048576K
}
Event: 22.249 GC heap after
{Heap after GC invocations=59 (full 4):
 PSYoungGen      total 6656K, used 594K [0x00000000eab00000, 0x00000000ebf80000, 0x0000000100000000)
  eden space 5632K, 0% used [0x00000000eab00000,0x00000000eab00000,0x00000000eb080000)
  from space 1024K, 58% used [0x00000000ebe80000,0x00000000ebf14b60,0x00000000ebf80000)
  to   space 1024K, 0% used [0x00000000ebd80000,0x00000000ebd80000,0x00000000ebe80000)
 ParOldGen       total 102912K, used 71237K [0x00000000c0000000, 0x00000000c6480000, 0x00000000eab00000)
  object space 102912K, 69% used [0x00000000c0000000,0x00000000c4591400,0x00000000c6480000)
 Metaspace       used 68313K, committed 69312K, reserved 1114112K
  class space    used 7545K, committed 8000K, reserved 1048576K
}
Event: 22.471 GC heap before
{Heap before GC invocations=60 (full 4):
 PSYoungGen      total 6656K, used 6226K [0x00000000eab00000, 0x00000000ebf80000, 0x0000000100000000)
  eden space 5632K, 100% used [0x00000000eab00000,0x00000000eb080000,0x00000000eb080000)
  from space 1024K, 58% used [0x00000000ebe80000,0x00000000ebf14b60,0x00000000ebf80000)
  to   space 1024K, 0% used [0x00000000ebd80000,0x00000000ebd80000,0x00000000ebe80000)
 ParOldGen       total 102912K, used 71237K [0x00000000c0000000, 0x00000000c6480000, 0x00000000eab00000)
  object space 102912K, 69% used [0x00000000c0000000,0x00000000c4591400,0x00000000c6480000)
 Metaspace       used 68406K, committed 69376K, reserved 1114112K
  class space    used 7548K, committed 8000K, reserved 1048576K
}
Event: 22.473 GC heap after
{Heap after GC invocations=60 (full 4):
 PSYoungGen      total 6656K, used 651K [0x00000000eab00000, 0x00000000ebf00000, 0x0000000100000000)
  eden space 5632K, 0% used [0x00000000eab00000,0x00000000eab00000,0x00000000eb080000)
  from space 1024K, 63% used [0x00000000ebd80000,0x00000000ebe22c00,0x00000000ebe80000)
  to   space 512K, 0% used [0x00000000ebe80000,0x00000000ebe80000,0x00000000ebf00000)
 ParOldGen       total 102912K, used 71245K [0x00000000c0000000, 0x00000000c6480000, 0x00000000eab00000)
  object space 102912K, 69% used [0x00000000c0000000,0x00000000c4593400,0x00000000c6480000)
 Metaspace       used 68406K, committed 69376K, reserved 1114112K
  class space    used 7548K, committed 8000K, reserved 1048576K
}
Event: 22.619 GC heap before
{Heap before GC invocations=61 (full 4):
 PSYoungGen      total 6656K, used 6283K [0x00000000eab00000, 0x00000000ebf00000, 0x0000000100000000)
  eden space 5632K, 100% used [0x00000000eab00000,0x00000000eb080000,0x00000000eb080000)
  from space 1024K, 63% used [0x00000000ebd80000,0x00000000ebe22c00,0x00000000ebe80000)
  to   space 512K, 0% used [0x00000000ebe80000,0x00000000ebe80000,0x00000000ebf00000)
 ParOldGen       total 102912K, used 71245K [0x00000000c0000000, 0x00000000c6480000, 0x00000000eab00000)
  object space 102912K, 69% used [0x00000000c0000000,0x00000000c4593400,0x00000000c6480000)
 Metaspace       used 68441K, committed 69440K, reserved 1114112K
  class space    used 7548K, committed 8000K, reserved 1048576K
}
Event: 22.620 GC heap after
{Heap after GC invocations=61 (full 4):
 PSYoungGen      total 6144K, used 491K [0x00000000eab00000, 0x00000000ebf00000, 0x0000000100000000)
  eden space 5632K, 0% used [0x00000000eab00000,0x00000000eab00000,0x00000000eb080000)
  from space 512K, 95% used [0x00000000ebe80000,0x00000000ebefac00,0x00000000ebf00000)
  to   space 1024K, 0% used [0x00000000ebd00000,0x00000000ebd00000,0x00000000ebe00000)
 ParOldGen       total 102912K, used 71341K [0x00000000c0000000, 0x00000000c6480000, 0x00000000eab00000)
  object space 102912K, 69% used [0x00000000c0000000,0x00000000c45ab430,0x00000000c6480000)
 Metaspace       used 68441K, committed 69440K, reserved 1114112K
  class space    used 7548K, committed 8000K, reserved 1048576K
}
Event: 188.353 GC heap before
{Heap before GC invocations=62 (full 4):
 PSYoungGen      total 6144K, used 6123K [0x00000000eab00000, 0x00000000ebf00000, 0x0000000100000000)
  eden space 5632K, 100% used [0x00000000eab00000,0x00000000eb080000,0x00000000eb080000)
  from space 512K, 95% used [0x00000000ebe80000,0x00000000ebefac00,0x00000000ebf00000)
  to   space 1024K, 0% used [0x00000000ebd00000,0x00000000ebd00000,0x00000000ebe00000)
 ParOldGen       total 102912K, used 71341K [0x00000000c0000000, 0x00000000c6480000, 0x00000000eab00000)
  object space 102912K, 69% used [0x00000000c0000000,0x00000000c45ab430,0x00000000c6480000)
 Metaspace       used 68513K, committed 69568K, reserved 1114112K
  class space    used 7554K, committed 8000K, reserved 1048576K
}
Event: 188.357 GC heap after
{Heap after GC invocations=62 (full 4):
 PSYoungGen      total 6656K, used 256K [0x00000000eab00000, 0x00000000ebf00000, 0x0000000100000000)
  eden space 5632K, 0% used [0x00000000eab00000,0x00000000eab00000,0x00000000eb080000)
  from space 1024K, 25% used [0x00000000ebd00000,0x00000000ebd40000,0x00000000ebe00000)
  to   space 512K, 0% used [0x00000000ebe80000,0x00000000ebe80000,0x00000000ebf00000)
 ParOldGen       total 102912K, used 71732K [0x00000000c0000000, 0x00000000c6480000, 0x00000000eab00000)
  object space 102912K, 69% used [0x00000000c0000000,0x00000000c460d0d0,0x00000000c6480000)
 Metaspace       used 68513K, committed 69568K, reserved 1114112K
  class space    used 7554K, committed 8000K, reserved 1048576K
}

Deoptimization events (20 events):
Event: 194.211 Thread 0x000001cd7d2cf690 DEOPT PACKING pc=0x000001cd07be5c0c sp=0x00000067da2fd350
Event: 194.211 Thread 0x000001cd7d2cf690 DEOPT UNPACKING pc=0x000001cd000520a3 sp=0x00000067da2fd290 mode 2
Event: 309.813 Thread 0x000001cd7d2d09d0 Uncommon trap: trap_request=0xffffff76 fr.pc=0x000001cd07e6424c relative=0x0000000000000bec
Event: 309.813 Thread 0x000001cd7d2d09d0 Uncommon trap: reason=predicate action=maybe_recompile pc=0x000001cd07e6424c method=com.sun.org.apache.xml.internal.serializer.ToStream.writeAttrString(Ljava/io/Writer;Ljava/lang/String;Ljava/lang/String;)V @ 53 c2
Event: 309.813 Thread 0x000001cd7d2d09d0 DEOPT PACKING pc=0x000001cd07e6424c sp=0x00000067da0fe4b0
Event: 309.813 Thread 0x000001cd7d2d09d0 DEOPT UNPACKING pc=0x000001cd000520a3 sp=0x00000067da0fe4a8 mode 2
Event: 309.834 Thread 0x000001cd7d2d09d0 Uncommon trap: trap_request=0xfffffff4 fr.pc=0x000001cd07c41538 relative=0x0000000000000418
Event: 309.834 Thread 0x000001cd7d2d09d0 Uncommon trap: reason=null_check action=make_not_entrant pc=0x000001cd07c41538 method=org.eclipse.core.runtime.Path.equals(Ljava/lang/Object;)Z @ 8 c2
Event: 309.834 Thread 0x000001cd7d2d09d0 DEOPT PACKING pc=0x000001cd07c41538 sp=0x00000067da0fecd0
Event: 309.834 Thread 0x000001cd7d2d09d0 DEOPT UNPACKING pc=0x000001cd000520a3 sp=0x00000067da0fec78 mode 2
Event: 310.048 Thread 0x000001cd7d2d09d0 DEOPT PACKING pc=0x000001cd010e5fc2 sp=0x00000067da0fe4d0
Event: 310.048 Thread 0x000001cd7d2d09d0 DEOPT UNPACKING pc=0x000001cd00052843 sp=0x00000067da0fda18 mode 0
Event: 310.052 Thread 0x000001cd7d2d09d0 Uncommon trap: trap_request=0xffffff45 fr.pc=0x000001cd07e17a0c relative=0x00000000000043ec
Event: 310.052 Thread 0x000001cd7d2d09d0 Uncommon trap: reason=unstable_if action=reinterpret pc=0x000001cd07e17a0c method=jdk.internal.org.objectweb.asm.Frame.push(I)V @ 26 c2
Event: 310.052 Thread 0x000001cd7d2d09d0 DEOPT PACKING pc=0x000001cd07e17a0c sp=0x00000067da0fd570
Event: 310.052 Thread 0x000001cd7d2d09d0 DEOPT UNPACKING pc=0x000001cd000520a3 sp=0x00000067da0fd498 mode 2
Event: 310.058 Thread 0x000001cd7d2d09d0 DEOPT PACKING pc=0x000001cd010e5fc2 sp=0x00000067da0fe9a0
Event: 310.058 Thread 0x000001cd7d2d09d0 DEOPT UNPACKING pc=0x000001cd00052843 sp=0x00000067da0fdee8 mode 0
Event: 310.067 Thread 0x000001cd7d2d09d0 DEOPT PACKING pc=0x000001cd010e5fc2 sp=0x00000067da0fe820
Event: 310.067 Thread 0x000001cd7d2d09d0 DEOPT UNPACKING pc=0x000001cd00052843 sp=0x00000067da0fdd68 mode 0

Classes unloaded (7 events):
Event: 5.291 Thread 0x000001cd7901b320 Unloading class 0x0000000100214c00 'java/lang/invoke/LambdaForm$MH+0x0000000100214c00'
Event: 5.291 Thread 0x000001cd7901b320 Unloading class 0x0000000100214800 'java/lang/invoke/LambdaForm$MH+0x0000000100214800'
Event: 5.291 Thread 0x000001cd7901b320 Unloading class 0x0000000100214400 'java/lang/invoke/LambdaForm$MH+0x0000000100214400'
Event: 5.291 Thread 0x000001cd7901b320 Unloading class 0x0000000100213c00 'java/lang/invoke/LambdaForm$MH+0x0000000100213c00'
Event: 5.291 Thread 0x000001cd7901b320 Unloading class 0x0000000100213800 'java/lang/invoke/LambdaForm$BMH+0x0000000100213800'
Event: 5.292 Thread 0x000001cd7901b320 Unloading class 0x0000000100213400 'java/lang/invoke/LambdaForm$DMH+0x0000000100213400'
Event: 5.292 Thread 0x000001cd7901b320 Unloading class 0x0000000100210400 'java/lang/invoke/LambdaForm$DMH+0x0000000100210400'

Classes redefined (0 events):
No events

Internal exceptions (20 events):
Event: 21.595 Thread 0x000001cd7d2cecf0 Exception <a 'sun/nio/fs/WindowsException'{0x00000000eb031858}> (0x00000000eb031858) 
thrown [s\src\hotspot\share\prims\jni.cpp, line 516]
Event: 21.603 Thread 0x000001cd7d2cecf0 Exception <a 'sun/nio/fs/WindowsException'{0x00000000eb066f70}> (0x00000000eb066f70) 
thrown [s\src\hotspot\share\prims\jni.cpp, line 516]
Event: 21.617 Thread 0x000001cd7d2cecf0 Exception <a 'sun/nio/fs/WindowsException'{0x00000000eab1f2e0}> (0x00000000eab1f2e0) 
thrown [s\src\hotspot\share\prims\jni.cpp, line 516]
Event: 21.671 Thread 0x000001cd7d2cecf0 Exception <a 'sun/nio/fs/WindowsException'{0x00000000eac34918}> (0x00000000eac34918) 
thrown [s\src\hotspot\share\prims\jni.cpp, line 516]
Event: 21.682 Thread 0x000001cd7d2cecf0 Exception <a 'sun/nio/fs/WindowsException'{0x00000000eac5aed0}> (0x00000000eac5aed0) 
thrown [s\src\hotspot\share\prims\jni.cpp, line 516]
Event: 21.693 Thread 0x000001cd7d2cecf0 Exception <a 'sun/nio/fs/WindowsException'{0x00000000eac80cc8}> (0x00000000eac80cc8) 
thrown [s\src\hotspot\share\prims\jni.cpp, line 516]
Event: 21.712 Thread 0x000001cd7d2cecf0 Exception <a 'sun/nio/fs/WindowsException'{0x00000000eacd1350}> (0x00000000eacd1350) 
thrown [s\src\hotspot\share\prims\jni.cpp, line 516]
Event: 21.726 Thread 0x000001cd7d2cecf0 Exception <a 'sun/nio/fs/WindowsException'{0x00000000eacf71d0}> (0x00000000eacf71d0) 
thrown [s\src\hotspot\share\prims\jni.cpp, line 516]
Event: 21.733 Thread 0x000001cd7d2cecf0 Exception <a 'sun/nio/fs/WindowsException'{0x00000000ead2f258}> (0x00000000ead2f258) 
thrown [s\src\hotspot\share\prims\jni.cpp, line 516]
Event: 21.743 Thread 0x000001cd7d2cecf0 Exception <a 'sun/nio/fs/WindowsException'{0x00000000ead67bf0}> (0x00000000ead67bf0) 
thrown [s\src\hotspot\share\prims\jni.cpp, line 516]
Event: 21.761 Thread 0x000001cd7d2cecf0 Exception <a 'sun/nio/fs/WindowsException'{0x00000000eadabc38}> (0x00000000eadabc38) 
thrown [s\src\hotspot\share\prims\jni.cpp, line 516]
Event: 21.775 Thread 0x000001cd7d2cecf0 Exception <a 'sun/nio/fs/WindowsException'{0x00000000eade4c58}> (0x00000000eade4c58) 
thrown [s\src\hotspot\share\prims\jni.cpp, line 516]
Event: 21.783 Thread 0x000001cd7d2cecf0 Exception <a 'sun/nio/fs/WindowsException'{0x00000000eae0aeb8}> (0x00000000eae0aeb8) 
thrown [s\src\hotspot\share\prims\jni.cpp, line 516]
Event: 21.884 Thread 0x000001cd7d2d0500 Exception <a 'java/lang/NoSuchMethodError'{0x00000000eb073ad8}: 'java.lang.Object java.lang.invoke.DirectMethodHandle$Holder.invokeStatic(java.lang.Object, java.lang.Object, int, java.lang.Object)'> (0x00000000eb073ad8) 
thrown [s\src\hotspot\share\interpreter\linkResolver.cpp, line 759]
Event: 21.885 Thread 0x000001cd7d2d0500 Exception <a 'java/lang/NoSuchMethodError'{0x00000000eb07c960}: 'java.lang.Object java.lang.invoke.DirectMethodHandle$Holder.newInvokeSpecial(java.lang.Object, java.lang.Object, int)'> (0x00000000eb07c960) 
thrown [s\src\hotspot\share\interpreter\linkResolver.cpp, line 759]
Event: 22.167 Thread 0x000001cd7d2d0500 Exception <a 'java/io/FileNotFoundException'{0x00000000eae63bc8}> (0x00000000eae63bc8) 
thrown [s\src\hotspot\share\prims\jni.cpp, line 516]
Event: 309.834 Thread 0x000001cd7d2d09d0 Implicit null exception at 0x000001cd07c41160 to 0x000001cd07c41528
Event: 310.053 Thread 0x000001cd7d2d09d0 Exception <a 'java/lang/NoSuchMethodError'{0x00000000eaf76e78}: 'java.lang.Object java.lang.invoke.DirectMethodHandle$Holder.newInvokeSpecial(java.lang.Object, java.lang.Object, java.lang.Object, java.lang.Object, java.lang.Object, java.lang.Object, java.lang.Object, java.lang.Object)'> (0x00000000eaf76e78) 
thrown [s\src\hotspot\share\interpreter\linkResolver.cpp, line 759]
Event: 310.054 Thread 0x000001cd7d2d09d0 Exception <a 'java/lang/NoSuchMethodError'{0x00000000eaf7cfa8}: 'java.lang.Object java.lang.invoke.DirectMethodHandle$Holder.invokeSpecial(java.lang.Object, java.lang.Object, java.lang.Object, java.lang.Object, java.lang.Object, java.lang.Object, java.lang.Object, java.lang.Object, java.lang.Object)'> (0x00000000eaf7cfa8) 
thrown [s\src\hotspot\share\interpreter\linkResolver.cpp, line 759]
Event: 310.054 Thread 0x000001cd7d2d09d0 Exception <a 'java/lang/NoSuchMethodError'{0x00000000eaf82be8}: 'java.lang.Object java.lang.invoke.Invokers$Holder.linkToTargetMethod(java.lang.Object, java.lang.Object, java.lang.Object, java.lang.Object, java.lang.Object, java.lang.Object, java.lang.Object, java.lang.Object)'> (0x00000000eaf82be8) 
thrown [s\src\hotspot\share\interpreter\linkResolver.cpp, line 759]

VM Operations (20 events):
Event: 23.621 Executing VM operation: Cleanup
Event: 23.621 Executing VM operation: Cleanup done
Event: 33.648 Executing VM operation: Cleanup
Event: 33.648 Executing VM operation: Cleanup done
Event: 74.697 Executing VM operation: Cleanup
Event: 74.697 Executing VM operation: Cleanup done
Event: 188.353 Executing VM operation: ParallelGCFailedAllocation
Event: 188.357 Executing VM operation: ParallelGCFailedAllocation done
Event: 189.358 Executing VM operation: Cleanup
Event: 189.358 Executing VM operation: Cleanup done
Event: 194.386 Executing VM operation: Cleanup
Event: 194.387 Executing VM operation: Cleanup done
Event: 305.470 Executing VM operation: Cleanup
Event: 305.471 Executing VM operation: Cleanup done
Event: 309.897 Executing VM operation: HandshakeAllThreads
Event: 310.043 Executing VM operation: HandshakeAllThreads done
Event: 310.043 Executing VM operation: Cleanup
Event: 310.043 Executing VM operation: Cleanup done
Event: 310.077 Executing VM operation: HandshakeAllThreads
Event: 310.077 Executing VM operation: HandshakeAllThreads done

Events (20 events):
Event: 309.889 loading class java/util/stream/Nodes$ToArrayTask
Event: 309.889 loading class java/util/stream/Nodes$ToArrayTask done
Event: 309.889 loading class java/util/stream/Nodes$ToArrayTask$OfRef done
Event: 309.889 Thread 0x000001cd110833f0 Thread added: 0x000001cd110833f0
Event: 309.890 Thread 0x000001cd11083d90 Thread added: 0x000001cd11083d90
Event: 309.890 Thread 0x000001cd1107f560 Thread added: 0x000001cd1107f560
Event: 309.891 loading class java/io/ObjectOutputStream$BlockDataOutputStream
Event: 309.892 loading class java/io/ObjectOutputStream$BlockDataOutputStream done
Event: 309.892 loading class java/io/ObjectOutputStream$HandleTable
Event: 309.892 loading class java/io/ObjectOutputStream$HandleTable done
Event: 309.892 loading class java/io/ObjectOutputStream$ReplaceTable
Event: 309.892 loading class java/io/ObjectOutputStream$ReplaceTable done
Event: 310.042 Thread 0x000001cd11081240 Thread exited: 0x000001cd11081240
Event: 310.042 Thread 0x000001cd110850d0 Thread exited: 0x000001cd110850d0
Event: 310.042 Thread 0x000001cd11083d90 Thread exited: 0x000001cd11083d90
Event: 310.042 Thread 0x000001cd110833f0 Thread exited: 0x000001cd110833f0
Event: 310.042 Thread 0x000001cd11085a70 Thread exited: 0x000001cd11085a70
Event: 310.042 Thread 0x000001cd1107f560 Thread exited: 0x000001cd1107f560
Event: 310.042 Thread 0x000001cd11085f40 Thread exited: 0x000001cd11085f40
Event: 310.068 Thread 0x000001cd0f38d030 Thread added: 0x000001cd0f38d030


Dynamic libraries:
0x00007ff62b140000 - 0x00007ff62b14e000 	c:\Users\jumpe\.vscode\extensions\redhat.java-1.11.0-win32-x64\jre\17.0.4.1-win32-x86_64\bin\java.exe
0x00007ff8ddc90000 - 0x00007ff8dde88000 	C:\Windows\SYSTEM32\ntdll.dll
0x00007ff8dc630000 - 0x00007ff8dc6ed000 	C:\Windows\System32\KERNEL32.DLL
0x00007ff8db3a0000 - 0x00007ff8db672000 	C:\Windows\System32\KERNELBASE.dll
0x00007ff8db910000 - 0x00007ff8dba10000 	C:\Windows\System32\ucrtbase.dll
0x00007ff8bc730000 - 0x00007ff8bc748000 	c:\Users\jumpe\.vscode\extensions\redhat.java-1.11.0-win32-x64\jre\17.0.4.1-win32-x86_64\bin\jli.dll
0x00007ff8c9560000 - 0x00007ff8c9579000 	c:\Users\jumpe\.vscode\extensions\redhat.java-1.11.0-win32-x64\jre\17.0.4.1-win32-x86_64\bin\VCRUNTIME140.dll
0x00007ff8ddab0000 - 0x00007ff8ddc4d000 	C:\Windows\System32\USER32.dll
0x00007ff8dba60000 - 0x00007ff8dba82000 	C:\Windows\System32\win32u.dll
0x00007ff8c28e0000 - 0x00007ff8c2b7a000 	C:\Windows\WinSxS\amd64_microsoft.windows.common-controls_6595b64144ccf1df_6.0.19041.1110_none_60b5254171f9507e\COMCTL32.dll
0x00007ff8dda80000 - 0x00007ff8ddaab000 	C:\Windows\System32\GDI32.dll
0x00007ff8dc820000 - 0x00007ff8dc8be000 	C:\Windows\System32\msvcrt.dll
0x00007ff8dbb40000 - 0x00007ff8dbc4f000 	C:\Windows\System32\gdi32full.dll
0x00007ff8dbc50000 - 0x00007ff8dbced000 	C:\Windows\System32\msvcp_win.dll
0x00007ff8dcef0000 - 0x00007ff8dcf20000 	C:\Windows\System32\IMM32.DLL
0x00007ff8bd0b0000 - 0x00007ff8bd0bc000 	c:\Users\jumpe\.vscode\extensions\redhat.java-1.11.0-win32-x64\jre\17.0.4.1-win32-x86_64\bin\vcruntime140_1.dll
0x00007ff88ef50000 - 0x00007ff88efe1000 	c:\Users\jumpe\.vscode\extensions\redhat.java-1.11.0-win32-x64\jre\17.0.4.1-win32-x86_64\bin\msvcp140.dll
0x00007ff84c900000 - 0x00007ff84d546000 	c:\Users\jumpe\.vscode\extensions\redhat.java-1.11.0-win32-x64\jre\17.0.4.1-win32-x86_64\bin\server\jvm.dll
0x00007ff8dcde0000 - 0x00007ff8dce8e000 	C:\Windows\System32\ADVAPI32.dll
0x00007ff8dcf80000 - 0x00007ff8dd01c000 	C:\Windows\System32\sechost.dll
0x00007ff8dccb0000 - 0x00007ff8dcdd5000 	C:\Windows\System32\RPCRT4.dll
0x00007ff8dbda0000 - 0x00007ff8dbda8000 	C:\Windows\System32\PSAPI.DLL
0x00007ff8bc2e0000 - 0x00007ff8bc2e9000 	C:\Windows\SYSTEM32\WSOCK32.dll
0x00007ff8dcc40000 - 0x00007ff8dccab000 	C:\Windows\System32\WS2_32.dll
0x00007ff8c92d0000 - 0x00007ff8c92f7000 	C:\Windows\SYSTEM32\WINMM.dll
0x00007ff8d2910000 - 0x00007ff8d291a000 	C:\Windows\SYSTEM32\VERSION.dll
0x00007ff8d9180000 - 0x00007ff8d9192000 	C:\Windows\SYSTEM32\kernel.appcore.dll
0x00007ff8bcc40000 - 0x00007ff8bcc4a000 	c:\Users\jumpe\.vscode\extensions\redhat.java-1.11.0-win32-x64\jre\17.0.4.1-win32-x86_64\bin\jimage.dll
0x00007ff8cbc10000 - 0x00007ff8cbdf4000 	C:\Windows\SYSTEM32\DBGHELP.DLL
0x00007ff8b1680000 - 0x00007ff8b16ac000 	C:\Windows\SYSTEM32\dbgcore.DLL
0x00007ff8db880000 - 0x00007ff8db902000 	C:\Windows\System32\bcryptPrimitives.dll
0x00007ff8b8130000 - 0x00007ff8b813e000 	c:\Users\jumpe\.vscode\extensions\redhat.java-1.11.0-win32-x64\jre\17.0.4.1-win32-x86_64\bin\instrument.dll
0x00007ff88f820000 - 0x00007ff88f845000 	c:\Users\jumpe\.vscode\extensions\redhat.java-1.11.0-win32-x64\jre\17.0.4.1-win32-x86_64\bin\java.dll
0x00007ff89d9b0000 - 0x00007ff89d9c8000 	c:\Users\jumpe\.vscode\extensions\redhat.java-1.11.0-win32-x64\jre\17.0.4.1-win32-x86_64\bin\zip.dll
0x00007ff8dbdb0000 - 0x00007ff8dc4f3000 	C:\Windows\System32\SHELL32.dll
0x00007ff8d9460000 - 0x00007ff8d9bf1000 	C:\Windows\SYSTEM32\windows.storage.dll
0x00007ff8dd570000 - 0x00007ff8dd8c4000 	C:\Windows\System32\combase.dll
0x00007ff8dae00000 - 0x00007ff8dae30000 	C:\Windows\SYSTEM32\Wldp.dll
0x00007ff8dbcf0000 - 0x00007ff8dbd9d000 	C:\Windows\System32\SHCORE.dll
0x00007ff8dc6f0000 - 0x00007ff8dc745000 	C:\Windows\System32\shlwapi.dll
0x00007ff8db2e0000 - 0x00007ff8db2ff000 	C:\Windows\SYSTEM32\profapi.dll
0x00007ff89d140000 - 0x00007ff89d159000 	C:\Users\jumpe\.vscode\extensions\redhat.java-1.11.0-win32-x64\jre\17.0.4.1-win32-x86_64\bin\net.dll
0x00007ff8c95e0000 - 0x00007ff8c96ed000 	C:\Windows\SYSTEM32\WINHTTP.dll
0x00007ff8dab60000 - 0x00007ff8dabca000 	C:\Windows\system32\mswsock.dll
0x00007ff8975e0000 - 0x00007ff8975f5000 	C:\Users\jumpe\.vscode\extensions\redhat.java-1.11.0-win32-x64\jre\17.0.4.1-win32-x86_64\bin\nio.dll
0x00007ff8b4400000 - 0x00007ff8b4410000 	c:\Users\jumpe\.vscode\extensions\redhat.java-1.11.0-win32-x64\jre\17.0.4.1-win32-x86_64\bin\verify.dll
0x00007ff86cab0000 - 0x00007ff86caee000 	C:\Users\jumpe\AppData\Roaming\Code\User\globalStorage\redhat.java\1.11.0\config_win\org.eclipse.equinox.launcher\org.eclipse.equinox.launcher.win32.win32.x86_64_1.2.600.v20220720-1916\eclipse_11700.dll
0x00007ff8dca80000 - 0x00007ff8dcbaa000 	C:\Windows\System32\ole32.dll
0x00007ff8dad50000 - 0x00007ff8dad68000 	C:\Windows\SYSTEM32\CRYPTSP.dll
0x00007ff8da410000 - 0x00007ff8da444000 	C:\Windows\system32\rsaenh.dll
0x00007ff8db680000 - 0x00007ff8db6a7000 	C:\Windows\System32\bcrypt.dll
0x00007ff8db2a0000 - 0x00007ff8db2ce000 	C:\Windows\SYSTEM32\USERENV.dll
0x00007ff8dad70000 - 0x00007ff8dad7c000 	C:\Windows\SYSTEM32\CRYPTBASE.dll
0x00007ff8da800000 - 0x00007ff8da83b000 	C:\Windows\SYSTEM32\IPHLPAPI.DLL
0x00007ff8dc8e0000 - 0x00007ff8dc8e8000 	C:\Windows\System32\NSI.dll
0x00007ff8d44a0000 - 0x00007ff8d44b7000 	C:\Windows\SYSTEM32\dhcpcsvc6.DLL
0x00007ff8d48d0000 - 0x00007ff8d48ed000 	C:\Windows\SYSTEM32\dhcpcsvc.DLL
0x00007ff8da850000 - 0x00007ff8da91a000 	C:\Windows\SYSTEM32\DNSAPI.dll
0x00007ff897500000 - 0x00007ff897544000 	C:\Users\jumpe\AppData\Local\Temp\jna-101487095\jna16244343453033939984.dll
0x00007ff8c8ff0000 - 0x00007ff8c9017000 	C:\Users\jumpe\.gradle\native\e1d6ef7f7dcc3fd88c89a11ec53ec762bb8ba0a96d01ffa2cd45eb1d1d8dd5c5\windows-amd64\native-platform.dll
0x00007ff8d7800000 - 0x00007ff8d7809000 	C:\Users\jumpe\.vscode\extensions\redhat.java-1.11.0-win32-x64\jre\17.0.4.1-win32-x86_64\bin\management.dll
0x00007ff8d77c0000 - 0x00007ff8d77cb000 	C:\Users\jumpe\.vscode\extensions\redhat.java-1.11.0-win32-x64\jre\17.0.4.1-win32-x86_64\bin\management_ext.dll

dbghelp: loaded successfully - version: 4.0.5 - missing functions: none
symbol engine: initialized successfully - sym options: 0x614 - pdb path: .;c:\Users\jumpe\.vscode\extensions\redhat.java-1.11.0-win32-x64\jre\17.0.4.1-win32-x86_64\bin;C:\Windows\SYSTEM32;C:\Windows\WinSxS\amd64_microsoft.windows.common-controls_6595b64144ccf1df_6.0.19041.1110_none_60b5254171f9507e;c:\Users\jumpe\.vscode\extensions\redhat.java-1.11.0-win32-x64\jre\17.0.4.1-win32-x86_64\bin\server;C:\Users\jumpe\AppData\Roaming\Code\User\globalStorage\redhat.java\1.11.0\config_win\org.eclipse.equinox.launcher\org.eclipse.equinox.launcher.win32.win32.x86_64_1.2.600.v20220720-1916;C:\Users\jumpe\AppData\Local\Temp\jna-101487095;C:\Users\jumpe\.gradle\native\e1d6ef7f7dcc3fd88c89a11ec53ec762bb8ba0a96d01ffa2cd45eb1d1d8dd5c5\windows-amd64

VM Arguments:
jvm_args: --add-modules=ALL-SYSTEM --add-opens=java.base/java.util=ALL-UNNAMED --add-opens=java.base/java.lang=ALL-UNNAMED --add-opens=java.base/sun.nio.fs=ALL-UNNAMED -Declipse.application=org.eclipse.jdt.ls.core.id1 -Dosgi.bundles.defaultStartLevel=4 -Declipse.product=org.eclipse.jdt.ls.core.product -Djava.import.generatesMetadataFilesAtProjectRoot=false -Dfile.encoding=utf8 -DwatchParentProcess=false -XX:+UseParallelGC -XX:GCTimeRatio=4 -XX:AdaptiveSizePolicyWeight=90 -Dsun.zip.disableMemoryMapping=true -Xmx1G -Xms100m -Xlog:disable -javaagent:c:\Users\jumpe\.vscode\extensions\redhat.java-1.11.0-win32-x64\lombok\lombok-1.18.24.jar -XX:+HeapDumpOnOutOfMemoryError -XX:HeapDumpPath=c:\Users\jumpe\AppData\Roaming\Code\User\workspaceStorage\bc5678688899ec28ec23f289d8898fe4\redhat.java 
java_command: c:\Users\jumpe\.vscode\extensions\redhat.java-1.11.0-win32-x64\server\plugins\org.eclipse.equinox.launcher_1.6.400.v20210924-0641.jar -configuration c:\Users\jumpe\AppData\Roaming\Code\User\globalStorage\redhat.java\1.11.0\config_win -data c:\Users\jumpe\AppData\Roaming\Code\User\workspaceStorage\bc5678688899ec28ec23f289d8898fe4\redhat.java\jdt_ws
java_class_path (initial): c:\Users\jumpe\.vscode\extensions\redhat.java-1.11.0-win32-x64\server\plugins\org.eclipse.equinox.launcher_1.6.400.v20210924-0641.jar
Launcher Type: SUN_STANDARD

[Global flags]
    uintx AdaptiveSizePolicyWeight                 = 90                                        {product} {command line}
     intx CICompilerCount                          = 4                                         {product} {ergonomic}
    uintx GCTimeRatio                              = 4                                         {product} {command line}
     bool HeapDumpOnOutOfMemoryError               = true                                   {manageable} {command line}
    ccstr HeapDumpPath                             = c:\Users\jumpe\AppData\Roaming\Code\User\workspaceStorage\bc5678688899ec28ec23f289d8898fe4\redhat.java         {manageable} {command line}
   size_t InitialHeapSize                          = 104857600                                 {product} {command line}
   size_t MaxHeapSize                              = 1073741824                                {product} {command line}
   size_t MaxNewSize                               = 357564416                                 {product} {ergonomic}
   size_t MinHeapDeltaBytes                        = 524288                                    {product} {ergonomic}
   size_t MinHeapSize                              = 104857600                                 {product} {command line}
   size_t NewSize                                  = 34603008                                  {product} {ergonomic}
    uintx NonNMethodCodeHeapSize                   = 5839372                                {pd product} {ergonomic}
    uintx NonProfiledCodeHeapSize                  = 122909434                              {pd product} {ergonomic}
   size_t OldSize                                  = 70254592                                  {product} {ergonomic}
    uintx ProfiledCodeHeapSize                     = 122909434                              {pd product} {ergonomic}
    uintx ReservedCodeCacheSize                    = 251658240                              {pd product} {ergonomic}
     bool SegmentedCodeCache                       = true                                      {product} {ergonomic}
   size_t SoftMaxHeapSize                          = 1073741824                             {manageable} {ergonomic}
     bool UseCompressedClassPointers               = true                           {product lp64_product} {ergonomic}
     bool UseCompressedOops                        = true                           {product lp64_product} {ergonomic}
     bool UseLargePagesIndividualAllocation        = false                                  {pd product} {ergonomic}
     bool UseParallelGC                            = true                                      {product} {command line}

Logging:
Log output configuration:
 #0: stdout all=off uptime,level,tags
 #1: stderr all=off uptime,level,tags

Environment Variables:
JAVA_HOME=C:\Program Files\Java\jdk-11.0.16.101-hotspot
CLASSPATH=.;
PATH=C:\Program Files\Java\jdk-11.0.16.101-hotspot\bin;C:\Python39\Scripts\;C:\Python39\;C:\Windows\system32;C:\Windows;C:\Windows\System32\Wbem;C:\Windows\System32\WindowsPowerShell\v1.0\;C:\Windows\System32\OpenSSH\;C:\Program Files\Git\cmd;C:\ProgramData\chocolatey\bin;C:\Program Files\Java\jdk1.8.0_211\bin;C:\Program Files (x86)\Yarn\bin\;C:\Program Files\Microsoft SQL Server\150\Tools\Binn\;C:\Program Files\Microsoft SQL Server\Client SDK\ODBC\170\Tools\Binn\;C:\Program Files (x86)\Microsoft SQL Server\150\Tools\Binn\;C:\Program Files\Microsoft SQL Server\150\DTS\Binn\;C:\Program Files (x86)\IVI Foundation\VISA\WinNT\Bin\;C:\Program Files\IVI Foundation\VISA\Win64\Bin\;C:\Program Files (x86)\National Instruments\Shared\LabVIEW CLI;C:\Program Files (x86)\IVI Foundation\VISA\WinNT\Bin;%NVM_HOME%;%NVM_SYMLINK%;C:\Users\jumpe\AppData\Local\Programs\Python\Python310\Scripts\;C:\Users\jumpe\AppData\Local\Programs\Python\Python310\;C:\Users\jumpe\AppData\Local\Microsoft\WindowsApps;C:\Users\jumpe\AppData\Local\Programs\Microsoft VS Code\bin;C:\Users\jumpe\AppData\Local\Android\Sdk\platform-tools;C:\Users\jumpe\AppData\Local\Yarn\bin;C:\Users\jumpe\AppData\Roaming\npm;C:\Program Files\Azure Data Studio\bin;C:\Program Files\heroku\bin;C:\Program Files\PostgreSQL\13\bin;C:\Users\jumpe\AppData\Roaming\nvm;C:\Program Files\nodejs
USERNAME=jumpe
OS=Windows_NT
PROCESSOR_IDENTIFIER=Intel64 Family 6 Model 142 Stepping 12, GenuineIntel
TMP=C:\Users\jumpe\AppData\Local\Temp
TEMP=C:\Users\jumpe\AppData\Local\Temp



---------------  S Y S T E M  ---------------

OS:
 Windows 10 , 64 bit Build 19041 (10.0.19041.1889)
OS uptime: 0 days 19:02 hours

CPU: total 8 (initial active 8) (4 cores per cpu, 2 threads per core) family 6 model 142 stepping 12 microcode 0xea, cx8, cmov, fxsr, ht, mmx, 3dnowpref, sse, sse2, sse3, ssse3, sse4.1, sse4.2, popcnt, lzcnt, tsc, tscinvbit, avx, avx2, aes, erms, clmul, bmi1, bmi2, adx, fma, vzeroupper, clflush, clflushopt

Memory: 4k page, system-wide physical 24291M (6595M free)
TotalPageFile size 24291M (AvailPageFile size 125M)
current process WorkingSet (physical memory assigned to process): 275M, peak: 350M
current process commit charge ("private bytes"): 348M, peak: 428M

vm_info: OpenJDK 64-Bit Server VM (17.0.4.1+1) for windows-amd64 JRE (17.0.4.1+1), built on Aug 17 2022 07:42:43 by "temurin" with MS VC++ 16.7 (VS2019)

END.
